http://gestion.planeterenault.com/dolibarr/htdocs/admin/tools/update.php [[32m200[0m] [[35m12610[0m] [[36mIdentifiant @ 6.0.3[0m]
http://gestion.planeterenault.com/dolibarr/htdocs/admin/system/modules.php [[32m200[0m] [[35m12061[0m] [[36mIdentifiant @ 6.0.3[0m]
http://gestion.planeterenault.com/dolibarr/htdocs/admin/const.php [[32m200[0m] [[35m7578[0m] [[36mIdentifiant @ 6.0.3[0m]
http://gestion.planeterenault.com/dolibarr/htdocs/admin/tools/index.php [[32m200[0m] [[35m11703[0m] [[36mIdentifiant @ 6.0.3[0m]
http://gestion.planeterenault.com/dolibarr/htdocs/admin/delais.php [[32m200[0m] [[35m7395[0m] [[36mIdentifiant @ 6.0.3[0m]
http://gestion.planeterenault.com/dolibarr/htdocs/admin/modules.php [[32m200[0m] [[35m11437[0m] [[36mIdentifiant @ 6.0.3[0m]
http://gestion.planeterenault.com/dolibarr/htdocs/admin/company.php [[32m200[0m] [[35m12230[0m] [[36mIdentifiant @ 6.0.3[0m]
https://openx3.planeterenault.com/www/admin/assets/images/icon-zone-w.gif [[31m404[0m] [[35m0[0m] [[36m[0m]
http://gestion.planeterenault.com/dolibarr/htdocs/admin/perms.php [[32m200[0m] [[35m12279[0m] [[36mIdentifiant @ 6.0.3[0m]
http://gestion.planeterenault.com/dolibarr/htdocs/compta/bank/account.php [[32m200[0m] [[35m12295[0m] [[36mIdentifiant @ 6.0.3[0m]
http://gestion.planeterenault.com/dolibarr/htdocs/admin/index.php [[32m200[0m] [[35m11914[0m] [[36mIdentifiant @ 6.0.3[0m]
http://openx3.planeterenault.com/www/admin/assets/images/arrow-left-disabled.gif [[31m404[0m] [[35m196[0m] [[36m404 Not Found[0m]
https://openx3.planeterenault.com/www/admin/assets/images/indicator-blue-small.gif [[31m404[0m] [[35m0[0m] [[36m[0m]
https://openx3.planeterenault.com/www/admin/assets/images/indicator.gif [[31m404[0m] [[35m0[0m] [[36m[0m]
https://openx3.planeterenault.com/www/admin/assets/images/information.gif [[31m404[0m] [[35m0[0m] [[36m[0m]
https://openx3.planeterenault.com/www/admin/assets/images/indicator-blue-small-transparent.gif [[31m404[0m] [[35m0[0m] [[36m[0m]
https://openx3.planeterenault.com/www/admin/assets/images/info.gif [[31m404[0m] [[35m0[0m] [[36m[0m]
http://openx3.planeterenault.com/www/admin/assets/images/header-dropdown-right.gif [[31m404[0m] [[35m196[0m] [[36m404 Not Found[0m]
http://openx3.planeterenault.com/www/admin/assets/images/icon-acl.gif [[31m404[0m] [[35m196[0m] [[36m404 Not Found[0m]
http://openx3.planeterenault.com/www/admin/assets/images/icon-advertiser.gif [[31m404[0m] [[35m196[0m] [[36m404 Not Found[0m]
http://openx3.planeterenault.com/www/admin/assets/images/icon-affiliate.gif [[31m404[0m] [[35m196[0m] [[36m404 Not Found[0m]
http://openx3.planeterenault.com/www/admin/assets/images/icon-back.gif [[31m404[0m] [[35m196[0m] [[36m404 Not Found[0m]
http://openx3.planeterenault.com/www/admin/assets/images/icon-campaign.gif [[31m404[0m] [[35m196[0m] [[36m404 Not Found[0m]
http://openx3.planeterenault.com/www/admin/assets/images/icon-checkmark.gif [[31m404[0m] [[35m196[0m] [[36m404 Not Found[0m]
http://openx3.planeterenault.com/www/admin/assets/images/icon-cross-d.gif [[31m404[0m] [[35m196[0m] [[36m404 Not Found[0m]
http://openx3.planeterenault.com/www/admin/assets/images/icon-cross.gif [[31m404[0m] [[35m196[0m] [[36m404 Not Found[0m]
https://openx3.planeterenault.com/www/admin/assets/images/section-lead-in-plain.gif [[31m404[0m] [[35m0[0m] [[36m[0m]
http://openx3.planeterenault.com/www/admin/assets/images/icon-date.gif [[31m404[0m] [[35m196[0m] [[36m404 Not Found[0m]
http://openx3.planeterenault.com/www/admin/assets/images/arrow-left.gif [[31m404[0m] [[35m196[0m] [[36m404 Not Found[0m]
http://openx3.planeterenault.com/www/admin/assets/images/icon-edit-disabled.gif [[31m404[0m] [[35m196[0m] [[36m404 Not Found[0m]
https://openx3.planeterenault.com/www/admin/assets/images/tab-lead-in.gif [[31m404[0m] [[35m0[0m] [[36m[0m]
https://openx3.planeterenault.com/www/admin/assets/images/tab-lead-out.gif [[31m404[0m] [[35m0[0m] [[36m[0m]
http://openx3.planeterenault.com/www/admin/assets/images/icon-edit.gif [[31m404[0m] [[35m196[0m] [[36m404 Not Found[0m]
https://openx3.planeterenault.com/www/admin/assets/images/tab-body.gif [[31m404[0m] [[35m0[0m] [[36m[0m]
http://openx3.planeterenault.com/www/admin/assets/images/arrow-right-disabled.gif [[31m404[0m] [[35m196[0m] [[36m404 Not Found[0m]
http://openx3.planeterenault.com/www/admin/assets/images/icon-help.gif [[31m404[0m] [[35m196[0m] [[36m404 Not Found[0m]
https://openx3.planeterenault.com/www/admin/assets/images/tab-link.gif [[31m404[0m] [[35m0[0m] [[36m[0m]
http://openx3.planeterenault.com/www/admin/assets/images/icon-magnifying-glass.gif [[31m404[0m] [[35m196[0m] [[36m404 Not Found[0m]
https://openx3.planeterenault.com/www/admin/assets/images/table-bg.gif [[31m404[0m] [[35m0[0m] [[36m[0m]
https://openx3.planeterenault.com/www/admin/assets/images/wrench.gif [[31m404[0m] [[35m0[0m] [[36m[0m]
https://openx3.planeterenault.com/www/admin/assets/images/section-lead-in.gif [[31m404[0m] [[35m0[0m] [[36m[0m]
https://openx3.planeterenault.com/www/admin/assets/js/jscalendar/menuarrow.gif [[31m404[0m] [[35m0[0m] [[36m[0m]
https://openx3.planeterenault.com/www/admin/assets/min.php?g=oxp-css-ltr&v=4.0.2 [[31m404[0m] [[35m0[0m] [[36m[0m]
https://openx3.planeterenault.com/www/admin/index.php [[31m404[0m] [[35m0[0m] [[36m[0m]
https://openx3.planeterenault.com/www/admin/assets/images/section-link.gif [[31m404[0m] [[35m0[0m] [[36m[0m]
https://openx3.planeterenault.com/www/admin/assets/images/tick.gif [[31m404[0m] [[35m0[0m] [[36m[0m]
https://openx3.planeterenault.com/www/admin/assets/min.php?g=oxp-js&v=4.0.2 [[31m404[0m] [[35m0[0m] [[36m[0m]
http://gestion.planeterenault.com/dolibarr/htdocs/admin/system/index.php [[32m200[0m] [[35m12610[0m] [[36mIdentifiant @ 6.0.3[0m]
http://openx3.planeterenault.com/www/admin/assets/images/icon-recycle.gif [[31m404[0m] [[35m196[0m] [[36m404 Not Found[0m]
http://openx3.planeterenault.com/www/admin/assets/images/icon-targeting-channel-add-large.gif [[31m404[0m] [[35m196[0m] [[36m404 Not Found[0m]
http://openx3.planeterenault.com/www/admin/assets/images/icon-x.gif [[31m404[0m] [[35m196[0m] [[36m404 Not Found[0m]
http://openx3.planeterenault.com/www/admin/assets/images/icon-warning.gif [[31m404[0m] [[35m196[0m] [[36m404 Not Found[0m]
http://openx3.planeterenault.com/www/admin/assets/images/icon-zone-linked.gif [[31m404[0m] [[35m196[0m] [[36m404 Not Found[0m]
https://openx3.planeterenault.com/www/admin/assets/images/section-lead-out.gif [[31m404[0m] [[35m0[0m] [[36m[0m]
http://openx3.planeterenault.com/www/admin/assets/images/arrowwh-d.gif [[31m404[0m] [[35m196[0m] [[36m404 Not Found[0m]
http://openx3.planeterenault.com/www/admin/assets/images/break-el.gif [[31m404[0m] [[35m196[0m] [[36m404 Not Found[0m]
http://openx3.planeterenault.com/www/admin/assets/images/arrow-right.gif [[31m404[0m] [[35m196[0m] [[36m404 Not Found[0m]
http://openx3.planeterenault.com/www/admin/assets/images/dropdown-left.gif [[31m404[0m] [[35m196[0m] [[36m404 Not Found[0m]
http://openx3.planeterenault.com/www/admin/assets/images/button-navigation.gif [[31m404[0m] [[35m196[0m] [[36m404 Not Found[0m]
http://openx3.planeterenault.com/www/admin/assets/images/cross.gif [[31m404[0m] [[35m196[0m] [[36m404 Not Found[0m]
http://openx3.planeterenault.com/www/admin/assets/images/arrow-u.gif [[31m404[0m] [[35m196[0m] [[36m404 Not Found[0m]
http://openx3.planeterenault.com/www/admin/assets/images/background-gradient.gif [[31m404[0m] [[35m196[0m] [[36m404 Not Found[0m]
http://openx3.planeterenault.com/www/admin/assets/images/dropdown-right.gif [[31m404[0m] [[35m196[0m] [[36m404 Not Found[0m]
http://openx3.planeterenault.com/www/admin/assets/images/favicon.ico [[31m404[0m] [[35m196[0m] [[36m404 Not Found[0m]
http://openx3.planeterenault.com/www/admin/assets/images/header-background.gif [[31m404[0m] [[35m196[0m] [[36m404 Not Found[0m]
http://openx3.planeterenault.com/www/admin/assets/images/header-dropdown-left.gif [[31m404[0m] [[35m196[0m] [[36m404 Not Found[0m]
http://openx3.planeterenault.com/www/admin/assets/images/errormessage.gif [[31m404[0m] [[35m196[0m] [[36m404 Not Found[0m]
https://openx3.planeterenault.com/www/admin/assets/images/indent.gif [[31m404[0m] [[35m0[0m] [[36m[0m]
https://openx3.planeterenault.com/www/admin/assets/images/icon-zoom.gif [[31m404[0m] [[35m0[0m] [[36m[0m]
https://openx3.planeterenault.com/www/admin/assets/images/section-body.gif [[31m404[0m] [[35m0[0m] [[36m[0m]
https://openx3.planeterenault.com/www/admin/assets/images/plugin_delete.gif [[31m404[0m] [[35m0[0m] [[36m[0m]
https://openx3.planeterenault.com/www/admin/assets/images/message.gif [[31m404[0m] [[35m0[0m] [[36m[0m]
https://openx3.planeterenault.com/www/admin/assets/images/pencil.gif [[31m404[0m] [[35m0[0m] [[36m[0m]
http://openx3.planeterenault.com/www/admin/assets/images/indicator-blue-big.gif [[31m404[0m] [[35m196[0m] [[36m404 Not Found[0m]
http://openx3.planeterenault.com/www/admin/assets/images/icon-zone.gif [[31m404[0m] [[35m196[0m] [[36m404 Not Found[0m]
http://openx3.planeterenault.com/www/admin/assets/images/login-welcome.gif [[31m404[0m] [[35m196[0m] [[36m404 Not Found[0m]
http://openx3.planeterenault.com/www/admin/assets/images/ltr/go_blue.gif [[31m404[0m] [[35m196[0m] [[36m404 Not Found[0m]
http://openx3.planeterenault.com/www/admin/assets/images/message-arrow-d.gif [[31m404[0m] [[35m196[0m] [[36m404 Not Found[0m]
