http://blogs.planeterenault.com/4bslaff0b/pngfix.js
http://blogs.planeterenault.com/bernie35/pngfix.js
http://blogs.planeterenault.com/blog/2008/09/27/creez-gratuitement-votre-blog-sur-planete-renault/pngfix.js
http://blogs.planeterenault.com/blog/2008/09/pngfix.js
http://blogs.planeterenault.com/blog/category/non-classe/pngfix.js
http://blogs.planeterenault.com/blog/tag/automobile/pngfix.js
http://blogs.planeterenault.com/blog/tag/blog/pngfix.js
http://blogs.planeterenault.com/blog/tag/creation/pngfix.js
http://blogs.planeterenault.com/blog/tag/gratuit/pngfix.js
http://blogs.planeterenault.com/blog/tag/moteur-de-recherche/pngfix.js
http://blogs.planeterenault.com/blog/tag/multi-blog/pngfix.js
http://blogs.planeterenault.com/blog/tag/multiblog/pngfix.js
http://blogs.planeterenault.com/blog/tag/planete/pngfix.js
http://blogs.planeterenault.com/blog/tag/renault/pngfix.js
http://blogs.planeterenault.com/cano197211/2012/10/31/fan-renault-orne-recherche-photo-documents/pngfix.js
http://blogs.planeterenault.com/cano197211/2012/11/26/recherche-alpine-a-vendre/pngfix.js
http://blogs.planeterenault.com/cano197211/a-310/pngfix.js
http://blogs.planeterenault.com/cano197211/category/non-classe/pngfix.js
http://blogs.planeterenault.com/cano197211/pngfix.js
http://blogs.planeterenault.com/cartercylindre/pngfix.js
http://blogs.planeterenault.com/donatotwizy/a-propos/pngfix.js
http://blogs.planeterenault.com/donatotwizy/category/non-classe/pngfix.js
http://blogs.planeterenault.com/donatotwizy/pngfix.js
http://blogs.planeterenault.com/humeursautomobile/2013/06/06/le-prochain-espace-5-sera-un-suv-non-sans-blague/pngfix.js
http://blogs.planeterenault.com/humeursautomobile/category/non-classe/pngfix.js
http://blogs.planeterenault.com/humeursautomobile/pngfix.js
http://blogs.planeterenault.com/justatest12345/2012/09/05/testing/pngfix.js
http://blogs.planeterenault.com/justatest12345/2012/09/pngfix.js
http://blogs.planeterenault.com/justatest12345/a-propos/pngfix.js
http://blogs.planeterenault.com/justatest12345/category/testing/pngfix.js
http://blogs.planeterenault.com/justatest12345/pngfix.js
http://blogs.planeterenault.com/kiekefretters/pngfix.js
http://blogs.planeterenault.com/meganecoupe59/2011/07/29/vel-satis-ii/pngfix.js
http://blogs.planeterenault.com/meganecoupe59/pngfix.js
http://blogs.planeterenault.com/morgana59228/pngfix.js
http://blogs.planeterenault.com/pngfix.js
http://blogs.planeterenault.com/renaultco/pngfix.js
http://blogs.planeterenault.com/securiteroutiere/pngfix.js
http://blogs.planeterenault.com/taxi/pngfix.js
http://blogs.planeterenault.com/turbodxman/pngfix.js
http://forum.planeterenault.com:80/templates/multiquote.js
http://forum.planeterenault.com:80/templates/quick_edit.js
http://itii.planeterenault.com:80/menu/mm_menu.js
http://openx3.planeterenault.com/www/delivery/fl.js
http://piecesauto.planeterenault.com/js/fancybox/jquery.fancybox-1.3.4.js
http://piecesauto.planeterenault.com/js/frontend/general.js
http://piecesauto.planeterenault.com/js/frontend/piecesauto.js?20130424
http://piecesauto.planeterenault.com/js/frontend/visionneuse.js
http://piecesauto.planeterenault.com/js/jquery.js
https://www.planeterenault.com/bidmanager.js
https://www.planeterenault.com/events.js
https://www.planeterenault.com/files/templates/planetedacia7/js/launch.js?id=12
https://www.planeterenault.com/files/templates/planetedacia7/js/launch.js?id=14
https://www.planeterenault.com/files/templates/planeterenault7/js/bidmanager.js
https://www.planeterenault.com/files/templates/planeterenault7/js/events.js
https://www.planeterenault.com/files/templates/planeterenault7/js/jquery-3.1.1.slim.min.js
https://www.planeterenault.com/files/templates/planeterenault7/js/jquery.easytabs.min.js
https://www.planeterenault.com/files/templates/planeterenault7/js/jquery-migrate-1.2.1.min.js
https://www.planeterenault.com/files/templates/planeterenault7/js/launch.js
https://www.planeterenault.com/files/templates/planeterenault7/js/launch.js?id=12
https://www.planeterenault.com/files/templates/planeterenault7/js/launch.js?id=14
https://www.planeterenault.com/files/templates/planeterenault7/js/launch.js?id=15
https://www.planeterenault.com/files/templates/planeterenault7/js/launch.js?id=3
https://www.planeterenault.com/files/templates/planeterenault7/js/prebid2.23.0.js
https://www.planeterenault.com/files/templates/planeterenault7/js/prebid4.17.0.js
https://www.planeterenault.com/files/templates/planeterenault7/js/prebid.js
https://www.planeterenault.com/files/templates/planeterenault7/js/slick/slick.min.js
https://www.planeterenault.com/files/templates/planeterenault7/js/tether.min.js
https://www.planeterenault.com/files/templates/planeterenault7/js/trk.js
https://www.planeterenault.com/forum/templates/planeterenault7/js/common.js
https://www.planeterenault.com/forum/templates/planeterenault7/js/common.js?id=1
https://www.planeterenault.com/forum/templates/planeterenault7/js/lazysizes.min.js
https://www.planeterenault.com/forum/templates/planeterenault7/js/video.js
https://www.planeterenault.com/kompagnion.js
https://www.planeterenault.com/l/cs_all.js
https://www.planeterenault.com/load.js
https://www.planeterenault.com/nadz-sdk.js
https://www.planeterenault.com/pip-sdk.js
https://www.planeterenault.com/prebid.js
https://www.planeterenault.com/pubvendors2.json
https://www.planeterenault.com/pubvendors.json
https://www.planeterenault.com/SpotX%20Outstream%20Video%20Ad%20via%20Prebid.js
https://www.planeterenault.com/.well-known/ai-plugin.json
https://www.planeterenault.com/.well-known/assetlinks.json
https://www.planeterenault.com/.well-known/gpc.json
http://www.gps-carminat.planeterenault.com/cn1.js
http://www.gps-carminat.planeterenault.com/lmpres70.js
http://www.gps-carminat.planeterenault.com/menumodel002.js
http://www.planeterenault.com:80/admin/stats/php-stats.js.php?view=off
http://www.planeterenault.com:80/forum/templates/multiquote.js
http://www.planeterenault.com:80/forum/templates/quick_edit.js
http://www.planeterenault.com/alsw.min.js?uuid=
http://www.planeterenault.com/b.js
http://www.planeterenault.com/brain.js
http://www.planeterenault.com/files/templates/default5/js/jquery-1.4.2.min.js
http://www.planeterenault.com/files/templates/default5/js/jquery.fancybox-1.3.1/fancybox/jquery.fancybox-1.3.1.pack.js
http://www.planeterenault.com/files/templates/default5/js/jquery.jcarousel.min.js
http://www.planeterenault.com/files/templates/default5/js/launchJquery.js?id=4
http://www.planeterenault.com/files/templates/default5/js/launchJquery.js?id=5
http://www.planeterenault.com/files/templates/default5/js/launchJquery.js?id=6
http://www.planeterenault.com/files/templates/default5/js/nivoslider.pack1_.9/jquery.nivo.slider.pack.js
http://www.planeterenault.com/files/templates/default5/js/zoomer.js?id=1
http://www.planeterenault.com/files/templates/default/js/ContentFlow/contentflow.js
http://www.planeterenault.com/files/templates/default/js/head.min.js?id=1
http://www.planeterenault.com/files/templates/default/js/jquery-1.4.2.min.js
http://www.planeterenault.com/files/templates/default/js/jquery.fancybox-1.3.1/fancybox/jquery.easing-1.3.pack.js
http://www.planeterenault.com/files/templates/default/js/jquery.fancybox-1.3.1/fancybox/jquery.fancybox-1.3.1.pack.js
http://www.planeterenault.com/files/templates/default/js/jquery.fancybox-1.3.1/fancybox/jquery.mousewheel-3.0.2.pack.js
http://www.planeterenault.com/files/templates/default/js/jquery.jcarousel.min.js
http://www.planeterenault.com/files/templates/default/js/jquery.jcarousel.pack.js
http://www.planeterenault.com/files/templates/default/js/jquery.lazyload-ad-1.4.min.js
http://www.planeterenault.com/files/templates/default/js/launchJquery.js
http://www.planeterenault.com/files/templates/default/js/launchJquery.js?id=3
http://www.planeterenault.com/files/templates/default/js/launchJquery.js?id=4
http://www.planeterenault.com/files/templates/default/js/nivoslider.pack1_.9/jquery.nivo.slider.pack.js
http://www.planeterenault.com/files/templates/default/js/zoomer.js?id=1
http://www.planeterenault.com/files/templates/planeterenault5/highslide/highslide.js
http://www.planeterenault.com/files/templates/planeterenault5/js/calculPage.js
http://www.planeterenault.com/files/templates/planeterenault5/js/javascript.js
http://www.planeterenault.com/files/templates/planeterenault6/js/ContentFlow/contentflow.js
http://www.planeterenault.com/files/templates/planeterenault6/js/javascript.js
http://www.planeterenault.com/files/templates/planeterenault6/js/jquery-1.4.2.min.js
http://www.planeterenault.com/files/templates/planeterenault6/js/jquery.fancybox-1.3.1/fancybox/jquery.easing-1.3.pack.js
http://www.planeterenault.com/files/templates/planeterenault6/js/jquery.fancybox-1.3.1/fancybox/jquery.fancybox-1.3.1.pack.js
http://www.planeterenault.com/files/templates/planeterenault6/js/jquery.fancybox-1.3.1/fancybox/jquery.mousewheel-3.0.2.pack.js
http://www.planeterenault.com/files/templates/planeterenault6/js/jquery.jcarousel.pack.js
http://www.planeterenault.com/files/templates/planeterenault6/js/launchJquery.js
http://www.planeterenault.com/files/templates/planeterenault6/js/nivoslider.pack1_.9/jquery.nivo.slider.pack.js
http://www.planeterenault.com/forum/lightbox/js/effects.js
http://www.planeterenault.com/forum/lightbox/js/lightbox.js
http://www.planeterenault.com/forum/lightbox/js/prototype.js
http://www.planeterenault.com/forum/lightbox/js/scriptaculous.js?load=effects
http://www.planeterenault.com/forum/templates/planeterenault6/js/common.js?id=1
http://www.planeterenault.com/forum/templates/planeterenault6/js/common.js?id=2
http://www.planeterenault.com/forum/templates/planeterenault6/js/fancybox/lib/jquery.mousewheel-3.0.6.pack.js
http://www.planeterenault.com/forum/templates/planeterenault6/js/fancybox/source/jquery.fancybox.pack.js?v=2.1.5
http://www.planeterenault.com/forum/templates/planeterenault6/js/jcarousellite_1.0.1.min.js
http://www.planeterenault.com/forum/templates/planeterenault6/js/jquery.fancybox-1.3.1/fancybox/jquery.fancybox-1.3.1.pack.js
http://www.planeterenault.com/forum/templates/planeterenault6/js/video.js?id=1
http://www.planeterenault.com/forum/templates/planeterenault7/js/libs_popper_1.12.9_umd_popper.min.js
http://www.planeterenault.com/forum/templates/planeterenault7/js/video.js?id=1
http://www.planeterenault.com/forum/templates/subSilver/js/header.js
http://www.planeterenault.com/forum/templates/subSilver/tiny_mce_config.js
http://www.planeterenault.com/forum/templates/subSilver/tiny_mce/langs/en.js
http://www.planeterenault.com/forum/templates/subSilver/tiny_mce/plugins/bbcode/editor_plugin.js
http://www.planeterenault.com/forum/templates/subSilver/tiny_mce/themes/advanced/editor_template.js
http://www.planeterenault.com/forum/templates/subSilver/tiny_mce/themes/advanced/langs/en.js
http://www.planeterenault.com/forum/templates/subSilver/tiny_mce/tiny_mce.js
http://www.planeterenault.com/include/highslide/highslide.js
http://www.planeterenault.com/include/javascript.js
http://www.planeterenault.com/loader/st_0.js?cachebuster=
http://www.planeterenault.com/main.js
http://www.planeterenault.com/notice.js
http://www.planeterenault.com/o/config.json
http://www.planeterenault.com/pagespeed.js
http://www.planeterenault.com/pip_campaign/campaigns2.json
http://www.planeterenault.com/scripts/adsblocker.js
http://www.planeterenault.com/serviceworker.js
http://www.planeterenault.com/serviceworker.js?v=
http://www.planeterenault.com/st_0.js?cachebuster=
http://www.planeterenault.com/templateoptinboxedgeemercant.js
http://www.planeterenault.com/templateoptinboxedgepublisherv1.js
http://www.planeterenault.com/trk.js
