http://itii.planeterenault.com:80/cv/Cv%20Cyril%20LLORENS.doc
http://itii.planeterenault.com:80/cv/cv%20David%20DEMAREST.doc
http://itii.planeterenault.com:80/cv/Cv_william_viard_2003.pdf
http://renaultime.planeterenault.com:80/cv_gael.ferriere.pdf
https://www.planeterenault.com/UserFiles/files/13807_Cascade_Clio_RS.pdf
https://www.planeterenault.com/UserFiles/files/doc/2%20Caract%C3%A9ristiques%20techniques%20Nouveau%20Renault%20ZOE.pdf
https://www.planeterenault.com/UserFiles/files/doc/Clio2016-gamme.pdf
https://www.planeterenault.com/UserFiles/files/doc/Clio4-2016-prix.pdf
https://www.planeterenault.com/UserFiles/files/doc/Dimensions.pdf
https://www.planeterenault.com/UserFiles/files/doc/Gamme%20Nouveau%20Captur2019.pdf
https://www.planeterenault.com/UserFiles/photos/hd/byIdArticle/thumb/10154/21224887_Groupe_Renault_le_v_hicule_utilitaire_entre_dans_une_nouvelle_dimension.doc
http://www.planeterenault.com:80/photos/fichiers/5087_Descriptif_Clio_V6_internet_vf_version2.pdf
http://www.planeterenault.com:80/photos/news/6893_Cp_TST_FR.pdf
http://www.planeterenault.com:80/UserFiles/files/association/Notice.pdf
http://www.planeterenault.com:80/UserFiles/files/doc/14089_NOUVELLELAGUNA_Tarifs_05_01_2009.pdf
http://www.planeterenault.com:80/UserFiles/files/doc/17716_NOUVELLEMEGANEBERLINE_Tarifs_05_01_2009.pdf
http://www.planeterenault.com:80/UserFiles/files/doc/19408_CARACTERISTIQUES_CLIOBERLINEESTATE.pdf
http://www.planeterenault.com:80/UserFiles/files/doc/7389_MODUSGRANDMODUS_Tarifs_05_01_2009.pdf
http://www.planeterenault.com:80/UserFiles/files/doc/CARAC_SANDERO_FR.pdf
http://www.planeterenault.com:80/UserFiles/files/doc/Caracteristiques.pdf
http://www.planeterenault.com:80/UserFiles/files/doc/Caracteristiques_Techniques_mcv.pdf
http://www.planeterenault.com:80/UserFiles/files/doc/Carac_twingo_DEC2008_FR_1_.pdf
http://www.planeterenault.com:80/UserFiles/files/doc/ebrochure-nouvellemeganeb.pdf
http://www.planeterenault.com:80/UserFiles/files/doc/Nouvelle_Clio_Fiche_Tech_FR.pdf
http://www.planeterenault.com:80/UserFiles/files/doc/tarifs2011.pdf
http://www.planeterenault.com/ftp/ftp/Denny.pub4.gif
http://www.planeterenault.com/ftp/ftp/Denny.pubr4.jpg
http://www.planeterenault.com/ftp/ftp/Denny.pub_renault_14.jpg
http://www.planeterenault.com/UserFiles/File/13810%2013810_CP_Clio_RS_Luxe_FR_v1_tcm1119-592297.pdf
http://www.planeterenault.com/UserFiles/File/14683_Communique_Prix_France_V1.pdf
http://www.planeterenault.com/UserFiles/File/15966_CP_LoganPickup_02072008_sitemedia.pdf
http://www.planeterenault.com/UserFiles/File/pdf/12267%2012267_L65_ph4_DP_Fr_diff_complet_tcm1119-443035.pdf
http://www.planeterenault.com/UserFiles/files/15132_CARAC_Kangoo_Express_COMPACT_FR.pdf
http://www.planeterenault.com/UserFiles/files/15132_tarif_et_gamme_france_F61_L0_juin08.pdf
http://www.planeterenault.com/UserFiles/files/16197_TWINGO_RENAULT_SPORT.pdf
http://www.planeterenault.com/UserFiles/files/16209_20080304_Dacia.pdf
http://www.planeterenault.com/UserFiles/files/16209_CP20080304-DaciaSandero.pdf
http://www.planeterenault.com/UserFiles/files/16378_LAGUNA_GT_Prix_Equipements_Options_FR.pdf
http://www.planeterenault.com/UserFiles/files/16645_CP_Gamme_France_KOLEOS.pdf
http://www.planeterenault.com/UserFiles/files/doc/12_VELSATIS_Tarifs_05_01_2009.pdf
http://www.planeterenault.com/UserFiles/files/doc/13461_NOUVELLETWINGO_Tarifs_05_01_2009.pdf
http://www.planeterenault.com/UserFiles/files/doc/14484_CLIORS_Tarifs_05_01_2009.pdf
http://www.planeterenault.com/UserFiles/files/doc/14901_NOUVEAUKANGOO_Tarifs_05_01_2009.pdf
http://www.planeterenault.com/UserFiles/files/doc/15729_NOUVELLETWINGORS_Tarifs_05_01_2009.pdf
http://www.planeterenault.com/UserFiles/files/doc/15924_KOLEOS_Tarifs_05_01_2009.pdf
http://www.planeterenault.com/UserFiles/files/doc/16853_NOUVELLELAGUNACOUPE_Tarifs_05_01_2009.pdf
http://www.planeterenault.com/UserFiles/files/doc/19407_CARACTERISTIQUESCLIORENAULTSPORT.pdf
http://www.planeterenault.com/UserFiles/files/doc/19407_Nouvelle_Clio_Renault_Sport.pdf
http://www.planeterenault.com/UserFiles/files/doc/19408_tarifs_Nouvelle_Renault_Clio.pdf
http://www.planeterenault.com/UserFiles/files/doc/19409_Nouvelle_Renault_Clio_Estate.pdf
http://www.planeterenault.com/UserFiles/files/doc/20900_Fiches_techniques_Fluence_FR_AD296901.pdf
http://www.planeterenault.com/UserFiles/files/doc/2_CLIOCAMPUS_Tarifs_05_01_2009.pdf
http://www.planeterenault.com/UserFiles/files/doc/4632_MEGANECOUPECABRIOLET_Tarifs_05_01_2009.pdf
http://www.planeterenault.com/UserFiles/files/doc/4633_SCENICGAMME2008_Tarifs_05_01_2009.pdf
http://www.planeterenault.com/UserFiles/files/doc/9847_CLIO_Tarifs_05_01_2009.pdf
http://www.planeterenault.com/UserFiles/files/doc/Captur_2017-carac.pdf
http://www.planeterenault.com/UserFiles/files/doc/Captur_2017-dimensions.pdf
http://www.planeterenault.com/UserFiles/files/doc/Carac_Clio_Campus_Fr_52BDF057.pdf
http://www.planeterenault.com/UserFiles/files/doc/CARAC_KOLEOS_Fr_V2.pdf
http://www.planeterenault.com/UserFiles/files/doc/carac_Laguna_carac_FR_25032008.pdf
http://www.planeterenault.com/UserFiles/files/doc/caracMegRS2012.pdf
http://www.planeterenault.com/UserFiles/files/doc/carac_modusgdmodus03122007_FR.pdf
http://www.planeterenault.com/UserFiles/files/doc/Carac_NewVelSatis_complet_FR300606.pdf
http://www.planeterenault.com/UserFiles/files/doc/carac_NOUVEAU_KANGOO_tech_FR.pdf
http://www.planeterenault.com/UserFiles/files/doc/carac_NOUVEAU_SCENIC_FR.pdf
http://www.planeterenault.com/UserFiles/files/doc/caracteristiques_cliocampus_3et5portes_FR.pdf
http://www.planeterenault.com/UserFiles/files/doc/Caract_FR_Clio_Campus_Evolution_52BDF057.pdf
http://www.planeterenault.com/UserFiles/files/doc/carac_trafic_2014.pdf
http://www.planeterenault.com/UserFiles/files/doc/carac_twingo2.2.pdf
http://www.planeterenault.com/UserFiles/files/doc/Carac_Twingo_RS_aout_2008_FR.pdf
http://www.planeterenault.com/UserFiles/files/doc/clio4-R.S-equipement.pdf
http://www.planeterenault.com/UserFiles/files/doc/clio4-R.S-prix-options.pdf
http://www.planeterenault.com/UserFiles/files/doc/DP_Nouvelle_Clio_FR.pdf
http://www.planeterenault.com/UserFiles/files/doc/ebrochure-clio3.pdf
http://www.planeterenault.com/UserFiles/files/doc/ebrochure-kangoovp.pdf
http://www.planeterenault.com/UserFiles/files/doc/ebrochure-koleosv1.pdf
http://www.planeterenault.com/UserFiles/files/doc/ebrochure-lagunacoupe.pdf
http://www.planeterenault.com/UserFiles/files/doc/ebrochure-laguna.pdf
http://www.planeterenault.com/UserFiles/files/doc/ebrochure-meganeberline4portesetestate.pdf
http://www.planeterenault.com/UserFiles/files/doc/ebrochure-modusgrandmodus.pdf
http://www.planeterenault.com/UserFiles/files/doc/ebrochure-nouvellemeganec.pdf
http://www.planeterenault.com/UserFiles/files/doc/ebrochure-scenicII-v2.pdf
http://www.planeterenault.com/UserFiles/files/doc/ebrochure-twingo.pdf
http://www.planeterenault.com/UserFiles/files/doc/ebrochure-velsatis.pdf
http://www.planeterenault.com/UserFiles/files/doc/equipement_espace4-2012.pdf
http://www.planeterenault.com/UserFiles/files/doc/KangooBeBopTech.pdf
http://www.planeterenault.com/UserFiles/files/doc/KangooCompactTech.pdf
http://www.planeterenault.com/UserFiles/files/doc/KangooZE_2013_equipement.pdf
http://www.planeterenault.com/UserFiles/files/doc/KangoZE_2013_tarifs_options.pdf
http://www.planeterenault.com/UserFiles/files/doc/koleos_2013_equipements.pdf
http://www.planeterenault.com/UserFiles/files/doc/koleos_2013_tarifs-options.pdf
http://www.planeterenault.com/UserFiles/files/doc/koleosPh2TechDim.pdf
http://www.planeterenault.com/UserFiles/files/doc/koleosPh2Tech.pdf
http://www.planeterenault.com/UserFiles/files/doc/LagCoupePh1Tech.pdf
http://www.planeterenault.com/UserFiles/files/doc/Laguna3Tech.pdf
http://www.planeterenault.com/UserFiles/files/doc/Master2014_dimensions.pdf
http://www.planeterenault.com/UserFiles/files/doc/Master2014_options.pdf
http://www.planeterenault.com/UserFiles/files/doc/Master2014_prix.pdf
http://www.planeterenault.com/UserFiles/files/doc/Master3Tech.pdf
http://www.planeterenault.com/UserFiles/files/doc/Meg3berlineTech.pdf
http://www.planeterenault.com/UserFiles/files/doc/megane_berline_2014_carac.pdf
http://www.planeterenault.com/UserFiles/files/doc/megane_berline_2014_dimensions.pdf
http://www.planeterenault.com/UserFiles/files/doc/Megane_gamme2016.pdf
http://www.planeterenault.com/UserFiles/files/doc/megane_rs_2014_dimensions.pdf
http://www.planeterenault.com/UserFiles/files/doc/Megane_tarifs2016.pdf
http://www.planeterenault.com/UserFiles/files/doc/ModusTech.pdf
http://www.planeterenault.com/UserFiles/files/doc/Nouvelle_Clio_Dimensions_FR.pdf
http://www.planeterenault.com/UserFiles/files/doc/prix_twingo2.2.pdf
http://www.planeterenault.com/UserFiles/files/doc/Renault_32156_1_6.pdf
http://www.planeterenault.com/UserFiles/files/doc/Renault_80377_global_fr.pdf
http://www.planeterenault.com/UserFiles/files/doc/Renault_Captur_equipement.pdf
http://www.planeterenault.com/UserFiles/files/doc/Renault_Captur_tarif.pdf
http://www.planeterenault.com/UserFiles/files/doc/Renault_megane_2014_equipement.pdf
http://www.planeterenault.com/UserFiles/files/doc/Renault_moteurs_RS_GT.pdf
http://www.planeterenault.com/UserFiles/files/doc/Renault_tarifs.pdf
http://www.planeterenault.com/UserFiles/files/doc/Renault_twingo_rs_equipement.pdf
http://www.planeterenault.com/UserFiles/files/doc/Renault_twingoRS_options.pdf
http://www.planeterenault.com/UserFiles/files/doc/Scenic2016-tarifs.pdf
http://www.planeterenault.com/UserFiles/files/doc/Scenic3Tech.pdf
http://www.planeterenault.com/UserFiles/files/doc/tarif_megane3_ph2.pdf
http://www.planeterenault.com/UserFiles/files/doc/tarifs_espace4-2012.pdf
http://www.planeterenault.com/UserFiles/files/doc/Trafic2014_options.pdf
http://www.planeterenault.com/UserFiles/files/doc/Trafic2014_prix.pdf
http://www.planeterenault.com/UserFiles/files/doc/Trafic3_dimensions_tecnique.pdf
http://www.planeterenault.com/UserFiles/files/doc/TraficTech.pdf
