http://admin.planeterenault.com/robots.txt
http://blogs.planeterenault.com/4bslaff0b/wp-includes/wlwmanifest.xml
http://blogs.planeterenault.com:80/4ltrophy2009/wp-includes/wlwmanifest.xml
http://blogs.planeterenault.com:80/alpine/sitemap.xml
http://blogs.planeterenault.com:80/alpine/wp-includes/wlwmanifest.xml
http://blogs.planeterenault.com:80/bassman78fr/wp-includes/wlwmanifest.xml
http://blogs.planeterenault.com:80/cano197211/wp-includes/wlwmanifest.xml
http://blogs.planeterenault.com:80/carminat/wp-includes/wlwmanifest.xml
http://blogs.planeterenault.com:80/collab/wp-includes/wlwmanifest.xml
http://blogs.planeterenault.com:80/dahogroup/wp-includes/wlwmanifest.xml
http://blogs.planeterenault.com:80/donatotwizy/wp-includes/wlwmanifest.xml
http://blogs.planeterenault.com:80/garagetierce/wp-includes/wlwmanifest.xml
http://blogs.planeterenault.com:80/herpol1/wp-includes/wlwmanifest.xml
http://blogs.planeterenault.com:80/infiniti/wp-includes/wlwmanifest.xml
http://blogs.planeterenault.com:80/john027/wp-includes/wlwmanifest.xml
http://blogs.planeterenault.com:80/jojorans/wp-includes/wlwmanifest.xml
http://blogs.planeterenault.com:80/jujupilot/wp-includes/wlwmanifest.xml
http://blogs.planeterenault.com:80/lagunacoupe/wp-includes/wlwmanifest.xml
http://blogs.planeterenault.com:80/millennium/wp-includes/wlwmanifest.xml
http://blogs.planeterenault.com:80/mustang/wp-includes/wlwmanifest.xml
http://blogs.planeterenault.com:80/mydacia/wp-includes/wlwmanifest.xml
http://blogs.planeterenault.com:80/plusjamais/wp-includes/wlwmanifest.xml
http://blogs.planeterenault.com:80/renaultblog/wp-includes/wlwmanifest.xml
http://blogs.planeterenault.com:80/renaultforever/wp-includes/wlwmanifest.xml
http://blogs.planeterenault.com:80/sitemap.xml
http://blogs.planeterenault.com:80/test/sitemap.xml
http://blogs.planeterenault.com:80/test/wp-includes/wlwmanifest.xml
http://blogs.planeterenault.com:80/tiestof68/wp-includes/wlwmanifest.xml
http://blogs.planeterenault.com:80/vantage/wp-includes/wlwmanifest.xml
http://blogs.planeterenault.com:80/wp-includes/wlwmanifest.xml
http://blogs.planeterenault.com:80/wrc00/wp-includes/wlwmanifest.xml
http://blogs.planeterenault.com/bernie35/wp-includes/wlwmanifest.xml
http://blogs.planeterenault.com/cartercylindre/wp-includes/wlwmanifest.xml
http://blogs.planeterenault.com/humeursautomobile/wp-includes/wlwmanifest.xml
http://blogs.planeterenault.com/justatest12345/wp-includes/wlwmanifest.xml
http://blogs.planeterenault.com/kiekefretters/wp-includes/wlwmanifest.xml
http://blogs.planeterenault.com/meganecoupe59/wp-includes/wlwmanifest.xml
http://blogs.planeterenault.com/morgana59228/wp-includes/wlwmanifest.xml
http://blogs.planeterenault.com/renaultco/wp-includes/wlwmanifest.xml
http://blogs.planeterenault.com/robots.txt
http://blogs.planeterenault.com/securiteroutiere/wp-includes/wlwmanifest.xml
http://blogs.planeterenault.com/turbodxman/wp-includes/wlwmanifest.xml
http://cdn.planeterenault.com/robots.txt
http://colombes.planeterenault.com:80/robots.txt
http://damonhill.planeterenault.com:80/robots.txt
http://dev.planeterenault.com/robots.txt
http://forum.planeterenault.com:80/robots.txt
http://forum.planeterenault.com:80/rss/fluxrss.xml
http://gestion.planeterenault.com/robots.txt
http://images.planeterenault.com/robots.txt
http://itii.planeterenault.com:80/robots.txt
http://openx3.planeterenault.com/robots.txt
http://openx.planeterenault.com/robots.txt
http://phpmyadmin.planeterenault.com:80/robots.txt
http://piecesauto.planeterenault.com/robots.txt
http://planeterenault.com:80/~loic/wordpressmu/lovere/wp-includes/wlwmanifest.xml
http://planeterenault.com:80/~loic/wordpressmu/wp-includes/wlwmanifest.xml
http://planeterenault.com/ads.txt
http://renaultime.planeterenault.com:80/robots.txt
http://renaultpassion.planeterenault.com:80/robots.txt
https://cdn.planeterenault.com/robots.txt
https://cdn.planeterenault.com/sitemap.xml
https://damonhill.planeterenault.com/robots.txt
https://www.planeterenault.com/app-ads.txt
https://www.planeterenault.com/forum/sitemaps.xml
https://www.planeterenault.com/Msxml2.XMLHTTP
https://www.planeterenault.com/pubvendors2.json
https://www.planeterenault.com/pubvendors.json
https://www.planeterenault.com/robots.txt
https://www.planeterenault.com/sitemap.xml
https://www.planeterenault.com/.well-known/ai-plugin.json
https://www.planeterenault.com/.well-known/assetlinks.json
https://www.planeterenault.com/.well-known/dnt-policy.txt
https://www.planeterenault.com/.well-known/gpc.json
https://www.planeterenault.com/.well-known/security.txt
https://www.planeterenault.com/.well-known/trust.txt
http://www.gps-carminat.planeterenault.com:80/robots.txt
http://www.planeterenault.com/1-modeles-renault/45-moteurs-renault/1060-f4rt-tce-180/Microsoft.XMLHTTP
http://www.planeterenault.com:80/%20fluxrss.xml
http://www.planeterenault.com:80/dev2/fluxrss.xml
http://www.planeterenault.com:80/fluxrss.xml
http://www.planeterenault.com:80/forum/accessoires-rf17.xml
http://www.planeterenault.com:80/forum/confrerie-des-losanges-rf24.xml
http://www.planeterenault.com:80/forum/fluxrssForum.xml
http://www.planeterenault.com:80/forum/futures-renault-et-dacia-rf2.xml
http://www.planeterenault.com:80/forum/generalites-news-rf13.xml
http://www.planeterenault.com:80/forum/le-groupe-renault-rf12.xml
http://www.planeterenault.com:80/forum/le-monde-auto-rf23.xml
http://www.planeterenault.com:80/forum/les-chiffres-rf14.xml
http://www.planeterenault.com:80/forum/l-histoire-de-renault-anciennes-renault-rf10.xml
http://www.planeterenault.com:80/forum/renault-f1-team-rf5.xml
http://www.planeterenault.com:80/forum/robots.txt
http://www.planeterenault.com:80/forum/rss.xml
http://www.planeterenault.com:80/forum/technique-electronique-electrique-gf18.xml
http://www.planeterenault.com:80/forum/technique-electronique-electrique-rf18.xml
http://www.planeterenault.com:80/forum/technique-mecanique-gf3.xml
http://www.planeterenault.com:80/forum/technique-mecanique-rf3.xml
http://www.planeterenault.com:80/ftp/damonhill/robots.txt
http://www.planeterenault.com:80/ftp/ftp/Duc.logo.jpg
http://www.planeterenault.com:80/ftp/ftp/Rythie.Logo_Mail.bmp
http://www.planeterenault.com:80/ftp/ftp/Rythie.Logo_MP.bmp
http://www.planeterenault.com:80/robots.txt
http://www.planeterenault.com:80/rrrrrrfluxrss.xml
http://www.planeterenault.com:80/rss/fluxdrss.xml
http://www.planeterenault.com:80/rss/fluxrss.xml
http://www.planeterenault.com:80/www.planeterenault.com/%20fluxrss.xml
http://www.planeterenault.com/ftp/ftp/chc91.logo_baccara2.jpg
http://www.planeterenault.com/ftp/ftp/chc91.logomegf1team.gif
http://www.planeterenault.com/ftp/ftp/cougar.log1.jpg
http://www.planeterenault.com/ftp/ftp/cougar.log3.jpg
http://www.planeterenault.com/ftp/ftp/cougar.log.jpg
http://www.planeterenault.com/ftp/ftp/guit28.Logan_Pick_Up.jpg
http://www.planeterenault.com/ftp/ftp/jmt_31..Logan_a_la_chaine.jpg
http://www.planeterenault.com/ftp/ftp/jmt_31..logan.jpg
http://www.planeterenault.com/ftp/ftp/jmt_31..LOGO.jpg
http://www.planeterenault.com/ftp/ftp/jmt_31..LOGOS..jpg
http://www.planeterenault.com/ftp/ftp/Srg2.Logan_pickUP.jpg
http://www.planeterenault.com/Microsoft.XMLDOM
http://www.planeterenault.com/Microsoft.XMLHTTP
http://www.planeterenault.com/o/config.json
http://www.planeterenault.com/pip_campaign/campaigns2.json
http://www.planeterenault.com/Publisher-SeedtagGohan.ConfigDecodeError
