FUZZ
href=FUZZ="http://net.domain.name?subid=FUZZ=archive.org=FUZZ&amp;terms=FUZZ=FUZZ
https://www.atlassian.com/about/connected.jsp?s_kwcid=FUZZ=FUZZ
https://www.atlassian.com/agile/advantage/agile-is-a-competitive-advantage?source=FUZZ=FUZZ
https://www.atlassian.com/agile/agile-at-scale/lean-portfolio-management?ref=FUZZ=FUZZ
https://www.atlassian.com/agile/agile-at-scale/okr?ref=FUZZ=FUZZ
https://www.atlassian.com/agile/agile-at-scale/spotify?ref=FUZZ=FUZZ
https://www.atlassian.com/agile/kanban/boards?ref=FUZZ=FUZZ
https://www.atlassian.com/agile/kanban?ref=FUZZ=FUZZ
https://www.atlassian.com/agile/kanban/wip-limits?ref=FUZZ=FUZZ
https://www.atlassian.com/agile/project-management/estimation?ref=FUZZ=FUZZ
https://www.atlassian.com/agile/project-management/metrics?ref=FUZZ=FUZZ
https://www.atlassian.com/agile/project-management/user-stories?ref=FUZZ=FUZZ
https://www.atlassian.com/agile?ref=FUZZ=FUZZ
https://www.atlassian.com/agile/scrum?ref=FUZZ=FUZZ
https://www.atlassian.com/agile/scrum/sprints?ref=FUZZ=FUZZ
https://www.atlassian.com/agile/scrum/standups?ref=FUZZ=FUZZ
https://www.atlassian.com/agile/tutorials/burndown-charts?ref=FUZZ=FUZZ
https://www.atlassian.com/blog/announcements/our-bold-new-brand?ref=FUZZ=FUZZ
https://www.atlassian.com/blog/archives/atlassian_acquires_bitbucket_org_distributed_version_control_system_hosting?ref=FUZZ=FUZZ
https://www.atlassian.com/blog/?attachment_id=FUZZ=FUZZ
https://www.atlassian.com/blog?attachment_id=FUZZ=FUZZ
https://www.atlassian.com/blog/inside-atlassian/1-on-1-meeting-tips?ref=FUZZ=FUZZ
https://www.atlassian.com/blog/leadership/return-on-action-report-2021-employee-expectations?te=FUZZ=1=FUZZ&nl=FUZZ=dealbook=FUZZ&emc=FUZZ=FUZZ
https://www.atlassian.com/blog/platform/top-five-benefits-of-cloud?__hstc=FUZZ=72543820.8f3045d6bbfb9a43cbd380495122c8e2.1629991412534.1632229290144.1632240295456.45=FUZZ&__hssc=FUZZ=72543820.10.1632240295456=FUZZ&__hsfp=FUZZ=FUZZ
https://www.atlassian.com/blog/productivity/how-to-write-smart-goals?ref=FUZZ=FUZZ
https://www.atlassian.com/blog/productivity/shorter-workweek?jobid=FUZZ=105231860=FUZZ&subid=FUZZ=FUZZ
https://www.atlassian.com/blog/productivity/work-burnout-symptoms-and-prevention?ref=FUZZ=FUZZ
https://www.atlassian.com/blog/statuspage?ref=FUZZ=FUZZ
https://www.atlassian.com/blog/teamwork/4-day-workweek-productivity-wellbeing-results?ref=FUZZ=FUZZ
https://www.atlassian.com/blog/teamwork/how-to-run-effective-meetings?ref=FUZZ=FUZZ
https://www.atlassian.com/blog/teamwork/virtual-team-building-activities-remote-teams?ref=FUZZ=FUZZ
https://www.atlassian.com/br/enterprise/contact?formType=FUZZ=FUZZ
https://www.atlassian.com/br/enterprise/?tab=FUZZ=FUZZ
https://www.atlassian.com/br/enterprise?tab=FUZZ=FUZZ
https://www.atlassian.com/br/roadmap/cloud?tab=FUZZ=FUZZ
https://www.atlassian.com/br/software/bitbucket/%3C%25=FUZZ=FUZZ
https://www.atlassian.com/br/software/crowd/download/%3C%25=FUZZ=FUZZ
https://www.atlassian.com/br/software/jira/%3C%25=FUZZ=FUZZ
https://www.atlassian.com/br/software/jira/download/%3C%25=FUZZ=FUZZ
https://www.atlassian.com/br/software/jira?=FUZZ&aceid=FUZZ==FUZZ&adposition=FUZZ==FUZZ&adgroup=FUZZ=109687529944=FUZZ&campaign=FUZZ=10332064728=FUZZ&creative=FUZZ=443544724263=FUZZ&device=FUZZ=c=FUZZ&keyword=FUZZ=jira%20app=FUZZ&matchtype=FUZZ=e=FUZZ&network=FUZZ=g=FUZZ&placement=FUZZ==FUZZ&ds_kids=FUZZ=p55123524886=FUZZ&ds_e=FUZZ=GOOGLE=FUZZ&ds_eid=FUZZ=700000001550060=FUZZ&ds_e1=FUZZ=GOOGLE=FUZZ&gclid=FUZZ=CjwKCAiAo5qABhBdEiwAOtGmbqIyTVwz1ergh1U-T07hDPNMJXt_zUUTXv2zYsIgzlL7f6k8BKj5WxoCKakQAvD_BwE=FUZZ&gclsrc=FUZZ=FUZZ
https://www.atlassian.com/br/software/jira?=FUZZ&aceid=FUZZ==FUZZ&adposition=FUZZ==FUZZ&adgroup=FUZZ=122417878310=FUZZ&campaign=FUZZ=12465632619=FUZZ&creative=FUZZ=502390396978=FUZZ&device=FUZZ=c=FUZZ&keyword=FUZZ=jira%20software=FUZZ&matchtype=FUZZ=e=FUZZ&network=FUZZ=g=FUZZ&placement=FUZZ==FUZZ&ds_kids=FUZZ=p61643715365=FUZZ&ds_e=FUZZ=GOOGLE=FUZZ&ds_eid=FUZZ=700000001550060=FUZZ&ds_e1=FUZZ=GOOGLE=FUZZ&gclid=FUZZ=Cj0KCQiAw9qOBhC-ARIsAG-rdn7GsicjjwzdHUYkBJ36bXXUZtlIYcZVd19qIlyxpEh1RFK3ObAMsQgaAjBTEALw_wcB=FUZZ&gclsrc=FUZZ=FUZZ
https://www.atlassian.com/br/software/jira/templates?category=FUZZ=FUZZ
https://www.atlassian.com/br/software/jira/templates?product=FUZZ=jira-service-management=FUZZ
https://www.atlassian.com/br/try/cloud/signup?bundle=FUZZ=confluence-jira-service-desk=FUZZ&edition=FUZZ=FUZZ
https://www.atlassian.com/br/try/cloud/signup?bundle=FUZZ=jira-software=FUZZ&edition=FUZZ=free=FUZZ&templateId=FUZZ=com.pyxis.greenhopper.jira:gh-simplified-agility-kanban=FUZZ&continue=FUZZ=FUZZ
https://www.atlassian.com/br/try/cloud/signup?bundle=FUZZ=jira-software=FUZZ&edition=FUZZ=free=FUZZ&templateId=FUZZ=com.pyxis.greenhopper.jira:gh-simplified-agility-scrum=FUZZ&continue=FUZZ=FUZZ
https://www.atlassian.com/company/careers/all-jobs?team=FUZZ=Analytics%20%26%20Data%20Science=FUZZ&location=FUZZ==FUZZ&search=FUZZ=FUZZ
https://www.atlassian.com/company/careers/all-jobs?team=FUZZ=Customer%20Experience=FUZZ&location=FUZZ==FUZZ&search=FUZZ=FUZZ
https://www.atlassian.com/company/careers/all-jobs?team=FUZZ=Data%20%26%20Analytics=FUZZ&location=FUZZ==FUZZ&search=FUZZ=FUZZ
https://www.atlassian.com/company/careers/all-jobs?team=FUZZ=Engineering=FUZZ&location=FUZZ==FUZZ&search=FUZZ=FUZZ
https://www.atlassian.com/company/careers/all-jobs?team=FUZZ=Finance%20%26%20Accounting=FUZZ&location=FUZZ==FUZZ&search=FUZZ=FUZZ
https://www.atlassian.com/company/careers/all-jobs?team=FUZZ==FUZZ&location=FUZZ=Boston=FUZZ&search=FUZZ=FUZZ
https://www.atlassian.com/company/careers/all-jobs?team=FUZZ=Graduates=FUZZ&location=FUZZ==FUZZ&search=FUZZ=FUZZ
https://www.atlassian.com/company/careers/all-jobs?team=FUZZ=IT=FUZZ&location=FUZZ==FUZZ&search=FUZZ=FUZZ
https://www.atlassian.com/company/careers/all-jobs?team=FUZZ=Legal=FUZZ&location=FUZZ==FUZZ&search=FUZZ=FUZZ
https://www.atlassian.com/company/careers/all-jobs?team=FUZZ=Marketing=FUZZ&location=FUZZ==FUZZ&search=FUZZ=FUZZ
https://www.atlassian.com/company/careers/all-jobs?team=FUZZ=People=FUZZ&location=FUZZ==FUZZ&search=FUZZ=FUZZ
https://www.atlassian.com/company/careers/all-jobs?team=FUZZ=Product%20Management=FUZZ&location=FUZZ==FUZZ&search=FUZZ=FUZZ
https://www.atlassian.com/company/careers/all-jobs?team=FUZZ=Product%20Management=FUZZ&location=FUZZ=United%20States=FUZZ&search=FUZZ=FUZZ
https://www.atlassian.com/company/careers/all-jobs?team=FUZZ=Sales=FUZZ&location=FUZZ==FUZZ&search=FUZZ=FUZZ
https://www.atlassian.com/company/careers/all-jobs?team=FUZZ=Security=FUZZ&location=FUZZ==FUZZ&search=FUZZ=FUZZ
https://www.atlassian.com/company/careers/all-jobs?team=FUZZ=Site%20Reliability%20Engineering=FUZZ&location=FUZZ==FUZZ&search=FUZZ=FUZZ
https://www.atlassian.com/company/careers/all-jobs?team=FUZZ=Support=FUZZ&location=FUZZ==FUZZ&search=FUZZ=FUZZ
https://www.atlassian.com/company/careers/detail/0fa2b573-c31d-49f8-b473-8e191471c22c?trid=FUZZ=FUZZ
https://www.atlassian.com/company/careers/detail/354f1c40-c89d-4491-a626-f617521c14aa?trid=FUZZ=FUZZ
https://www.atlassian.com/company/careers/detail/3b9519b1-2e0a-4553-840a-948dd314a0e4?ref=FUZZ=FUZZ
https://www.atlassian.com/company/careers/detail/553e8081-6fff-46f4-a23e-84a9392f315a?trid=FUZZ=FUZZ
https://www.atlassian.com/company/careers/detail/6ae9c730-cffb-4210-a287-4ef9b595b5a2?ref=FUZZ=FUZZ
https://www.atlassian.com/company/careers/detail/719d3210-9098-4dc5-b39c-9c23747c80cb?trid=FUZZ=1e0b9127-2df6-4b3d-8bc4-d81ae332a601?ref=FUZZ=FUZZ
https://www.atlassian.com/company/careers/detail/f18701e0-73ce-4afb-8e12-63d23b038291?ref=FUZZ=FUZZ
https://www.atlassian.com/company/careers/jobs/listing?org=FUZZ=ATLASSIAN=FUZZ&cws=FUZZ=1=FUZZ&rid=FUZZ=FUZZ
https://www.atlassian.com/company/careers?org=FUZZ=ATLASSIAN=FUZZ&cws=FUZZ=1=FUZZ&rid=FUZZ=FUZZ
https://www.atlassian.com/company/careers/resources/perk-and-benefits/global/united-states?tab=FUZZ=FUZZ
https://www.atlassian.com/company/careers/students?tab=FUZZ=FUZZ
https://www.atlassian.com/company/corporate-social-responsibility/report?tab=FUZZ=FUZZ
https://www.atlassian.com/company/events/summit-europe/schedule?sessionid=FUZZ=FUZZ
https://www.atlassian.com/company/events/summit?ref=FUZZ=FUZZ
https://www.atlassian.com/company/events/summit?sessionid=FUZZ=FUZZ
https://www.atlassian.com/company/events/summit-us/watch-sessions/2013/archives/inside-team-collaboration/keys-to-a-collaborative-company-culture?ref=FUZZ=FUZZ
https://www.atlassian.com/company/events/summit-us/watch-sessions/2014/archives/collaboration-teams/from-watercooler-to-hr-managing-beyond-just-projects?ref=FUZZ=FUZZ
https://www.atlassian.com/continuous-delivery/continuous-integration?ref=FUZZ=FUZZ
https://www.atlassian.com/continuous-delivery/continuous-integration/trunk-based-development?ref=FUZZ=FUZZ
https://www.atlassian.com/continuous-delivery/different-types-of-software-testing?source=FUZZ=FUZZ
https://www.atlassian.com/continuous-delivery/software-testing/types-of-software-testing?source=FUZZ=FUZZ
https://www.atlassian.com/customers?=FUZZ&aceid=FUZZ==FUZZ&adposition=FUZZ==FUZZ&adgroup=FUZZ=104623561328=FUZZ&campaign=FUZZ=9616888216=FUZZ&creative=FUZZ=425915414607=FUZZ&device=FUZZ=c=FUZZ&keyword=FUZZ=%2Bconfluence%20%2Breviews=FUZZ&matchtype=FUZZ=b=FUZZ&network=FUZZ=g=FUZZ&placement=FUZZ==FUZZ&ds_kids=FUZZ=p52353097630=FUZZ&ds_e=FUZZ=GOOGLE=FUZZ&ds_eid=FUZZ=700000001542923=FUZZ&ds_e1=FUZZ=GOOGLE=FUZZ&gclid=FUZZ=CjwKCAjw_LL2BRAkEiwAv2Y3SZSZfT4k7JC12poEFlWpdJtNn-dRXHUKOjTZw5EZhZAMzrRRAUKaxhoCQfkQAvD_BwE=FUZZ&gclsrc=FUZZ=FUZZ
https://www.atlassian.com/customers?page=FUZZ=1=FUZZ&sortParam=FUZZ=date_created%20desc=FUZZ&productsUsed=FUZZ=FUZZ
https://www.atlassian.com/customers?page=FUZZ=1=FUZZ&sortParam=FUZZ=FUZZ
https://www.atlassian.com/de/company/press/resources/?tab=FUZZ=FUZZ
https://www.atlassian.com/de/company/press/resources?tab=FUZZ=FUZZ
https://www.atlassian.com/de/git/tutorials/install-git?section=FUZZ=FUZZ
https://www.atlassian.com/de/git/tutorials/merging-vs-rebasing?section=FUZZ=FUZZ
https://www.atlassian.com/de/legal/data-processing-addendum?tid=FUZZ=FUZZ
https://www.atlassian.com/de/?_mid=FUZZ=7b26c18ed7efd9c878151888099dae60=FUZZ&gclid=FUZZ=FUZZ
https://www.atlassian.com/de?_mid=FUZZ=7b26c18ed7efd9c878151888099dae60=FUZZ&gclid=FUZZ=FUZZ
https://www.atlassian.com/de/partners/search?name=FUZZ=basecom=FUZZ&page=FUZZ=FUZZ
https://www.atlassian.com/de/roadmap/data-center?status=FUZZ=comingSoon=FUZZ&product=FUZZ=FUZZ
https://www.atlassian.com/de/software/bamboo/%3C%25=FUZZ=FUZZ
https://www.atlassian.com/de/software/bitbucket/%3C%25=FUZZ=FUZZ
https://www.atlassian.com/de/software/confluence?=FUZZ&aceid=FUZZ==FUZZ&adposition=FUZZ=1t1=FUZZ&adgroup=FUZZ=61098732604=FUZZ&campaign=FUZZ=1571673330=FUZZ&creative=FUZZ=385725860587=FUZZ&device=FUZZ=c=FUZZ&keyword=FUZZ=confluence=FUZZ&matchtype=FUZZ=e=FUZZ&network=FUZZ=g=FUZZ&placement=FUZZ==FUZZ&ds_kids=FUZZ=p36982223849=FUZZ&ds_e=FUZZ=GOOGLE=FUZZ&ds_eid=FUZZ=700000001549733=FUZZ&ds_e1=FUZZ=GOOGLE=FUZZ&gclid=FUZZ=CjwKCAiA58fvBRAzEiwAQW-hzUP1fgPVHvEXXxCfJsWkW0fy9axRNx0AKBkiDPHzh1x_DLGIG3exURoC5JUQAvD_BwE=FUZZ&gclsrc=FUZZ=FUZZ
https://www.atlassian.com/de/software/confluence?=FUZZ&aceid=FUZZ==FUZZ&adposition=FUZZ==FUZZ&adgroup=FUZZ=105506996129=FUZZ&campaign=FUZZ=10326255575=FUZZ&creative=FUZZ=443588142662=FUZZ&device=FUZZ=c=FUZZ&keyword=FUZZ=confluence=FUZZ&matchtype=FUZZ=e=FUZZ&network=FUZZ=g=FUZZ&placement=FUZZ==FUZZ&ds_kids=FUZZ=p55118171631=FUZZ&ds_e=FUZZ=GOOGLE=FUZZ&ds_eid=FUZZ=700000001549733=FUZZ&ds_e1=FUZZ=GOOGLE=FUZZ&gclid=FUZZ=CjwKCAiAv4n9BRA9EiwA30WND0N9sKkc2hW46QDpzLO2_bQA9AHjAnNmLxAZMNE3kEDDlHUlDVkfSBoC_O4QAvD_BwE=FUZZ&gclsrc=FUZZ=FUZZ
https://www.atlassian.com/de/software/confluence?kurator=FUZZ=FUZZ
https://www.atlassian.com/de/software/confluence?ref=FUZZ=FUZZ
https://www.atlassian.com/de/software/jira?=FUZZ&aceid=FUZZ==FUZZ&adposition=FUZZ==FUZZ&adgroup=FUZZ=55901283297=FUZZ&campaign=FUZZ=1496094401=FUZZ&creative=FUZZ=306073301684=FUZZ&device=FUZZ=c=FUZZ&keyword=FUZZ=jira=FUZZ&matchtype=FUZZ=e=FUZZ&network=FUZZ=g=FUZZ&placement=FUZZ==FUZZ&ds_kids=FUZZ=p35508005545=FUZZ&ds_e=FUZZ=GOOGLE=FUZZ&ds_eid=FUZZ=700000001550060=FUZZ&ds_e1=FUZZ=GOOGLE=FUZZ&gclid=FUZZ=Cj0KCQjwmpb0BRCBARIsAG7y4zazLn2ubd3QHPElVOXkqqDNH4uHU_20lyIWgHBZ-0f3lqRmMRRN7FIaAj9ZEALw_wcB=FUZZ&gclsrc=FUZZ=FUZZ
https://www.atlassian.com/de/software/jira?kurator=FUZZ=FUZZ
https://www.atlassian.com/de/software/jira/templates?category=FUZZ=FUZZ
https://www.atlassian.com/de/software/jira/templates?category=FUZZ=service-management=FUZZ
https://www.atlassian.com/de/try/cloud/signup?bundle=FUZZ=jira-software=FUZZ&edition=FUZZ=free=FUZZ&templateId=FUZZ=com.pyxis.greenhopper.jira:gh-simplified-agility-scrum=FUZZ&continue=FUZZ=FUZZ
https://www.atlassian.com/de/try/cloud/signup?bundle=FUZZ=jira-work-management=FUZZ&edition=FUZZ=FUZZ
https://www.atlassian.com/devops/what-is-devops/history-of-devops?ref=FUZZ=FUZZ
https://www.atlassian.com/devops/what-is-devops?ref=FUZZ=FUZZ
https://www.atlassian.com/de/webinars/all?tab=FUZZ=FUZZ
https://www.atlassian.com/engineering/handbook?ref=FUZZ=FUZZ
https://www.atlassian.com/enterprise/resources?format=FUZZ=customer-story=FUZZ&platform=FUZZ=FUZZ
https://www.atlassian.com/enterprise/resources?format=FUZZ==FUZZ&topic=FUZZ=product-features=FUZZ&platform=FUZZ=FUZZ
https://www.atlassian.com/enterprise/support-services?tab=FUZZ=FUZZ
https://www.atlassian.com/es/enterprise/contact?formType=FUZZ=FUZZ
https://www.atlassian.com/es/roadmap/cloud?selectedProduct=FUZZ=FUZZ
https://www.atlassian.com/es/software/confluence/features?tab=FUZZ=FUZZ
https://www.atlassian.com/es/software/confluence/pricing?tab=FUZZ=FUZZ
https://www.atlassian.com/es/software/jira?=FUZZ&aceid=FUZZ==FUZZ&adposition=FUZZ=1t1=FUZZ&adgroup=FUZZ=55901295097=FUZZ&campaign=FUZZ=1496094425=FUZZ&creative=FUZZ=306073303613=FUZZ&device=FUZZ=c=FUZZ&keyword=FUZZ=jira=FUZZ&matchtype=FUZZ=e=FUZZ&network=FUZZ=g=FUZZ&placement=FUZZ==FUZZ&ds_kids=FUZZ=p35508006331=FUZZ&ds_e=FUZZ=GOOGLE=FUZZ&ds_eid=FUZZ=700000001550060=FUZZ&ds_e1=FUZZ=GOOGLE=FUZZ&gclid=FUZZ=EAIaIQobChMIlcTovOKs4wIVg-FRCh0d1AlJEAAYASAAEgKdkPD_BwE=FUZZ&gclsrc=FUZZ=FUZZ
https://www.atlassian.com/es/software/jira?=FUZZ&aceid=FUZZ==FUZZ&adposition=FUZZ==FUZZ&adgroup=FUZZ=109687534944=FUZZ&campaign=FUZZ=10332064743=FUZZ&creative=FUZZ=443576045705=FUZZ&device=FUZZ=c=FUZZ&keyword=FUZZ=jira=FUZZ&matchtype=FUZZ=e=FUZZ&network=FUZZ=g=FUZZ&placement=FUZZ==FUZZ&ds_kids=FUZZ=p55122862511=FUZZ&ds_e=FUZZ=GOOGLE=FUZZ&ds_eid=FUZZ=700000001550060=FUZZ&ds_e1=FUZZ=GOOGLE=FUZZ&gclid=FUZZ=CjwKCAjwlrqHBhByEiwAnLmYUJnwk5Y0WRXcmP90kV4W-TinHDnwESI7YsMUBBWASVme847-Dz-CWRoChcoQAvD_BwE=FUZZ&gclsrc=FUZZ=FUZZ
https://www.atlassian.com/es/software/jira?=FUZZ&aceid=FUZZ==FUZZ&adposition=FUZZ==FUZZ&adgroup=FUZZ=109687534944=FUZZ&campaign=FUZZ=10332064743=FUZZ&creative=FUZZ=443576045708=FUZZ&device=FUZZ=c=FUZZ&keyword=FUZZ=jira=FUZZ&matchtype=FUZZ=e=FUZZ&network=FUZZ=g=FUZZ&placement=FUZZ==FUZZ&ds_kids=FUZZ=p55122862511=FUZZ&ds_e=FUZZ=GOOGLE=FUZZ&ds_eid=FUZZ=700000001550060=FUZZ&ds_e1=FUZZ=GOOGLE=FUZZ&gclid=FUZZ=CjwKCAjwiOv7BRBREiwAXHbv3AHIpuue2sG01HM5dIvZ8E-El8QdcAxqjYJGDj1Lgx7kyxOW_9D59RoCnEYQAvD_BwE=FUZZ&gclsrc=FUZZ=FUZZ
https://www.atlassian.com/es/software/jira/service-management?category=FUZZ=FUZZ
https://www.atlassian.com/es/software/jira/service-management/whats-new?category=FUZZ=FUZZ
https://www.atlassian.com/es/software/jira/templates?category=FUZZ=FUZZ
https://www.atlassian.com/es/software/jira/templates?category=FUZZ=service-management=FUZZ
https://www.atlassian.com/es/try/cloud/signup?bundle=FUZZ=confluence-jira-software=FUZZ&edition=FUZZ=FUZZ
https://www.atlassian.com/es/try/cloud/signup?bundle=FUZZ=jira-software=FUZZ&edition=FUZZ=free=FUZZ&templateId=FUZZ=com.pyxis.greenhopper.jira:gh-simplified-agility-scrum=FUZZ&continue=FUZZ=FUZZ
https://www.atlassian.com/fr/enterprise/contact?formType=FUZZ=FUZZ
https://www.atlassian.com/fr/software/confluence?ref=FUZZ=FUZZ
https://www.atlassian.com/fr/software/jira?=FUZZ&aceid=FUZZ==FUZZ&adposition=FUZZ==FUZZ&adgroup=FUZZ=141259895274=FUZZ&campaign=FUZZ=17612698450=FUZZ&creative=FUZZ=607082607549=FUZZ&device=FUZZ=c=FUZZ&keyword=FUZZ=jira=FUZZ&matchtype=FUZZ=e=FUZZ&network=FUZZ=g=FUZZ&placement=FUZZ==FUZZ&ds_kids=FUZZ=p71873549142=FUZZ&ds_e=FUZZ=GOOGLE=FUZZ&ds_eid=FUZZ=700000001558501=FUZZ&ds_e1=FUZZ=GOOGLE=FUZZ&gclid=FUZZ=EAIaIQobChMI5ti1gPGl-gIVibHtCh0MzAGjEAAYAiAAEgJzX_D_BwE=FUZZ&gclsrc=FUZZ=FUZZ
https://www.atlassian.com/fr/software/jira/?ref=FUZZ=FUZZ
https://www.atlassian.com/fr/software/jira?ref=FUZZ=FUZZ
https://www.atlassian.com/fr/software/jira/service-management?category=FUZZ=FUZZ
https://www.atlassian.com/fr/software/jira/service-management/whats-new?category=FUZZ=FUZZ
https://www.atlassian.com/fr/software/jira/templates?category=FUZZ=FUZZ
https://www.atlassian.com/fr/try/cloud/signup?bundle=FUZZ=confluence=FUZZ&edition=FUZZ=FUZZ
https://www.atlassian.com/fr/try/cloud/signup?bundle=FUZZ=confluence-jira-service-desk=FUZZ&edition=FUZZ=FUZZ
https://www.atlassian.com/fr/try/cloud/signup?bundle=FUZZ=FUZZ
https://www.atlassian.com/fr/try/cloud/signup?bundle=FUZZ=jira-software=FUZZ&edition=FUZZ=free=FUZZ&templateId=FUZZ=com.pyxis.greenhopper.jira:gh-simplified-agility-kanban=FUZZ&continue=FUZZ=FUZZ
https://www.atlassian.com/fr/webinars/all?tab=FUZZ=FUZZ
https://www.atlassian.com/git?ref=FUZZ=FUZZ
https://www.atlassian.com/git/tutorials/advanced-overview?ref=FUZZ=FUZZ
https://www.atlassian.com/git/tutorials/cherry-pick?ref=FUZZ=FUZZ
https://www.atlassian.com/git/tutorials/comparing-workflows/gitflow-workflow?ref=FUZZ=FUZZ
https://www.atlassian.com/git/tutorials/comparing-workflows?ref=FUZZ=FUZZ
https://www.atlassian.com/git/tutorials/git-hooks?ref=FUZZ=FUZZ
https://www.atlassian.com/git/tutorials/git-submodule?ref=FUZZ=FUZZ
https://www.atlassian.com/git/tutorials/install-git?section=FUZZ=FUZZ
https://www.atlassian.com/git/tutorials/rewriting-history/git-rebase/?ref=FUZZ=FUZZ
https://www.atlassian.com/git/tutorials/rewriting-history/git-rebase?ref=FUZZ=FUZZ
https://www.atlassian.com/git/tutorials/undoing-changes/git-revert?ref=FUZZ=FUZZ
https://www.atlassian.com/git/tutorials/what-is-git?ref=FUZZ=FUZZ
https://www.atlassian.com/git/tutorials/what-is-version-control?ref=FUZZ=FUZZ
https://www.atlassian.com/git/workflows?ref=FUZZ=FUZZ
https://www.atlassian.com/?__hstc=FUZZ=72543820.a7dfb10e8ebaca5d3372d65687a96769.1592474587590.1600914437837.1601393577801.22=FUZZ&__hssc=FUZZ=72543820.1.1601393577801=FUZZ&__hsfp=FUZZ=FUZZ
https://www.atlassian.com/hu/enterprise/contact?formType=FUZZ=FUZZ
https://www.atlassian.com/hu/software/crowd/download/%3C%25=FUZZ=FUZZ
https://www.atlassian.com/hu/software/jira/demo?partnerref=FUZZ=FUZZ
https://www.atlassian.com/hu/software/jira/templates?category=FUZZ=design=FUZZ
https://www.atlassian.com/hu/software/jira/templates?category=FUZZ=finance=FUZZ
https://www.atlassian.com/hu/software/jira/templates?category=FUZZ=human-resources=FUZZ
https://www.atlassian.com/hu/software/jira/templates?category=FUZZ=legal=FUZZ
https://www.atlassian.com/hu/software/jira/templates?category=FUZZ=marketing=FUZZ
https://www.atlassian.com/hu/software/jira/templates?category=FUZZ=operations=FUZZ
https://www.atlassian.com/hu/software/jira/templates?category=FUZZ=sales=FUZZ
https://www.atlassian.com/hu/try/cloud/signup?bundle=FUZZ=confluence=FUZZ&edition=FUZZ=FUZZ
https://www.atlassian.com/hu/try/cloud/signup?bundle=FUZZ=jira-service-desk=FUZZ&edition=FUZZ=FUZZ
https://www.atlassian.com/incident-management/handbook?ref=FUZZ=FUZZ
https://www.atlassian.com/incident-management/kpis/cost-of-downtime?ref=FUZZ=FUZZ
https://www.atlassian.com/inside-atlassian/qa?ref=FUZZ=FUZZ
https://www.atlassian.com/it/enterprise/contact?formType=FUZZ=FUZZ
https://www.atlassian.com/it/migration/help?tab=FUZZ=FUZZ
https://www.atlassian.com/it/software/bitbucket/%3C%25=FUZZ=FUZZ
https://www.atlassian.com/it/software/crowd/download/%3C%25=FUZZ=FUZZ
https://www.atlassian.com/it/software/fisheye/%3C%25=FUZZ=FUZZ
https://www.atlassian.com/it/try/cloud/signup?bundle=FUZZ=FUZZ
https://www.atlassian.com/it/try/cloud/signup?bundle=FUZZ=jira-core-confluence=FUZZ&edition=FUZZ=FUZZ
https://www.atlassian.com/it/try/cloud/signup?bundle=FUZZ=jira-core=FUZZ&edition=FUZZ=FUZZ
https://www.atlassian.com/it/try/cloud/signup?bundle=FUZZ=jira-service-desk=FUZZ&edition=FUZZ=FUZZ
https://www.atlassian.com/it/try/cloud/signup?bundle=FUZZ=opsgenie=FUZZ&edition=FUZZ=FUZZ
https://www.atlassian.com/it/try/cloud/signup?product=FUZZ=confluence.ondemand=FUZZ&edition=FUZZ=FUZZ
https://www.atlassian.com/ja/roadmap/cloud?category=FUZZ=migrating=FUZZ
https://www.atlassian.com/ja/software/bitbucket/pricing?tab=FUZZ=FUZZ
https://www.atlassian.com/ja/software/confluence/features?tab=FUZZ=FUZZ
https://www.atlassian.com/ja/software/jira/pricing?tab=FUZZ=FUZZ
https://www.atlassian.com/ja/software/jira/templates?category=FUZZ=FUZZ
https://www.atlassian.com/ja/try/cloud/signup?bundle=FUZZ=confluence=FUZZ&edition=FUZZ=FUZZ
https://www.atlassian.com/ja/try/cloud/signup?bundle=FUZZ=jira-core-confluence=FUZZ&edition=FUZZ=FUZZ
https://www.atlassian.com/ko/enterprise/contact?formType=FUZZ=FUZZ
https://www.atlassian.com/ko/git/tutorials/install-git?section=FUZZ=FUZZ
https://www.atlassian.com/ko/roadmap/cloud?selectedProduct=FUZZ=FUZZ
https://www.atlassian.com/ko/software/crucible/%3C%25=FUZZ=FUZZ
https://www.atlassian.com/ko/software/jira/service-management?category=FUZZ=FUZZ
https://www.atlassian.com/ko/software/jira/service-management/whats-new?category=FUZZ=FUZZ
https://www.atlassian.com/ko/try/cloud/signup?bundle=FUZZ=jira-service-desk=FUZZ&edition=FUZZ=FUZZ
https://www.atlassian.com/ko/try/cloud/signup?bundle=FUZZ=jira-software=FUZZ&edition=FUZZ=free=FUZZ&templateId=FUZZ=com.pyxis.greenhopper.jira:gh-simplified-agility-kanban=FUZZ&continue=FUZZ=FUZZ
https://www.atlassian.com/ko/try/cloud/signup?bundle=FUZZ=jira-software=FUZZ&edition=FUZZ=free=FUZZ&templateId=FUZZ=com.pyxis.greenhopper.jira:gh-simplified-basic=FUZZ&continue=FUZZ=FUZZ
https://www.atlassian.com/legal/data-processing-addendum?tid=FUZZ=FUZZ
https://www.atlassian.com/legal/privacy-policy?ref=FUZZ=FUZZ
https://www.atlassian.com/legal/privacy-policy?tid=FUZZ=FUZZ
https://www.atlassian.com/licensing/data-center-approved-apps?__hstc=FUZZ=72543820.deec4cb6d1c005a752b04068d4e8d8c9.1628730135201.1629949562082.1629954557645.29=FUZZ&__hssc=FUZZ=72543820.6.1629954557645=FUZZ&__hsfp=FUZZ=FUZZ
https://www.atlassian.com/licensing/purchase-licensing?__hstc=FUZZ=72543820.deec4cb6d1c005a752b04068d4e8d8c9.1628730135201.1629949562082.1629954557645.29=FUZZ&__hssc=FUZZ=72543820.6.1629954557645=FUZZ&__hsfp=FUZZ=FUZZ
https://www.atlassian.com/microservices/microservices-architecture/microservices-vs-monolith?ref=FUZZ=FUZZ
https://www.atlassian.com/migration/assess/journey-to-cloud?tab=FUZZ=FUZZ
https://www.atlassian.com/migration/journey-to-cloud?tab=FUZZ=FUZZ
https://www.atlassian.com/migration/key-offering-changes?tab=FUZZ=FUZZ
https://www.atlassian.com/nl/software/fisheye/%3C%25=FUZZ=FUZZ
https://www.atlassian.com/nl/software/jira/features/roadmaps?tab=FUZZ=FUZZ
https://www.atlassian.com/nl/software/jira/service-management/download/%3C%25=FUZZ=FUZZ
https://www.atlassian.com/nl/software/jira/service-management/product-guide?bundle=FUZZ=FUZZ
https://www.atlassian.com/nl/software/jira/templates?category=FUZZ=software-development=FUZZ
https://www.atlassian.com/nl/try/cloud/signup?bundle=FUZZ=confluence=FUZZ&edition=FUZZ=FUZZ
https://www.atlassian.com/nl/try/cloud/signup?bundle=FUZZ=FUZZ
https://www.atlassian.com/nl/try/cloud/signup?bundle=FUZZ=jira-software=FUZZ&edition=FUZZ=FUZZ
https://www.atlassian.com/nl/try/cloud/signup?bundle=FUZZ=jira-software-jira-service-desk=FUZZ&edition=FUZZ=FUZZ
https://www.atlassian.com/nl/try/cloud/signup?product=FUZZ=jira-software.ondemand=FUZZ&edition=FUZZ=FUZZ
https://www.atlassian.com/ondemand/signup/form?product=FUZZ=FUZZ
https://www.atlassian.com/partnerships/slack?ref=FUZZ=FUZZ
https://www.atlassian.com/partners/search?name=FUZZ=servodata=FUZZ&page=FUZZ=FUZZ
https://www.atlassian.com/partners/search?page=FUZZ=1=FUZZ&locations=FUZZ=FUZZ
https://www.atlassian.com/partners/search?page=FUZZ=FUZZ
https://www.atlassian.com/pl/enterprise/contact?formType=FUZZ=FUZZ
https://www.atlassian.com/pl/enterprise/resources?format=FUZZ==FUZZ&topic=FUZZ=product-features=FUZZ&platform=FUZZ=FUZZ
https://www.atlassian.com/pl/roadmap/cloud?selectedProduct=FUZZ=FUZZ
https://www.atlassian.com/pl/roadmap/cloud?tab=FUZZ=FUZZ
https://www.atlassian.com/pl/software/crowd/%3C%25=FUZZ=FUZZ
https://www.atlassian.com/pl/software/jira/%3C%25=FUZZ=FUZZ
https://www.atlassian.com/pl/software/jira/features/roadmaps?tab=FUZZ=FUZZ
https://www.atlassian.com/pl/software/jira/service-management/product-guide?bundle=FUZZ=FUZZ
https://www.atlassian.com/pl/software/jira/templates?category=FUZZ=FUZZ
https://www.atlassian.com/pl/software/jira/templates?category=FUZZ=software-development=FUZZ
https://www.atlassian.com/pl/software/pricing-calculator?tab=FUZZ=FUZZ
https://www.atlassian.com/pl/try/cloud/signup?bundle=FUZZ=confluence=FUZZ&edition=FUZZ=FUZZ
https://www.atlassian.com/pl/try/cloud/signup?bundle=FUZZ=FUZZ
https://www.atlassian.com/pl/try/cloud/signup?bundle=FUZZ=jira-service-management=FUZZ&edition=FUZZ=FUZZ
https://www.atlassian.com/pl/try/cloud/signup?bundle=FUZZ=jira-software=FUZZ&edition=FUZZ=free=FUZZ&templateId=FUZZ=com.pyxis.greenhopper.jira:gh-simplified-agility-kanban=FUZZ&continue=FUZZ=FUZZ
https://www.atlassian.com/pl/try/cloud/signup?product=FUZZ=confluence.ondemand=FUZZ&edition=FUZZ=FUZZ
https://www.atlassian.com/practices/open/research?ssrid=FUZZ=FUZZ
https://www.atlassian.com/practices/use-cases/inside-atlassian?ref=FUZZ=FUZZ
https://www.atlassian.com/?ref=FUZZ=FUZZ
https://www.atlassian.com/roadmap/cloud?=FUZZ&search=FUZZ=FUZZ
https://www.atlassian.com/roadmap/cloud?selectedProduct=FUZZ=FUZZ
https://www.atlassian.com/roadmap/cloud?selectedProduct=FUZZ==FUZZ&search=FUZZ=FUZZ
https://www.atlassian.com/roadmap/cloud?status=FUZZ=future=FUZZ
https://www.atlassian.com/roadmap/data-center?enterprise=FUZZ=FUZZ
https://www.atlassian.com/roadmap/data-center?status=FUZZ=comingSoon;future=FUZZ
https://www.atlassian.com/roadmap/data-center?status=FUZZ==FUZZ
https://www.atlassian.com/ru/enterprise/contact?formType=FUZZ=FUZZ
https://www.atlassian.com/ru/enterprise/resources?format=FUZZ==FUZZ&topic=FUZZ=product-features=FUZZ&platform=FUZZ=FUZZ
https://www.atlassian.com/ru/roadmap/cloud?selectedProduct=FUZZ=FUZZ
https://www.atlassian.com/ru/software/confluence/features?tab=FUZZ=FUZZ
https://www.atlassian.com/ru/software/confluence/pricing?tab=FUZZ=FUZZ
https://www.atlassian.com/ru/software/crucible/%3C%25=FUZZ=FUZZ
https://www.atlassian.com/ru/software/fisheye/%3C%25=FUZZ=FUZZ
https://www.atlassian.com/ru/software/jira/templates?product=FUZZ=jira-service-management=FUZZ
https://www.atlassian.com/ru/try/cloud/signup?bundle=FUZZ=confluence=FUZZ&edition=FUZZ=FUZZ
https://www.atlassian.com/ru/try/cloud/signup?bundle=FUZZ=FUZZ
https://www.atlassian.com/ru/try/cloud/signup?bundle=FUZZ=jira-core=FUZZ&edition=FUZZ=FUZZ
https://www.atlassian.com/ru/try/cloud/signup?bundle=FUZZ=jira-service-management=FUZZ&edition=FUZZ=FUZZ
https://www.atlassian.com/ru/try/cloud/signup?bundle=FUZZ=jira-software=FUZZ&edition=FUZZ=free=FUZZ&express=FUZZ=FUZZ
https://www.atlassian.com/ru/try/cloud/signup?bundle=FUZZ=jira-software=FUZZ&edition=FUZZ=free=FUZZ&templateId=FUZZ=com.pyxis.greenhopper.jira:gh-simplified-agility-scrum=FUZZ&continue=FUZZ=FUZZ
https://www.atlassian.com/ru/try/cloud/signup?bundle=FUZZ=jira-software=FUZZ&edition=FUZZ=FUZZ
https://www.atlassian.com/software/access/resources?format=FUZZ=documentation=FUZZ
https://www.atlassian.com/software/bamboo?_mid=FUZZ=4a6b6216d9c09e9f25b9e26e0a37ea3b=FUZZ&gclid=FUZZ=FUZZ
https://www.atlassian.com/software/bamboo/overview?_mid=FUZZ=4a6b6216d9c09e9f25b9e26e0a37ea3b=FUZZ&gclid=FUZZ=FUZZ
https://www.atlassian.com/software/bamboo?ref=FUZZ=FUZZ
https://www.atlassian.com/software/bitbucket/download/data-center?ref=FUZZ=FUZZ
https://www.atlassian.com/software/bitbucket/download?ref=FUZZ=FUZZ
https://www.atlassian.com/software/bitbucket/pricing?tab=FUZZ=FUZZ
https://www.atlassian.com/software/bitbucket?ref=FUZZ=FUZZ
https://www.atlassian.com/software/confluence?bundle=FUZZ=confluence=FUZZ&edition=FUZZ=free=FUZZ&ref=FUZZ=FUZZ
https://www.atlassian.com/software/confluence/download/data-center?ref=FUZZ=FUZZ
https://www.atlassian.com/software/confluence/download?ref=FUZZ=FUZZ
https://www.atlassian.com/software/confluence?=FUZZ&aceid=FUZZ==FUZZ&adposition=FUZZ=1t1=FUZZ&adgroup=FUZZ=56762734058=FUZZ&campaign=FUZZ=1398156464=FUZZ&creative=FUZZ=301831881274=FUZZ&device=FUZZ=c=FUZZ&keyword=FUZZ=atlassian%20confluence=FUZZ&matchtype=FUZZ=e=FUZZ&network=FUZZ=g=FUZZ&placement=FUZZ==FUZZ&ds_kids=FUZZ=p32967249689=FUZZ&ds_e=FUZZ=GOOGLE=FUZZ&ds_eid=FUZZ=700000001542923=FUZZ&ds_e1=FUZZ=GOOGLE=FUZZ&gclid=FUZZ=CjwKCAiA6vXwBRBKEiwAYE7iSzoVBZzELrwPHajLH0KN7FJ8LlHmI6GTZF1aVJpL06gUl2254KXo5RoCVNoQAvD_BwE=FUZZ&gclsrc=FUZZ=FUZZ
https://www.atlassian.com/software/confluence?=FUZZ&aceid=FUZZ==FUZZ&adposition=FUZZ=1t1=FUZZ&adgroup=FUZZ=60884347875=FUZZ&campaign=FUZZ=1398156602=FUZZ&creative=FUZZ=301831930204=FUZZ&device=FUZZ=c=FUZZ&keyword=FUZZ=confluence=FUZZ&matchtype=FUZZ=e=FUZZ&network=FUZZ=g=FUZZ&placement=FUZZ==FUZZ&ds_kids=FUZZ=p37600059047=FUZZ&ds_e=FUZZ=GOOGLE=FUZZ&ds_eid=FUZZ=700000001542923=FUZZ&ds_e1=FUZZ=GOOGLE=FUZZ&gclid=FUZZ=EAIaIQobChMI-o_O5sTQ4AIVBbTtCh32eQbMEAAYASAAEgLQfPD_BwE=FUZZ&gclsrc=FUZZ=FUZZ
https://www.atlassian.com/software/confluence?=FUZZ&aceid=FUZZ==FUZZ&adposition=FUZZ=1t1=FUZZ&adgroup=FUZZ=63811193491=FUZZ&campaign=FUZZ=1508256956=FUZZ&creative=FUZZ=301790727294=FUZZ&device=FUZZ=c=FUZZ&keyword=FUZZ=software%20project%20management%20software=FUZZ&matchtype=FUZZ=b=FUZZ&network=FUZZ=g=FUZZ&placement=FUZZ==FUZZ&ds_kids=FUZZ=p35771430764=FUZZ&ds_e=FUZZ=GOOGLE=FUZZ&ds_eid=FUZZ=700000001542923=FUZZ&ds_e1=FUZZ=GOOGLE=FUZZ&gclid=FUZZ=Cj0KCQiApbzhBRDKARIsAIvZue-IUppidd7EoPmgRtiQ0wjYnxt1bKu4tckZl5P3Aq32dKJkABJt794aAk8pEALw_wcB=FUZZ&gclsrc=FUZZ=FUZZ
https://www.atlassian.com/software/confluence?=FUZZ&aceid=FUZZ==FUZZ&adposition=FUZZ==FUZZ&adgroup=FUZZ=102800569569=FUZZ&campaign=FUZZ=9836568911=FUZZ&creative=FUZZ=530404538079=FUZZ&device=FUZZ=c=FUZZ&keyword=FUZZ=%2Bcontent%20%2Bediting=FUZZ&matchtype=FUZZ=b=FUZZ&network=FUZZ=g=FUZZ&placement=FUZZ==FUZZ&ds_kids=FUZZ=p53020497593=FUZZ&ds_e=FUZZ=GOOGLE=FUZZ&ds_eid=FUZZ=700000001542923=FUZZ&ds_e1=FUZZ=GOOGLE=FUZZ&gclid=FUZZ=Cj0KCQjw3f6HBhDHARIsAD_i3D88g5DSfPm6ZyvZDQmfvA8GfQ6kAA5ywSyxFVKpDhXEtiseflB8plcaAnC3EALw_wcB=FUZZ&gclsrc=FUZZ=FUZZ
https://www.atlassian.com/software/confluence?=FUZZ&aceid=FUZZ==FUZZ&adposition=FUZZ==FUZZ&adgroup=FUZZ=104623522008=FUZZ&campaign=FUZZ=9616884649=FUZZ&creative=FUZZ=425988940223=FUZZ&device=FUZZ=c=FUZZ&keyword=FUZZ=confluence=FUZZ&matchtype=FUZZ=e=FUZZ&network=FUZZ=g=FUZZ&placement=FUZZ==FUZZ&ds_kids=FUZZ=p52353080782=FUZZ&ds_e=FUZZ=GOOGLE=FUZZ&ds_eid=FUZZ=700000001542923=FUZZ&ds_e1=FUZZ=GOOGLE=FUZZ&gclid=FUZZ=Cj0KCQjw8uOWBhDXARIsAOxKJ2G0SR0TRkIeOIddSU08Xsk8YLBPoLnEuR0tfPp-ehGAlwV9uxLXtcUaAllPEALw_wcB=FUZZ&gclsrc=FUZZ=FUZZ
https://www.atlassian.com/software/confluence?=FUZZ&aceid=FUZZ==FUZZ&adposition=FUZZ==FUZZ&adgroup=FUZZ=116034411355=FUZZ&campaign=FUZZ=9845523720=FUZZ&creative=FUZZ=530527869251=FUZZ&device=FUZZ=c=FUZZ&keyword=FUZZ=%2Bcollaboration=FUZZ&matchtype=FUZZ=b=FUZZ&network=FUZZ=g=FUZZ&placement=FUZZ==FUZZ&ds_kids=FUZZ=p59457062213=FUZZ&ds_e=FUZZ=GOOGLE=FUZZ&ds_eid=FUZZ=700000001542923=FUZZ&ds_e1=FUZZ=GOOGLE=FUZZ&gclid=FUZZ=Cj0KCQjw4PKTBhD8ARIsAHChzRKfHgqlo2vByYRJi7fIjFNY9jbAKGE-M4vJnpNCuMBwb92Sw9CKnq0aAl-WEALw_wcB=FUZZ&gclsrc=FUZZ=FUZZ
https://www.atlassian.com/software/confluence?=FUZZ&aceid=FUZZ==FUZZ&adposition=FUZZ==FUZZ&adgroup=FUZZ=98645564346=FUZZ&campaign=FUZZ=9616887754=FUZZ&creative=FUZZ=425944358575=FUZZ&device=FUZZ=c=FUZZ&keyword=FUZZ=confluence=FUZZ&matchtype=FUZZ=e=FUZZ&network=FUZZ=g=FUZZ&placement=FUZZ==FUZZ&ds_kids=FUZZ=p52349493654=FUZZ&ds_e=FUZZ=GOOGLE=FUZZ&ds_eid=FUZZ=700000001542923=FUZZ&ds_e1=FUZZ=GOOGLE=FUZZ&gclid=FUZZ=Cj0KCQjwm9D0BRCMARIsAIfvfIYZvN8tJGed-cpRoLr18J3ZPKcSfBpbxoYcY_fw0wFpxRq0Aiau5dcaAkMREALw_wcB=FUZZ&gclsrc=FUZZ=FUZZ
https://www.atlassian.com/software/confluence?=FUZZ&aceid=FUZZ==FUZZ&adposition=FUZZ==FUZZ&adgroup=FUZZ=99365804576=FUZZ&campaign=FUZZ=9616887973=FUZZ&creative=FUZZ=542665404413=FUZZ&device=FUZZ=c=FUZZ&keyword=FUZZ=%2Bconfleunce=FUZZ&matchtype=FUZZ=b=FUZZ&network=FUZZ=g=FUZZ&placement=FUZZ==FUZZ&ds_kids=FUZZ=p52352120735=FUZZ&ds_e=FUZZ=GOOGLE=FUZZ&ds_eid=FUZZ=700000001542923=FUZZ&ds_e1=FUZZ=GOOGLE=FUZZ&gclid=FUZZ=CjwKCAjwtIaVBhBkEiwAsr7-c08vIH7FzKMmKehgdxtI3kmPWwg2JjOh0JW3ScrN7F6h-IZmwGtBJhoCW_kQAvD_BwE=FUZZ&gclsrc=FUZZ=FUZZ
https://www.atlassian.com/software/confluence?=FUZZ&aceid=FUZZ==FUZZ&adposition=FUZZ==FUZZ&adgroup=FUZZ=99365841496=FUZZ&campaign=FUZZ=9616888294=FUZZ&creative=FUZZ=425915415543=FUZZ&device=FUZZ=c=FUZZ&keyword=FUZZ=confluence=FUZZ&matchtype=FUZZ=e=FUZZ&network=FUZZ=g=FUZZ&placement=FUZZ==FUZZ&ds_kids=FUZZ=p52353097996=FUZZ&ds_e=FUZZ=GOOGLE=FUZZ&ds_eid=FUZZ=700000001542923=FUZZ&ds_e1=FUZZ=GOOGLE=FUZZ&gclid=FUZZ=EAIaIQobChMIkvzx3caF8QIVe9xMAh2pBA_VEAAYASAAEgKWz_D_BwE=FUZZ&gclsrc=FUZZ=FUZZ
https://www.atlassian.com/software/confluence?=FUZZ&aceid=FUZZ==FUZZ&adposition=FUZZ==FUZZ&adgroup=FUZZ=99427413832=FUZZ&campaign=FUZZ=9616888075=FUZZ&creative=FUZZ=425988946760=FUZZ&device=FUZZ=c=FUZZ&keyword=FUZZ=atlassian%20confluence=FUZZ&matchtype=FUZZ=e=FUZZ&network=FUZZ=g=FUZZ&placement=FUZZ==FUZZ&ds_kids=FUZZ=p52352124671=FUZZ&ds_e=FUZZ=GOOGLE=FUZZ&ds_eid=FUZZ=700000001542923=FUZZ&ds_e1=FUZZ=GOOGLE=FUZZ&gclid=FUZZ=CjwKCAjw_sn8BRBrEiwAnUGJDk-VWlahuIuSYtgYWQKpCOREYhUnejDl9LBvdL2lJ6HAOhmIs7n3cBoC7DgQAvD_BwE=FUZZ&gclsrc=FUZZ=FUZZ
https://www.atlassian.com/software/confluence?=FUZZ&aceid=FUZZ==FUZZ&adposition=FUZZ==FUZZ&adgroup=FUZZ=99427413992=FUZZ&campaign=FUZZ=9616888075=FUZZ&creative=FUZZ=542596263067=FUZZ&device=FUZZ=c=FUZZ&keyword=FUZZ=confluence=FUZZ&matchtype=FUZZ=e=FUZZ&network=FUZZ=g=FUZZ&placement=FUZZ==FUZZ&ds_kids=FUZZ=p52352124674=FUZZ&ds_e=FUZZ=GOOGLE=FUZZ&ds_eid=FUZZ=700000001542923=FUZZ&ds_e1=FUZZ=GOOGLE=FUZZ&gclid=FUZZ=CjwKCAjw49qKBhAoEiwAHQVTo28gBoA_XjrtlgXG3BIt_-vGbpB6KiDNZrx2_OEcfRPILgr5RNQ4yBoCRsEQAvD_BwE=FUZZ&gclsrc=FUZZ=FUZZ
https://www.atlassian.com/software/confluence?=FUZZ&aceid=FUZZ==FUZZ&adposition=FUZZ==FUZZ&adgroup=FUZZ=99595999889=FUZZ&campaign=FUZZ=9518255230=FUZZ&creative=FUZZ=542596269337=FUZZ&device=FUZZ=c=FUZZ&keyword=FUZZ=confluence=FUZZ&matchtype=FUZZ=e=FUZZ&network=FUZZ=g=FUZZ&placement=FUZZ==FUZZ&ds_kids=FUZZ=p51982324819=FUZZ&ds_e=FUZZ=GOOGLE=FUZZ&ds_eid=FUZZ=700000001542923=FUZZ&ds_e1=FUZZ=GOOGLE=FUZZ&gclid=FUZZ=Cj0KCQjw29CRBhCUARIsAOboZbIAnawlfIeJfKYYKt20qKSVgdS26iCgcLoljatYeO830yCq9PpvafAaAv5yEALw_wcB=FUZZ&gclsrc=FUZZ=FUZZ
https://www.atlassian.com/software/confluence?=FUZZ&adgroup=FUZZ=1305120534631385=FUZZ&campaign=FUZZ=380755084=FUZZ&creative=FUZZ=81570085574324=FUZZ&device=FUZZ=c=FUZZ&keyword=FUZZ=atlassian%20confluence=FUZZ&ds_k=FUZZ=atlassian+confluence=FUZZ&matchtype=FUZZ=e=FUZZ&network=FUZZ=s=FUZZ&ds_kids=FUZZ=p54415832683=FUZZ&ds_e=FUZZ=MICROSOFT=FUZZ&ds_eid=FUZZ=700000001721838=FUZZ&ds_e1=FUZZ=MICROSOFT=FUZZ&msclkid=FUZZ=babfae9e61a7159605bbcdc410649738=FUZZ&gclid=FUZZ=babfae9e61a7159605bbcdc410649738=FUZZ&gclsrc=FUZZ=FUZZ
https://www.atlassian.com/software/confluence/pricing?=FUZZ=null=FUZZ&aceid=FUZZ==FUZZ&adposition=FUZZ==FUZZ&adgroup=FUZZ=104757981051=FUZZ&campaign=FUZZ=9616887781=FUZZ&creative=FUZZ=425988942434=FUZZ&device=FUZZ=c=FUZZ&keyword=FUZZ=atlassian%7Bc4c8e474a049b9e48971c42ef197d28ea54f2097f89926b43de6eef1d7752ce1%7D2Bconfluence%7Bc4c8e474a049b9e48971c42ef197d28ea54f2097f89926b43de6eef1d7752ce1%7D2Bpricing=FUZZ&matchtype=FUZZ=e=FUZZ&network=FUZZ=g=FUZZ&placement=FUZZ==FUZZ&ds_kids=FUZZ=p52353099541=FUZZ&ds_e=FUZZ=GOOGLE=FUZZ&ds_eid=FUZZ=700000001542923=FUZZ&ds_e1=FUZZ=GOOGLE=FUZZ&gclid=FUZZ=CjwKCAiA-9uNBhBTEiwAN3IlNFpegZCC4Jx1ywBMJpMNM_mdnr1vkbhhHf08Yi7DeExNftNz1Sq2qBoCa10QAvD_BwE=FUZZ&gclsrc=FUZZ=aw.ds=FUZZ&tab=FUZZ=FUZZ
https://www.atlassian.com/software/confluence/pricing.jsp?type=FUZZ=FUZZ
https://www.atlassian.com/software/confluence/pricing?type=FUZZ=FUZZ
https://www.atlassian.com/software/confluence?ref=FUZZ=FUZZ
https://www.atlassian.com/software/confluence/templates?=FUZZ&aceid=FUZZ==FUZZ&adposition=FUZZ==FUZZ&adgroup=FUZZ=138055856141=FUZZ&campaign=FUZZ=18312196240=FUZZ&creative=FUZZ=652101081821=FUZZ&device=FUZZ=c=FUZZ&keyword=FUZZ=management%20plan%20template=FUZZ&matchtype=FUZZ=b=FUZZ&network=FUZZ=g=FUZZ&placement=FUZZ==FUZZ&ds_kids=FUZZ=p75060589127=FUZZ&ds_e=FUZZ=GOOGLE=FUZZ&ds_eid=FUZZ=700000001542923=FUZZ&ds_e1=FUZZ=GOOGLE=FUZZ&gclid=FUZZ=CjwKCAjw5pShBhB_EiwAvmnNVzV_ARQZrWwuQkKo7GDLSBdTfuf9D-q8YQ8tqtEZAfvuDZ8OYkaw1hoCBoMQAvD_BwE=FUZZ&gclsrc=FUZZ=FUZZ
https://www.atlassian.com/software/greenhopper/overview/kanban?ref=FUZZ=FUZZ
https://www.atlassian.com/software/hipchat?ref=FUZZ=FUZZ
https://www.atlassian.com/software/jira?aceid=FUZZ==FUZZ&adposition=FUZZ==FUZZ&adgroup=FUZZ=141367400149=FUZZ&campaign=FUZZ=18458298143=FUZZ&creative=FUZZ=632731468525=FUZZ&device=FUZZ=c=FUZZ&keyword=FUZZ=jira=FUZZ&matchtype=FUZZ=e=FUZZ&network=FUZZ=g=FUZZ&placement=FUZZ==FUZZ&ds_kids=FUZZ=p73363694894=FUZZ&ds_e=FUZZ=GOOGLE=FUZZ&ds_eid=FUZZ=700000001558501=FUZZ&ds_e1=FUZZ=GOOGLE=FUZZ&gclid=FUZZ=Cj0KCQiAm5ycBhCXARIsAPldzoXMnhJYj-gQOtUcDYMsv3mlgal8yvCwHozmVLEZkkKRfP0MOQ-CIqcaAl5kEALw_wcB=FUZZ&gclsrc=FUZZ=aw.ds=FUZZ&ref=FUZZ=FUZZ
https://www.atlassian.com/software/jira/agile?ref=FUZZ=FUZZ
https://www.atlassian.com/software/jira/demo?=FUZZ&aceid=FUZZ==FUZZ&adposition=FUZZ==FUZZ&adgroup=FUZZ=114044490366=FUZZ&campaign=FUZZ=11849005895=FUZZ&creative=FUZZ=536314448807=FUZZ&device=FUZZ=c=FUZZ&keyword=FUZZ=build%20app=FUZZ&matchtype=FUZZ=e=FUZZ&network=FUZZ=s=FUZZ&placement=FUZZ==FUZZ&ds_kids=FUZZ=p59464209289=FUZZ&ds_e=FUZZ=GOOGLE=FUZZ&ds_eid=FUZZ=700000001558501=FUZZ&ds_e1=FUZZ=GOOGLE=FUZZ&gclid=FUZZ=EAIaIQobChMIjP3Bhbv4-AIVWYfVCh0sbAvqEAAYASACEgJUsvD_BwE=FUZZ&gclsrc=FUZZ=FUZZ
https://www.atlassian.com/software/jira/demo?_mid=FUZZ=14053ab88a43fa20cd9a8e3237e51432=FUZZ&aceid=FUZZ==FUZZ&adposition=FUZZ=1t1=FUZZ&adgroup=FUZZ=9124376422=FUZZ&campaign=FUZZ=189421462=FUZZ&creative=FUZZ=246573968521=FUZZ&device=FUZZ=c=FUZZ&keyword=FUZZ=jira%20software=FUZZ&matchtype=FUZZ=e=FUZZ&network=FUZZ=g=FUZZ&placement=FUZZ==FUZZ&ds_kids=FUZZ=p19481712872=FUZZ&gclid=FUZZ=EAIaIQobChMIvsqH68Hu2AIVha_ICh0sYgPlEAAYASABEgI-K_D_BwE=FUZZ&gclsrc=FUZZ=FUZZ
https://www.atlassian.com/software/jira/docs/servers/jars/3.5.3/jira-jars-%3CSTRONG%3E%3CA%20href=FUZZ=FUZZ
https://www.atlassian.com/software/jira/download/%3C%25=FUZZ=FUZZ
https://www.atlassian.com/software/jira/download/data-center?ref=FUZZ=FUZZ
https://www.atlassian.com/software/jira/download?ref=FUZZ=FUZZ
https://www.atlassian.com/software/jira/features?ref=FUZZ=FUZZ
https://www.atlassian.com/software/jira/features/roadmaps?tab=FUZZ=FUZZ
https://www.atlassian.com/software/jira?=FUZZ&aceid=FUZZ==FUZZ&adposition=FUZZ=1t1=FUZZ&adgroup=FUZZ=53291765021=FUZZ&campaign=FUZZ=1450692381=FUZZ&creative=FUZZ=377553929952=FUZZ&device=FUZZ=c=FUZZ&keyword=FUZZ=jira=FUZZ&matchtype=FUZZ=e=FUZZ&network=FUZZ=g=FUZZ&placement=FUZZ==FUZZ&ds_kids=FUZZ=p34375792674=FUZZ&ds_e=FUZZ=GOOGLE=FUZZ&ds_eid=FUZZ=700000001558501=FUZZ&ds_e1=FUZZ=GOOGLE=FUZZ&gclid=FUZZ=CjwKCAjw_uDsBRAMEiwAaFiHa9lXv4mGcwZvR4jF4i_KsntJHQtt1o1xsFP4ytFiLCb4i2JrzuZ0NRoCodIQAvD_BwE=FUZZ&gclsrc=FUZZ=FUZZ
https://www.atlassian.com/software/jira?=FUZZ&aceid=FUZZ==FUZZ&adposition=FUZZ=1t1=FUZZ&adgroup=FUZZ=56344301236=FUZZ&campaign=FUZZ=1440540619=FUZZ&creative=FUZZ=301800347495=FUZZ&device=FUZZ=c=FUZZ&keyword=FUZZ=jira=FUZZ&matchtype=FUZZ=b=FUZZ&network=FUZZ=g=FUZZ&placement=FUZZ==FUZZ&ds_kids=FUZZ=p34163685147=FUZZ&ds_e=FUZZ=GOOGLE=FUZZ&ds_eid=FUZZ=700000001558501=FUZZ&ds_e1=FUZZ=GOOGLE=FUZZ&gclid=FUZZ=CjwKCAjwvuzkBRAhEiwA9E3FUtn_sWZmIfoJIvsXxJ9Ul8xpuVkmy1xIsn3MILVbVXA5vq1oJTGyZRoCZDIQAvD_BwE=FUZZ&gclsrc=FUZZ=FUZZ
https://www.atlassian.com/software/jira?=FUZZ&aceid=FUZZ==FUZZ&adposition=FUZZ=1t1=FUZZ&adgroup=FUZZ=56999362060=FUZZ&campaign=FUZZ=1439934479=FUZZ&creative=FUZZ=301800205439=FUZZ&device=FUZZ=c=FUZZ&keyword=FUZZ=jira%20software=FUZZ&matchtype=FUZZ=e=FUZZ&network=FUZZ=g=FUZZ&placement=FUZZ==FUZZ&ds_kids=FUZZ=p34164036197=FUZZ&ds_e=FUZZ=GOOGLE=FUZZ&ds_eid=FUZZ=700000001558501=FUZZ&ds_e1=FUZZ=GOOGLE=FUZZ&gclid=FUZZ=EAIaIQobChMI_cHrwpPB4QIVDeDICh0-NAmREAAYASAAEgJnAvD_BwE=FUZZ&gclsrc=FUZZ=FUZZ
https://www.atlassian.com/software/jira?=FUZZ&aceid=FUZZ==FUZZ&adposition=FUZZ=1t1=FUZZ&adgroup=FUZZ=67758036440=FUZZ&campaign=FUZZ=1677190518=FUZZ&creative=FUZZ=325101521209=FUZZ&device=FUZZ=c=FUZZ&keyword=FUZZ=jira=FUZZ&matchtype=FUZZ=e=FUZZ&network=FUZZ=g=FUZZ&placement=FUZZ==FUZZ&ds_kids=FUZZ=p40315611282=FUZZ&ds_e=FUZZ=GOOGLE=FUZZ&ds_eid=FUZZ=700000001558501=FUZZ&ds_e1=FUZZ=GOOGLE=FUZZ&gclid=FUZZ=EAIaIQobChMI4oG10OeS4AIVS46PCh2B6A_2EAAYASAAEgKQH_D_BwE=FUZZ&gclsrc=FUZZ=FUZZ
https://www.atlassian.com/software/jira?=FUZZ&aceid=FUZZ==FUZZ&adposition=FUZZ==FUZZ&adgroup=FUZZ=120507720138=FUZZ&campaign=FUZZ=12529944222=FUZZ&creative=FUZZ=505791410387=FUZZ&device=FUZZ=c=FUZZ&keyword=FUZZ=scrum=FUZZ&matchtype=FUZZ=e=FUZZ&network=FUZZ=g=FUZZ&placement=FUZZ==FUZZ&ds_kids=FUZZ=p62121693897=FUZZ&ds_e=FUZZ=GOOGLE=FUZZ&ds_eid=FUZZ=700000001558501=FUZZ&ds_e1=FUZZ=GOOGLE=FUZZ&gclid=FUZZ=CjwKCAjw7--KBhAMEiwAxfpkWEebsCcH9GgCVdSGci7NNM97coWukNpznoGCz1qflgmErand1OylsRoCnd0QAvD_BwE=FUZZ&gclsrc=FUZZ=FUZZ
https://www.atlassian.com/software/jira?=FUZZ&aceid=FUZZ==FUZZ&adposition=FUZZ==FUZZ&adgroup=FUZZ=140479881486=FUZZ&campaign=FUZZ=18442480203=FUZZ&creative=FUZZ=632731450258=FUZZ&device=FUZZ=c=FUZZ&keyword=FUZZ=jira=FUZZ&matchtype=FUZZ=e=FUZZ&network=FUZZ=g=FUZZ&placement=FUZZ==FUZZ&ds_kids=FUZZ=p73335832032=FUZZ&ds_e=FUZZ=GOOGLE=FUZZ&ds_eid=FUZZ=700000001558501=FUZZ&ds_e1=FUZZ=GOOGLE=FUZZ&gclid=FUZZ=Cj0KCQiA3eGfBhCeARIsACpJNU_CYLl_cL3H4QwxoVycNS_ZPQZogvRQ6L-ij23gL9ev5LTuVQcu414aAh6jEALw_wcB=FUZZ&gclsrc=FUZZ=FUZZ
https://www.atlassian.com/software/jira?=FUZZ&aceid=FUZZ==FUZZ&adposition=FUZZ==FUZZ&adgroup=FUZZ=140479881486=FUZZ&campaign=FUZZ=18442480203=FUZZ&creative=FUZZ=632731450258=FUZZ&device=FUZZ=c=FUZZ&keyword=FUZZ=jira=FUZZ&matchtype=FUZZ=e=FUZZ&network=FUZZ=g=FUZZ&placement=FUZZ==FUZZ&ds_kids=FUZZ=p73335832032=FUZZ&ds_e=FUZZ=GOOGLE=FUZZ&ds_eid=FUZZ=700000001558501=FUZZ&ds_e1=FUZZ=GOOGLE=FUZZ&gclid=FUZZ=Cj0KCQiA_bieBhDSARIsADU4zLcwZ4d-uqXr3vdPQHENYamEuxitdf3J7FbVL7FI34xo5UkJvIIoNe0aAo_EEALw_wcB=FUZZ&gclsrc=FUZZ=FUZZ
https://www.atlassian.com/software/jira?=FUZZ&aceid=FUZZ==FUZZ&adposition=FUZZ==FUZZ&adgroup=FUZZ=140479881486=FUZZ&campaign=FUZZ=18442480203=FUZZ&creative=FUZZ=632731450261=FUZZ&device=FUZZ=c=FUZZ&keyword=FUZZ=jira=FUZZ&matchtype=FUZZ=e=FUZZ&network=FUZZ=g=FUZZ&placement=FUZZ==FUZZ&ds_kids=FUZZ=p73335832032=FUZZ&ds_e=FUZZ=GOOGLE=FUZZ&ds_eid=FUZZ=700000001558501=FUZZ&ds_e1=FUZZ=GOOGLE=FUZZ&gclid=FUZZ=CjwKCAiAxP2eBhBiEiwA5puhNXUgjmjC4-E3L2utodxc6o0qqvce3TU-DkL5cNSdztwhiTDS8vzpAhoCWyQQAvD_BwE=FUZZ&gclsrc=FUZZ=FUZZ
https://www.atlassian.com/software/jira?=FUZZ&aceid=FUZZ==FUZZ&adposition=FUZZ==FUZZ&adgroup=FUZZ=143485223644=FUZZ&campaign=FUZZ=18442427757=FUZZ&creative=FUZZ=632787643673=FUZZ&device=FUZZ=c=FUZZ&keyword=FUZZ=jira=FUZZ&matchtype=FUZZ=e=FUZZ&network=FUZZ=g=FUZZ&placement=FUZZ==FUZZ&ds_kids=FUZZ=p73345677068=FUZZ&ds_e=FUZZ=GOOGLE=FUZZ&ds_eid=FUZZ=700000001558501=FUZZ&ds_e1=FUZZ=GOOGLE=FUZZ&gclid=FUZZ=CjwKCAiAoL6eBhA3EiwAXDom5nAH9CeAQ2BjsTZVMuO0atkZzo6JCyRGybXTM11Mzc8cybwtP4oPABoCCTQQAvD_BwE=FUZZ&gclsrc=FUZZ=FUZZ
https://www.atlassian.com/software/jira?=FUZZ&aceid=FUZZ==FUZZ&adposition=FUZZ==FUZZ&adgroup=FUZZ=143485223644=FUZZ&campaign=FUZZ=18442427757=FUZZ&creative=FUZZ=651996522852=FUZZ&device=FUZZ=c=FUZZ&keyword=FUZZ=jira=FUZZ&matchtype=FUZZ=e=FUZZ&network=FUZZ=g=FUZZ&placement=FUZZ==FUZZ&ds_kids=FUZZ=p73345677068=FUZZ&ds_e=FUZZ=GOOGLE=FUZZ&ds_eid=FUZZ=700000001558501=FUZZ&ds_e1=FUZZ=GOOGLE=FUZZ&gclid=FUZZ=Cj0KCQjww4-hBhCtARIsAC9gR3ZPmjAluL9sY0ek4VBwKHWkOGuztsqFlqvsQnb7asztzbFADkv3DWkaAmejEALw_wcB=FUZZ&gclsrc=FUZZ=FUZZ
https://www.atlassian.com/software/jira?=FUZZ&aceid=FUZZ==FUZZ&adposition=FUZZ==FUZZ&adgroup=FUZZ=144591217916=FUZZ&campaign=FUZZ=19313277976=FUZZ&creative=FUZZ=642044761145=FUZZ&device=FUZZ=c=FUZZ&keyword=FUZZ=jira=FUZZ&matchtype=FUZZ=e=FUZZ&network=FUZZ=g=FUZZ&placement=FUZZ==FUZZ&ds_kids=FUZZ=p74602868222=FUZZ&ds_e=FUZZ=GOOGLE=FUZZ&ds_eid=FUZZ=700000001558501=FUZZ&ds_e1=FUZZ=GOOGLE=FUZZ&gclid=FUZZ=Cj0KCQiA_P6dBhD1ARIsAAGI7HBxczxvKK3Mndc3TrLr8BckvPaXAuWpdVJe6LWXFpPpbojNCAgS7rgaAsSFEALw_wcB=FUZZ&gclsrc=FUZZ=FUZZ
https://www.atlassian.com/software/jira?=FUZZ&aceid=FUZZ==FUZZ&adposition=FUZZ==FUZZ&adgroup=FUZZ=56999361780=FUZZ&campaign=FUZZ=1439934479=FUZZ&creative=FUZZ=429724101024=FUZZ&device=FUZZ=c=FUZZ&keyword=FUZZ=jira=FUZZ&matchtype=FUZZ=e=FUZZ&network=FUZZ=g=FUZZ&placement=FUZZ==FUZZ&ds_kids=FUZZ=p34164036185=FUZZ&ds_e=FUZZ=GOOGLE=FUZZ&ds_eid=FUZZ=700000001558501=FUZZ&ds_e1=FUZZ=GOOGLE=FUZZ&gclid=FUZZ=CjwKCAjw9-KTBhBcEiwAr19igyPaW2fvPfvraq1CejGBnZefhtIbRrFLWl7YSRVhbjTaWeaMe-xZExoCvHQQAvD_BwE=FUZZ&gclsrc=FUZZ=FUZZ
https://www.atlassian.com/software/jira?=FUZZ&aceid=FUZZ==FUZZ&adposition=FUZZ==FUZZ&adgroup=FUZZ=56999361780=FUZZ&campaign=FUZZ=1439934479=FUZZ&creative=FUZZ=542638230149=FUZZ&device=FUZZ=c=FUZZ&keyword=FUZZ=jira=FUZZ&matchtype=FUZZ=e=FUZZ&network=FUZZ=g=FUZZ&placement=FUZZ==FUZZ&ds_kids=FUZZ=p34164036185=FUZZ&ds_e=FUZZ=GOOGLE=FUZZ&ds_eid=FUZZ=700000001558501=FUZZ&ds_e1=FUZZ=GOOGLE=FUZZ&gclid=FUZZ=Cj0KCQjw29CRBhCUARIsAOboZbJqeI285S3edSgJQ2N1J3cm3sW4IY1fb8UXw9tBSzBWl29NW0biVvQaAsVuEALw_wcB=FUZZ&gclsrc=FUZZ=FUZZ
https://www.atlassian.com/software/jira?=FUZZ&aceid=FUZZ==FUZZ&adposition=FUZZ==FUZZ&adgroup=FUZZ=89541903742=FUZZ&campaign=FUZZ=9124878174=FUZZ&creative=FUZZ=415542516439=FUZZ&device=FUZZ=c=FUZZ&keyword=FUZZ=jira%20software=FUZZ&matchtype=FUZZ=e=FUZZ&network=FUZZ=g=FUZZ&placement=FUZZ==FUZZ&ds_kids=FUZZ=p51242139362=FUZZ&ds_e=FUZZ=GOOGLE=FUZZ&ds_eid=FUZZ=700000001558501=FUZZ&ds_e1=FUZZ=GOOGLE=FUZZ&gclid=FUZZ=CjwKCAjwieuGBhAsEiwA1Ly_nZw8UZRXNRpb5kPVr1kwAsfYXob5MwHp6UtjEf65BcJE70u-I9jusBoCmQMQAvD_BwE=FUZZ&gclsrc=FUZZ=FUZZ
https://www.atlassian.com/software/jira?=FUZZ&aceid=FUZZ==FUZZ&adposition=FUZZ==FUZZ&adgroup=FUZZ=93058442140=FUZZ&campaign=FUZZ=9124878474=FUZZ&creative=FUZZ=524412164366=FUZZ&device=FUZZ=c=FUZZ&keyword=FUZZ=%2Bjira=FUZZ&matchtype=FUZZ=b=FUZZ&network=FUZZ=g=FUZZ&placement=FUZZ==FUZZ&ds_kids=FUZZ=p51394849945=FUZZ&ds_e=FUZZ=GOOGLE=FUZZ&ds_eid=FUZZ=700000001558501=FUZZ&ds_e1=FUZZ=GOOGLE=FUZZ&gclid=FUZZ=CjwKCAjwtIaVBhBkEiwAsr7-c1ujrS4aTw2dTwA4L5ZbcAjhFpcQJ46esd2cGYM7fNnd47AkOtCLEBoCE18QAvD_BwE=FUZZ&gclsrc=FUZZ=FUZZ
https://www.atlassian.com/software/jira?=FUZZ&aceid=FUZZ==FUZZ&adposition=FUZZ==FUZZ&adgroup=FUZZ=93058444300=FUZZ&campaign=FUZZ=9124878603=FUZZ&creative=FUZZ=475726741130=FUZZ&device=FUZZ=c=FUZZ&keyword=FUZZ=jira%20software%20tool=FUZZ&matchtype=FUZZ=e=FUZZ&network=FUZZ=g=FUZZ&placement=FUZZ==FUZZ&ds_kids=FUZZ=p51242180996=FUZZ&ds_e=FUZZ=GOOGLE=FUZZ&ds_eid=FUZZ=700000001558501=FUZZ&ds_e1=FUZZ=GOOGLE=FUZZ&gclid=FUZZ=Cj0KCQjwktKFBhCkARIsAJeDT0irN95x7Hk8WaA1bw_lVh_2ex793-bpjt5pnVooPAtVT_vru-YY34oaAnrQEALw_wcB=FUZZ&gclsrc=FUZZ=FUZZ
https://www.atlassian.com/software/jira?=FUZZ&aceid=FUZZ==FUZZ&adposition=FUZZ==FUZZ&adgroup=FUZZ=95003645449=FUZZ&campaign=FUZZ=9124878702=FUZZ&creative=FUZZ=475726743524=FUZZ&device=FUZZ=c=FUZZ&keyword=FUZZ=jira=FUZZ&matchtype=FUZZ=e=FUZZ&network=FUZZ=g=FUZZ&placement=FUZZ==FUZZ&ds_kids=FUZZ=p51242189318=FUZZ&ds_e=FUZZ=GOOGLE=FUZZ&ds_eid=FUZZ=700000001558501=FUZZ&ds_e1=FUZZ=GOOGLE=FUZZ&gclid=FUZZ=Cj0KCQjwweyFBhDvARIsAA67M73FgfOAvZRfqdg8fVOT35srNa4kUdM2WE1ZUK5HnzTNVlww78nCpJIaAiR5EALw_wcB=FUZZ&gclsrc=FUZZ=FUZZ
https://www.atlassian.com/software/jira?=FUZZ&aceid=FUZZ==FUZZ&adposition=FUZZ==FUZZ&adgroup=FUZZ=95003645449=FUZZ&campaign=FUZZ=9124878702=FUZZ&creative=FUZZ=542638212647=FUZZ&device=FUZZ=c=FUZZ&keyword=FUZZ=jira=FUZZ&matchtype=FUZZ=e=FUZZ&network=FUZZ=g=FUZZ&placement=FUZZ==FUZZ&ds_kids=FUZZ=p51242189318=FUZZ&ds_e=FUZZ=GOOGLE=FUZZ&ds_eid=FUZZ=700000001558501=FUZZ&ds_e1=FUZZ=GOOGLE=FUZZ&gclid=FUZZ=CjwKCAjw49qKBhAoEiwAHQVTo19-T-U9FIr9-4CO_L67VEdOJGaKlRmhdE8eiKZp1Vpi7VGRseS4gxoCQi4QAvD_BwE=FUZZ&gclsrc=FUZZ=FUZZ
https://www.atlassian.com/software/jira?=FUZZ&aceid=FUZZ==FUZZ&adposition=FUZZ==FUZZ&adgroup=FUZZ=95003649529=FUZZ&campaign=FUZZ=9124878840=FUZZ&creative=FUZZ=475726743785=FUZZ&device=FUZZ=c=FUZZ&keyword=FUZZ=jira%20project%20management%20tool=FUZZ&matchtype=FUZZ=e=FUZZ&network=FUZZ=g=FUZZ&placement=FUZZ==FUZZ&ds_kids=FUZZ=p51241553166=FUZZ&ds_e=FUZZ=GOOGLE=FUZZ&ds_eid=FUZZ=700000001558501=FUZZ&ds_e1=FUZZ=GOOGLE=FUZZ&gclid=FUZZ=Cj0KCQjw5JSLBhCxARIsAHgO2ScFcHSyzuAQoVm9WejIn-UvFJECz74gI9UQwNcTkw3vapZIeUrVyXwaAgRMEALw_wcB=FUZZ&gclsrc=FUZZ=FUZZ
https://www.atlassian.com/software/jira?=FUZZ&=FUZZ&aceid=FUZZ==FUZZ&=FUZZ&adposition=FUZZ==FUZZ&=FUZZ&adgroup=FUZZ=93058444980=FUZZ&=FUZZ&campaign=FUZZ=9124878606=FUZZ&=FUZZ&creative=FUZZ=542638212437=FUZZ&=FUZZ&device=FUZZ=c=FUZZ&=FUZZ&keyword=FUZZ=jira=FUZZ&=FUZZ&matchtype=FUZZ=e=FUZZ&=FUZZ&network=FUZZ=g=FUZZ&=FUZZ&placement=FUZZ==FUZZ&=FUZZ&ds_kids=FUZZ=p51242181056=FUZZ&=FUZZ&ds_e=FUZZ=GOOGLE=FUZZ&=FUZZ&ds_eid=FUZZ=700000001558501=FUZZ&=FUZZ&ds_e1=FUZZ=GOOGLE=FUZZ&=FUZZ&gclsrc=FUZZ=FUZZ
https://www.atlassian.com/software/jira?=FUZZ=undefined=FUZZ&aceid=FUZZ==FUZZ&adposition=FUZZ=1t1=FUZZ&adgroup=FUZZ=56999361780=FUZZ&campaign=FUZZ=1439934479=FUZZ&creative=FUZZ=340052397299=FUZZ&device=FUZZ=c=FUZZ&keyword=FUZZ=jira=FUZZ&matchtype=FUZZ=e=FUZZ&network=FUZZ=g=FUZZ&placement=FUZZ==FUZZ&ds_kids=FUZZ=p34164036185=FUZZ&ds_e=FUZZ=GOOGLE=FUZZ&ds_eid=FUZZ=700000001558501=FUZZ&ds_e1=FUZZ=GOOGLE=FUZZ&gclid=FUZZ=Cj0KCQjw0brtBRDOARIsANMDykbiqnerQzZRlvegJzYTZjtYZ02LKgvdOXz0GmkD9cKaKDXrcFUaZqsaAhaBEALw_wcB=FUZZ&gclsrc=FUZZ=FUZZ
https://www.atlassian.com/software/jira/guides/getting-started/who-uses-jira?ref=FUZZ=FUZZ
https://www.atlassian.com/software/jira/guides/use-cases/what-is-jira-used-for?ref=FUZZ=FUZZ
https://www.atlassian.com/software/jira?_mid=FUZZ=1c81a0ff080495f086f42fd1392878ec=FUZZ&aceid=FUZZ==FUZZ&adposition=FUZZ=1t1=FUZZ&adgroup=FUZZ=9124219462=FUZZ&campaign=FUZZ=189405382=FUZZ&creative=FUZZ=220414591135=FUZZ&device=FUZZ=c=FUZZ&keyword=FUZZ=jira=FUZZ&matchtype=FUZZ=e=FUZZ&network=FUZZ=g=FUZZ&placement=FUZZ==FUZZ&ds_kids=FUZZ=p19481641877=FUZZ&gclid=FUZZ=EAIaIQobChMIucDz6qKt2wIVyhwrCh07FwW9EAAYASAAEgIj7fD_BwE=FUZZ&gclsrc=FUZZ=FUZZ
https://www.atlassian.com/software/jira?_mid=FUZZ=1c81a0ff080495f086f42fd1392878ec=FUZZ&aceid=FUZZ==FUZZ&adposition=FUZZ=1t1=FUZZ&adgroup=FUZZ=9124219462=FUZZ&campaign=FUZZ=189405382=FUZZ&creative=FUZZ=220414591138=FUZZ&device=FUZZ=c=FUZZ&keyword=FUZZ=jira=FUZZ&matchtype=FUZZ=e=FUZZ&network=FUZZ=g=FUZZ&placement=FUZZ==FUZZ&ds_kids=FUZZ=p19481641877=FUZZ&gclid=FUZZ=FUZZ
https://www.atlassian.com/software/jira?_mid=FUZZ=6c1563836fd5bcabd11644b5dc9be955=FUZZ&gclid=FUZZ=FUZZ
https://www.atlassian.com/software/jira/mobile-app?ref=FUZZ=FUZZ
https://www.atlassian.com/software/jira/pricing?ref=FUZZ=FUZZ
https://www.atlassian.com/software/jira?ref=FUZZ=FUZZ
https://www.atlassian.com/software/jira/service-desk/pricing?tab=FUZZ=FUZZ
https://www.atlassian.com/software/jira/service-management/features/service-desk?ref=FUZZ=FUZZ
https://www.atlassian.com/software/jira/service-management?=FUZZ&aceid=FUZZ==FUZZ&adposition=FUZZ==FUZZ&adgroup=FUZZ=91059227746=FUZZ&campaign=FUZZ=9038641586=FUZZ&creative=FUZZ=486418249621=FUZZ&device=FUZZ=c=FUZZ&keyword=FUZZ=jira%20service%20desk=FUZZ&matchtype=FUZZ=e=FUZZ&network=FUZZ=g=FUZZ&placement=FUZZ==FUZZ&ds_kids=FUZZ=p51198274322=FUZZ&ds_e=FUZZ=GOOGLE=FUZZ&ds_eid=FUZZ=700000001721198=FUZZ&ds_e1=FUZZ=GOOGLE=FUZZ&gclid=FUZZ=Cj0KCQjwktKFBhCkARIsAJeDT0jd7A179YeTY1IkbzZnct_zkv2sSqFexQwT93fESdzvbrcXi6kBtYYaAj2SEALw_wcB=FUZZ&gclsrc=FUZZ=FUZZ
https://www.atlassian.com/software/jira/service-management/pricing?tab=FUZZ=FUZZ
https://www.atlassian.com/software/jira/service-management?ref=FUZZ=FUZZ
https://www.atlassian.com/software/jira/templates?category=FUZZ=finance=FUZZ
https://www.atlassian.com/software/jira/templates?category=FUZZ=FUZZ
https://www.atlassian.com/software/jira/templates?category=FUZZ=sales=FUZZ
https://www.atlassian.com/software/jira/templates?category=FUZZ=service-management=FUZZ
https://www.atlassian.com/software/jira/templates?category=FUZZ=work-management=FUZZ
https://www.atlassian.com/software/jira/templates?=FUZZ&search=FUZZ=FUZZ
https://www.atlassian.com/software/jira/templates?template-bundles=FUZZ=customer-template-bundles=FUZZ
https://www.atlassian.com/software/opsgenie?ref=FUZZ=FUZZ
https://www.atlassian.com/software/opsgenie/what-is-opsgenie?=FUZZ&aceid=FUZZ==FUZZ&adposition=FUZZ==FUZZ&adgroup=FUZZ=91087204453=FUZZ&campaign=FUZZ=9044957661=FUZZ&creative=FUZZ=413968556382=FUZZ&device=FUZZ=c=FUZZ&keyword=FUZZ=atlassian%20opsgenie=FUZZ&matchtype=FUZZ=e=FUZZ&network=FUZZ=g=FUZZ&placement=FUZZ==FUZZ&ds_kids=FUZZ=p51207057301=FUZZ&ds_e=FUZZ=GOOGLE=FUZZ&ds_eid=FUZZ=700000001786355=FUZZ&ds_e1=FUZZ=GOOGLE=FUZZ&gclid=FUZZ=CjwKCAjw-5v7BRAmEiwAJ3DpuPsXpQ2v79PUYfj_h4YA7nhusasWiGqEQ-i2qIxhMX0V8SANdyXGLxoCkFgQAvD_BwE=FUZZ&gclsrc=FUZZ=FUZZ
https://www.atlassian.com/software?ref=FUZZ=FUZZ
https://www.atlassian.com/software/sourcetree/overview?ref=FUZZ=FUZZ
https://www.atlassian.com/software/sourcetree?ref=FUZZ=FUZZ
https://www.atlassian.com/software/startups?s_kwcid=FUZZ=FUZZ
https://www.atlassian.com/software/stash?ref=FUZZ=FUZZ
https://www.atlassian.com/software/statuspage?ref=FUZZ=FUZZ
https://www.atlassian.com/software/views/bitbucket-academic-license.jsp?ref=FUZZ=FUZZ
https://www.atlassian.com/software/views/bitbucket-academic-license?ref=FUZZ=FUZZ
https://www.atlassian.com/starter/?s_kwcid=FUZZ=FUZZ
https://www.atlassian.com/starter?s_kwcid=FUZZ=FUZZ
https://www.atlassian.com/survey/classroom-license-request?ref=FUZZ=FUZZ
https://www.atlassian.com/?tab=FUZZ=FUZZ
https://www.atlassian.com/team-playbook/plays?attribute=FUZZ=remote=FUZZ
https://www.atlassian.com/team-playbook/plays/my-user-manual?ref=FUZZ=FUZZ
https://www.atlassian.com/team-playbook/plays?painPoints=FUZZ=FUZZ
https://www.atlassian.com/trust/marketplace?__hstc=FUZZ=72543820.b12c5995f448489398289c7522611f0e.1642089461181.1643126158263.1643211069181.15=FUZZ&__hssc=FUZZ=72543820.59.1643211069181=FUZZ&__hsfp=FUZZ=FUZZ
https://www.atlassian.com/trust/marketplace?__hstc=FUZZ=72543820.b12c5995f448489398289c7522611f0e.1642089461181.1643126158263.1643211069181.15=FUZZ&__hssc=FUZZ=72543820.64.1643211069181=FUZZ&__hsfp=FUZZ=FUZZ
https://www.atlassian.com/trust/marketplace?__hstc=FUZZ=72543820.b12c5995f448489398289c7522611f0e.1642089461181.1643126158263.1643211069181.15=FUZZ&__hssc=FUZZ=72543820.71.1643211069181=FUZZ&__hsfp=FUZZ=FUZZ
https://www.atlassian.com/trust/marketplace?source=FUZZ=FUZZ
https://www.atlassian.com/try/cloud/signup?bundle=FUZZ=confluence=FUZZ&edition=FUZZ=FUZZ
https://www.atlassian.com/try/cloud/signup?bundle=FUZZ=FUZZ
https://www.atlassian.com/try/cloud/signup?bundle=FUZZ=jira-core-confluence=FUZZ&edition=FUZZ=FUZZ
https://www.atlassian.com/try/cloud/signup?bundle=FUZZ=jira=FUZZ&edition=FUZZ=FUZZ
https://www.atlassian.com/try/cloud/signup?bundle=FUZZ=jira-service-desk=FUZZ&edition=FUZZ=FUZZ
https://www.atlassian.com/try/cloud/signup?bundle=FUZZ=jira-software=FUZZ&edition=FUZZ=free=FUZZ&templateId=FUZZ=com.pyxis.greenhopper.jira:gh-simplified-basic=FUZZ&continue=FUZZ=FUZZ
https://www.atlassian.com/try/cloud/signup?product=FUZZ=confluence.ondemand=FUZZ&templateId=FUZZ=com.atlassian.confluence.plugins.confluence-business-blueprints:4-ls-retrospective-blueprint=FUZZ&edition=FUZZ=free=FUZZ&continue=FUZZ=FUZZ
https://www.atlassian.com/try/cloud/signup?product=FUZZ=FUZZ
https://www.atlassian.com/?v=FUZZ=FUZZ
https://www.atlassian.com/wac/roadmap/data-center?status=FUZZ==FUZZ
https://www.atlassian.com/webinars/all?tab=FUZZ=FUZZ
https://www.atlassian.com/work-management/knowledge-sharing/documentation/importance-of-documentation%23:~:text=FUZZ=Documentation%2520is%2520essential%2520to%2520quality%2520and%2520process%2520control=FUZZ&text=FUZZ=FUZZ
https://www.atlassian.com/work-management/project-collaboration/brainstorming?ref=FUZZ=FUZZ
https://www.atlassian.com/work-management/strategic-planning/okrs?ref=FUZZ=FUZZ
https://www.atlassian.com/work-management/strategic-planning/setting-goals/okrs?ref=FUZZ=FUZZ
https://www.atlassian.com/zh/roadmap/cloud?selectedProduct=FUZZ=FUZZ
https://www.atlassian.com/zh/roadmap/cloud?tab=FUZZ=FUZZ
https://www.atlassian.com/zh/software/bamboo/%3C%25=FUZZ=FUZZ
https://www.atlassian.com/zh/software/bitbucket/download/%3C%25=FUZZ=FUZZ
https://www.atlassian.com/zh/software/confluence/templates/search?term=FUZZ=FUZZ
https://www.atlassian.com/zh/software/jira/templates?product=FUZZ=jira-service-management=FUZZ
https://www.atlassian.com/zh/software/pricing-calculator?tab=FUZZ=FUZZ
https://www.atlassian.com/zh/try/cloud/signup?bundle=FUZZ=confluence=FUZZ&edition=FUZZ=FUZZ
https://www.atlassian.com/zh/try/cloud/signup?bundle=FUZZ=jira-software=FUZZ&edition=FUZZ=free=FUZZ&templateId=FUZZ=com.pyxis.greenhopper.jira:gh-simplified-agility-kanban=FUZZ&continue=FUZZ=FUZZ
http://www.atlassian.com/blog?attachment_id=FUZZ=FUZZ
http://www.atlassian.com/enterprise/resources?format=FUZZ=customer-story=FUZZ&platform=FUZZ=FUZZ
http://www.atlassian.com/roadmap/data-center?status=FUZZ==FUZZ
