http://atlassian.com/software/confluence/pricing.jsp
https://atlassian.com/software/confluence/pricing.jsp
https://www.atlassian.com/about/connected.jsp?s_kwcid=Confluence-stayintouch
https://www.atlassian.com/about/customers.jsp
https://www.atlassian.com/about/default.jsp
https://www.atlassian.com/about/foundation.jsp
https://www.atlassian.com/about/jobs/systems-administrator-sf.jsp
https://www.atlassian.com/hosted/terms.jsp
https://www.atlassian.com/ja_JP/software/development-tools.jsp
https://www.atlassian.com/opensocial/explained.jsp
https://www.atlassian.com/sharepoint/default.jsp
https://www.atlassian.com/software/bamboo/features/elastic.jsp
https://www.atlassian.com/software/clover/features/insight.jsp
https://www.atlassian.com/software/clover/features/optimization.jsp
https://www.atlassian.com/software/clover/features/reports.jsp
https://www.atlassian.com/software/confluence/pricing.jsp
https://www.atlassian.com/software/confluence/pricing.jsp?type=nonprofit
https://www.atlassian.com/software/crucible/learn/whitepaper.jsp
https://www.atlassian.com/software/development-tools.jsp
https://www.atlassian.com/software/fisheye/videos/screencast.jsp
https://www.atlassian.com/software/japan-buy.jsp
https://www.atlassian.com/software/views/bitbucket-academic-license.jsp?ref=blog.codegiant.io
https://www.atlassian.com/support/japan.jsp
