https://www.atlassian.com/?__hstc=72543820.a7dfb10e8ebaca5d3372d65687a96769.1592474587590.1600914437837.1601393577801.22&__hssc=72543820.1.1601393577801&__hsfp=2653947065
https://www.atlassian.com/?ref=andraskora.com
https://www.atlassian.com/?ref=blog.codegiant.io
https://www.atlassian.com/?ref=buffer.com
https://www.atlassian.com/?ref=glancefyi
https://www.atlassian.com/?ref=harveynick.com
https://www.atlassian.com/?ref=preflight.com/blog
https://www.atlassian.com/?ref=robertcollings.com
https://www.atlassian.com/?ref=startupmelbourne.com
https://www.atlassian.com/?tab=agile-and-devops
https://www.atlassian.com/?v=v
https://www.atlassian.com/about/connected.jsp?s_kwcid=Confluence-stayintouch
https://www.atlassian.com/agile/advantage/agile-is-a-competitive-advantage?source=post_page---------------------------
https://www.atlassian.com/agile/agile-at-scale/lean-portfolio-management?ref=digitalmaneuver.com
https://www.atlassian.com/agile/agile-at-scale/okr?ref=adamhobson.com
https://www.atlassian.com/agile/agile-at-scale/okr?ref=tessakriesel.com
https://www.atlassian.com/agile/agile-at-scale/spotify?ref=product-oversee
https://www.atlassian.com/agile/kanban/boards?ref=blog.earthfound.studio
https://www.atlassian.com/agile/kanban/boards?ref=jdno.dev
https://www.atlassian.com/agile/kanban/boards?ref=pickthebrain.instinct.vet
https://www.atlassian.com/agile/kanban/wip-limits?ref=bb.place
https://www.atlassian.com/agile/kanban?ref=myndbend.com
https://www.atlassian.com/agile/kanban?ref=preflight.com/blog
https://www.atlassian.com/agile/project-management/estimation?ref=ryan-hinojosa
https://www.atlassian.com/agile/project-management/metrics?ref=spaceninja.com
https://www.atlassian.com/agile/project-management/user-stories?ref=blog.codegiant.io
https://www.atlassian.com/agile/project-management/user-stories?ref=ita.iter-idea.com
https://www.atlassian.com/agile/project-management/user-stories?ref=lukelowrey.com
https://www.atlassian.com/agile/project-management/user-stories?ref=newsletter.skiplevel.co
https://www.atlassian.com/agile/scrum/sprints?ref=brianchristner.io
https://www.atlassian.com/agile/scrum/sprints?ref=grantwinney.com
https://www.atlassian.com/agile/scrum/standups?ref=brianchristner.io
https://www.atlassian.com/agile/scrum/standups?ref=robertcollings.com
https://www.atlassian.com/agile/scrum/standups?ref=spaceninja.com
https://www.atlassian.com/agile/scrum/standups?ref=translated.dev
https://www.atlassian.com/agile/scrum?ref=grantwinney.com
https://www.atlassian.com/agile/tutorials/burndown-charts?ref=spaceninja.com
https://www.atlassian.com/agile?ref=build.betterup.com
https://www.atlassian.com/agile?ref=charterworks.com
https://www.atlassian.com/blog/announcements/our-bold-new-brand?ref=bestwebsite.gallery
https://www.atlassian.com/blog/archives/atlassian_acquires_bitbucket_org_distributed_version_control_system_hosting?ref=blog.codegiant.io
https://www.atlassian.com/blog/inside-atlassian/1-on-1-meeting-tips?ref=alian.info
https://www.atlassian.com/blog/leadership/return-on-action-report-2021-employee-expectations?te=1&nl=dealbook&emc=edit_dk_20220220
https://www.atlassian.com/blog/platform/top-five-benefits-of-cloud?__hstc=72543820.8f3045d6bbfb9a43cbd380495122c8e2.1629991412534.1632229290144.1632240295456.45&__hssc=72543820.10.1632240295456&__hsfp=1262728547
https://www.atlassian.com/blog/productivity/how-to-write-smart-goals?ref=adamhobson.com
https://www.atlassian.com/blog/productivity/how-to-write-smart-goals?ref=rosie.land
https://www.atlassian.com/blog/productivity/how-to-write-smart-goals?ref=tessakriesel.com
https://www.atlassian.com/blog/productivity/how-to-write-smart-goals?ref=workingsoftware.dev
https://www.atlassian.com/blog/productivity/how-to-write-smart-goals?ref=xperiencify.mymidnight.blog
https://www.atlassian.com/blog/productivity/shorter-workweek?jobid=105231860&subid=1592707642
https://www.atlassian.com/blog/productivity/work-burnout-symptoms-and-prevention?ref=alian.info
https://www.atlassian.com/blog/statuspage?ref=blog.helpdocs.io
https://www.atlassian.com/blog/teamwork/4-day-workweek-productivity-wellbeing-results?ref=newsletter.weeklyfilet.com
https://www.atlassian.com/blog/teamwork/how-to-run-effective-meetings?ref=blog.get-merit.com
https://www.atlassian.com/blog/teamwork/how-to-run-effective-meetings?ref=fireflies.ai
https://www.atlassian.com/blog/teamwork/virtual-team-building-activities-remote-teams?ref=remotenactive.com
http://www.atlassian.com/blog?attachment_id=39752
https://www.atlassian.com/blog/?attachment_id=39752
https://www.atlassian.com/blog?attachment_id=39752
https://www.atlassian.com/br/enterprise/contact?formType=pricing-quotes
https://www.atlassian.com/br/enterprise/contact?formType=product-features
https://www.atlassian.com/br/enterprise/?tab=cloud
https://www.atlassian.com/br/enterprise?tab=cloud
https://www.atlassian.com/br/enterprise/?tab=server-dc
https://www.atlassian.com/br/enterprise?tab=server-dc
https://www.atlassian.com/br/roadmap/cloud?tab=compliance
https://www.atlassian.com/br/software/bitbucket/%3C%25=%20latestEnterprise.releaseNotes%20%25%3E
https://www.atlassian.com/br/software/bitbucket/%3C%25=%20product.releaseNotes%20%25%3E
https://www.atlassian.com/br/software/bitbucket/%3C%25=%20version.releaseNotes%20%25%3E
https://www.atlassian.com/br/software/crowd/download/%3C%25=%20latestEnterprise.releaseNotes%20%25%3E
https://www.atlassian.com/br/software/crowd/download/%3C%25=%20product.releaseNotes%20%25%3E
https://www.atlassian.com/br/software/crowd/download/%3C%25=%20version.releaseNotes%20%25%3E
https://www.atlassian.com/br/software/jira/%3C%25=%20version.releaseNotes%20%25%3E
https://www.atlassian.com/br/software/jira/download/%3C%25=%20latestEnterprise.releaseNotes%20%25%3E
https://www.atlassian.com/br/software/jira/download/%3C%25=%20product.releaseNotes%20%25%3E
https://www.atlassian.com/br/software/jira/download/%3C%25=%20version.releaseNotes%20%25%3E
https://www.atlassian.com/br/software/jira/templates?product=jira-service-management&
https://www.atlassian.com/br/software/jira/templates?category=marketing
https://www.atlassian.com/br/software/jira?&aceid=&adposition=&adgroup=109687529944&campaign=10332064728&creative=443544724263&device=c&keyword=jira%20app&matchtype=e&network=g&placement=&ds_kids=p55123524886&ds_e=GOOGLE&ds_eid=700000001550060&ds_e1=GOOGLE&gclid=CjwKCAiAo5qABhBdEiwAOtGmbqIyTVwz1ergh1U-T07hDPNMJXt_zUUTXv2zYsIgzlL7f6k8BKj5WxoCKakQAvD_BwE&gclsrc=aw.ds
https://www.atlassian.com/br/software/jira?&aceid=&adposition=&adgroup=122417878310&campaign=12465632619&creative=502390396978&device=c&keyword=jira%20software&matchtype=e&network=g&placement=&ds_kids=p61643715365&ds_e=GOOGLE&ds_eid=700000001550060&ds_e1=GOOGLE&gclid=Cj0KCQiAw9qOBhC-ARIsAG-rdn7GsicjjwzdHUYkBJ36bXXUZtlIYcZVd19qIlyxpEh1RFK3ObAMsQgaAjBTEALw_wcB&gclsrc=aw.ds
https://www.atlassian.com/br/try/cloud/signup?bundle=confluence-jira-service-desk&edition=free
https://www.atlassian.com/br/try/cloud/signup?bundle=jira-software&edition=free&templateId=com.pyxis.greenhopper.jira:gh-simplified-agility-kanban&continue=https%3A%2F%2Fwww.atlassian.com%2Fsoftware%2Fjira%2Ftemplates%2Fkanban%3Fp%3Df33049ff-19
https://www.atlassian.com/br/try/cloud/signup?bundle=jira-software&edition=free&templateId=com.pyxis.greenhopper.jira:gh-simplified-agility-scrum&continue=https%3A%2F%2Fwww.atlassian.com%2Fsoftware%2Fjira%2Ftemplates%2Fscrum%3Fp%3D93912db6-9b
https://www.atlassian.com/company/careers/all-jobs?team=Finance%20%26%20Accounting&location=&search=
https://www.atlassian.com/company/careers/all-jobs?team=Data%20%26%20Analytics&location=&search=
https://www.atlassian.com/company/careers/all-jobs?team=Analytics%20%26%20Data%20Science&location=&search=
https://www.atlassian.com/company/careers/all-jobs?team=Customer%20Experience&location=&search=
https://www.atlassian.com/company/careers/all-jobs?team=Engineering&location=&search=
https://www.atlassian.com/company/careers/all-jobs?team=Graduates&location=&search=
https://www.atlassian.com/company/careers/all-jobs?team=IT&location=&search=
https://www.atlassian.com/company/careers/all-jobs?team=Legal&location=&search=
https://www.atlassian.com/company/careers/all-jobs?team=Marketing&location=&search=
https://www.atlassian.com/company/careers/all-jobs?team=People&location=&search=
https://www.atlassian.com/company/careers/all-jobs?team=Product%20Management&location=&search=
https://www.atlassian.com/company/careers/all-jobs?team=Sales&location=&search=
https://www.atlassian.com/company/careers/all-jobs?team=Security&location=&search=
https://www.atlassian.com/company/careers/all-jobs?team=Site%20Reliability%20Engineering&location=&search=
https://www.atlassian.com/company/careers/all-jobs?team=Support&location=&search=
https://www.atlassian.com/company/careers/all-jobs?team=Customer%20Experience&location=&search=research
https://www.atlassian.com/company/careers/all-jobs?team=&location=Boston&search=
https://www.atlassian.com/company/careers/all-jobs?team=Product%20Management&location=United%20States&search=
https://www.atlassian.com/company/careers/detail/0fa2b573-c31d-49f8-b473-8e191471c22c?trid=1e0b9127-2df6-4b3d-8bc4-d81ae332a601
https://www.atlassian.com/company/careers/detail/354f1c40-c89d-4491-a626-f617521c14aa?trid=1e0b9127-2df6-4b3d-8bc4-d81ae332a601
https://www.atlassian.com/company/careers/detail/3b9519b1-2e0a-4553-840a-948dd314a0e4?ref=Boooom.co
https://www.atlassian.com/company/careers/detail/553e8081-6fff-46f4-a23e-84a9392f315a?trid=1e0b9127-2df6-4b3d-8bc4-d81ae332a601
https://www.atlassian.com/company/careers/detail/6ae9c730-cffb-4210-a287-4ef9b595b5a2?ref=panicooler.com
https://www.atlassian.com/company/careers/detail/719d3210-9098-4dc5-b39c-9c23747c80cb?trid=1e0b9127-2df6-4b3d-8bc4-d81ae332a601?ref=Boooom.co
https://www.atlassian.com/company/careers/detail/f18701e0-73ce-4afb-8e12-63d23b038291?ref=panicooler.com
https://www.atlassian.com/company/careers/jobs/listing?org=ATLASSIAN&cws=1&rid=533
https://www.atlassian.com/company/careers/jobs/listing?org=ATLASSIAN&cws=1&rid=655
https://www.atlassian.com/company/careers/resources/perk-and-benefits/global/united-states?tab=employee-support
https://www.atlassian.com/company/careers/students?tab=graduates
https://www.atlassian.com/company/careers?org=ATLASSIAN&cws=1&rid=533
https://www.atlassian.com/company/careers?org=ATLASSIAN&cws=1&rid=655
https://www.atlassian.com/company/corporate-social-responsibility/report?tab=planet
https://www.atlassian.com/company/events/summit-europe/schedule?sessionid=168955
https://www.atlassian.com/company/events/summit-us/watch-sessions/2013/archives/inside-team-collaboration/keys-to-a-collaborative-company-culture?ref=pattichan.com
https://www.atlassian.com/company/events/summit-us/watch-sessions/2014/archives/collaboration-teams/from-watercooler-to-hr-managing-beyond-just-projects?ref=pattichan.com
https://www.atlassian.com/company/events/summit?ref=pattichan.com
https://www.atlassian.com/company/events/summit?sessionid=168955
https://www.atlassian.com/continuous-delivery/continuous-integration/trunk-based-development?ref=blog.amowu.com
https://www.atlassian.com/continuous-delivery/continuous-integration?ref=grant-winney
https://www.atlassian.com/continuous-delivery/different-types-of-software-testing?source=post_page---------------------------
https://www.atlassian.com/continuous-delivery/software-testing/types-of-software-testing?source=post_page---------------------------
https://www.atlassian.com/customers?&aceid=&adposition=&adgroup=104623561328&campaign=9616888216&creative=425915414607&device=c&keyword=%2Bconfluence%20%2Breviews&matchtype=b&network=g&placement=&ds_kids=p52353097630&ds_e=GOOGLE&ds_eid=700000001542923&ds_e1=GOOGLE&gclid=CjwKCAjw_LL2BRAkEiwAv2Y3SZSZfT4k7JC12poEFlWpdJtNn-dRXHUKOjTZw5EZhZAMzrRRAUKaxhoCQfkQAvD_BwE&gclsrc=aw.ds
https://www.atlassian.com/customers?page=1&sortParam=date_created%20desc&productsUsed=Bitbucket
https://www.atlassian.com/customers?page=1&sortParam=date_created%2520desc
https://www.atlassian.com/de/company/press/resources/?tab=screenshots
https://www.atlassian.com/de/company/press/resources?tab=screenshots
https://www.atlassian.com/de/git/tutorials/install-git?section=fedora
https://www.atlassian.com/de/git/tutorials/merging-vs-rebasing?section=conceptual-overview
https://www.atlassian.com/de/legal/data-processing-addendum?tid=312390987
https://www.atlassian.com/de/legal/data-processing-addendum?tid=322338167
https://www.atlassian.com/de/partners/search?name=basecom&page=1
https://www.atlassian.com/de/roadmap/data-center?status=comingSoon&product=confluence
https://www.atlassian.com/de/software/bamboo/%3C%25=%20latestEnterprise.releaseNotes%20%25%3E
https://www.atlassian.com/de/software/bitbucket/%3C%25=%20latestEnterprise.releaseNotes%20%25%3E
https://www.atlassian.com/de/software/bitbucket/%3C%25=%20product.releaseNotes%20%25%3E
https://www.atlassian.com/de/software/bitbucket/%3C%25=%20version.releaseNotes%20%25%3E
https://www.atlassian.com/de/software/confluence?&aceid=&adposition=&adgroup=105506996129&campaign=10326255575&creative=443588142662&device=c&keyword=confluence&matchtype=e&network=g&placement=&ds_kids=p55118171631&ds_e=GOOGLE&ds_eid=700000001549733&ds_e1=GOOGLE&gclid=CjwKCAiAv4n9BRA9EiwA30WND0N9sKkc2hW46QDpzLO2_bQA9AHjAnNmLxAZMNE3kEDDlHUlDVkfSBoC_O4QAvD_BwE&gclsrc=aw.ds
https://www.atlassian.com/de/software/confluence?&aceid=&adposition=1t1&adgroup=61098732604&campaign=1571673330&creative=385725860587&device=c&keyword=confluence&matchtype=e&network=g&placement=&ds_kids=p36982223849&ds_e=GOOGLE&ds_eid=700000001549733&ds_e1=GOOGLE&gclid=CjwKCAiA58fvBRAzEiwAQW-hzUP1fgPVHvEXXxCfJsWkW0fy9axRNx0AKBkiDPHzh1x_DLGIG3exURoC5JUQAvD_BwE&gclsrc=aw.ds
https://www.atlassian.com/de/software/confluence?kurator=netzwirtschaft
https://www.atlassian.com/de/software/confluence?ref=workingsoftware.dev
https://www.atlassian.com/de/software/jira/templates?category=service-management&
https://www.atlassian.com/de/software/jira/templates?category=human-resources
https://www.atlassian.com/de/software/jira/templates?category=work-management
https://www.atlassian.com/de/software/jira?&aceid=&adposition=&adgroup=55901283297&campaign=1496094401&creative=306073301684&device=c&keyword=jira&matchtype=e&network=g&placement=&ds_kids=p35508005545&ds_e=GOOGLE&ds_eid=700000001550060&ds_e1=GOOGLE&gclid=Cj0KCQjwmpb0BRCBARIsAG7y4zazLn2ubd3QHPElVOXkqqDNH4uHU_20lyIWgHBZ-0f3lqRmMRRN7FIaAj9ZEALw_wcB&gclsrc=aw.ds
https://www.atlassian.com/de/software/jira?kurator=netzwirtschaft
https://www.atlassian.com/de/try/cloud/signup?bundle=jira-software&edition=free&templateId=com.pyxis.greenhopper.jira:gh-simplified-agility-scrum&continue=https%3A%2F%2Fwww.atlassian.com%2Fsoftware%2Fjira%2Ftemplates%2Fscrum%3Fp%3D93912db6-9b
https://www.atlassian.com/de/try/cloud/signup?bundle=jira-work-management&edition=free
https://www.atlassian.com/de/webinars/all?tab=all
https://www.atlassian.com/de/?_mid=7b26c18ed7efd9c878151888099dae60&gclid=CLD73eCs0sQCFYSWtAodQRUAtw
https://www.atlassian.com/de?_mid=7b26c18ed7efd9c878151888099dae60&gclid=CLD73eCs0sQCFYSWtAodQRUAtw
https://www.atlassian.com/devops/what-is-devops/history-of-devops?ref=blog.kalvad.com
https://www.atlassian.com/devops/what-is-devops?ref=andraskora.com
https://www.atlassian.com/engineering/handbook?ref=alian.info
https://www.atlassian.com/enterprise/resources?format=&topic=product-features&platform=
http://www.atlassian.com/enterprise/resources?format=customer-story&platform=data-center
https://www.atlassian.com/enterprise/resources?format=customer-story&platform=data-center
https://www.atlassian.com/enterprise/support-services?tab=cloud
https://www.atlassian.com/es/enterprise/contact?formType=migration-options
https://www.atlassian.com/es/roadmap/cloud?selectedProduct=bitbucket
https://www.atlassian.com/es/roadmap/cloud?selectedProduct=jiraService
https://www.atlassian.com/es/software/confluence/features?tab=enterprise-plan
https://www.atlassian.com/es/software/confluence/pricing?tab=data-center
https://www.atlassian.com/es/software/jira/service-management/whats-new?category=cloud
https://www.atlassian.com/es/software/jira/service-management/whats-new?category=generalUpdate
https://www.atlassian.com/es/software/jira/service-management?category=cloud
https://www.atlassian.com/es/software/jira/service-management?category=generalUpdate
https://www.atlassian.com/es/software/jira/templates?category=service-management&
https://www.atlassian.com/es/software/jira/templates?category=work-management
https://www.atlassian.com/es/software/jira?&aceid=&adposition=&adgroup=109687534944&campaign=10332064743&creative=443576045705&device=c&keyword=jira&matchtype=e&network=g&placement=&ds_kids=p55122862511&ds_e=GOOGLE&ds_eid=700000001550060&ds_e1=GOOGLE&gclid=CjwKCAjwlrqHBhByEiwAnLmYUJnwk5Y0WRXcmP90kV4W-TinHDnwESI7YsMUBBWASVme847-Dz-CWRoChcoQAvD_BwE&gclsrc=aw.ds
https://www.atlassian.com/es/software/jira?&aceid=&adposition=&adgroup=109687534944&campaign=10332064743&creative=443576045708&device=c&keyword=jira&matchtype=e&network=g&placement=&ds_kids=p55122862511&ds_e=GOOGLE&ds_eid=700000001550060&ds_e1=GOOGLE&gclid=CjwKCAjwiOv7BRBREiwAXHbv3AHIpuue2sG01HM5dIvZ8E-El8QdcAxqjYJGDj1Lgx7kyxOW_9D59RoCnEYQAvD_BwE&gclsrc=aw.ds
https://www.atlassian.com/es/software/jira?&aceid=&adposition=1t1&adgroup=55901295097&campaign=1496094425&creative=306073303613&device=c&keyword=jira&matchtype=e&network=g&placement=&ds_kids=p35508006331&ds_e=GOOGLE&ds_eid=700000001550060&ds_e1=GOOGLE&gclid=EAIaIQobChMIlcTovOKs4wIVg-FRCh0d1AlJEAAYASAAEgKdkPD_BwE&gclsrc=aw.ds
https://www.atlassian.com/es/try/cloud/signup?bundle=confluence-jira-software&edition=free
https://www.atlassian.com/es/try/cloud/signup?bundle=jira-software&edition=free&templateId=com.pyxis.greenhopper.jira:gh-simplified-agility-scrum&continue=https%3A%2F%2Fwww.atlassian.com%2Fsoftware%2Fjira%2Ftemplates%2Fscrum%3Fp%3D93912db6-9b
https://www.atlassian.com/fr/enterprise/contact?formType=migration-options
https://www.atlassian.com/fr/enterprise/contact?formType=product-features
https://www.atlassian.com/fr/software/confluence?ref=ohmy.tools
https://www.atlassian.com/fr/software/jira/service-management/whats-new?category=generalUpdate
https://www.atlassian.com/fr/software/jira/service-management/whats-new?category=incidentManagement
https://www.atlassian.com/fr/software/jira/service-management?category=generalUpdate
https://www.atlassian.com/fr/software/jira/service-management?category=incidentManagement
https://www.atlassian.com/fr/software/jira/templates?category=design
https://www.atlassian.com/fr/software/jira?&aceid=&adposition=&adgroup=141259895274&campaign=17612698450&creative=607082607549&device=c&keyword=jira&matchtype=e&network=g&placement=&ds_kids=p71873549142&ds_e=GOOGLE&ds_eid=700000001558501&ds_e1=GOOGLE&gclid=EAIaIQobChMI5ti1gPGl-gIVibHtCh0MzAGjEAAYAiAAEgJzX_D_BwE&gclsrc=aw.ds
https://www.atlassian.com/fr/software/jira/?ref=thomas-guillaumont
https://www.atlassian.com/fr/software/jira?ref=thomas-guillaumont
https://www.atlassian.com/fr/try/cloud/signup?bundle=confluence&edition=standard
https://www.atlassian.com/fr/try/cloud/signup?bundle=confluence-jira-service-desk&edition=free
https://www.atlassian.com/fr/try/cloud/signup?bundle=jira-product-discovery
https://www.atlassian.com/fr/try/cloud/signup?bundle=jira-software&edition=free&templateId=com.pyxis.greenhopper.jira:gh-simplified-agility-kanban&continue=https%3A%2F%2Fwww.atlassian.com%2Fsoftware%2Fjira%2Ftemplates%2Fkanban%3Fp%3Df33049ff-19
https://www.atlassian.com/fr/webinars/all?tab=all
https://www.atlassian.com/git/tutorials/advanced-overview?ref=sturla.io
https://www.atlassian.com/git/tutorials/cherry-pick?ref=akjaw.com
https://www.atlassian.com/git/tutorials/comparing-workflows/gitflow-workflow?ref=blog.amowu.com
https://www.atlassian.com/git/tutorials/comparing-workflows/gitflow-workflow?ref=blog.supereasyapps.com
https://www.atlassian.com/git/tutorials/comparing-workflows/gitflow-workflow?ref=iamchuka.com
https://www.atlassian.com/git/tutorials/comparing-workflows?ref=chriskirby.net
https://www.atlassian.com/git/tutorials/comparing-workflows?ref=deanburge.com
https://www.atlassian.com/git/tutorials/comparing-workflows?ref=tmsvr.com
https://www.atlassian.com/git/tutorials/git-hooks?ref=learnshots.app
https://www.atlassian.com/git/tutorials/git-submodule?ref=sam.hope-evans.com
https://www.atlassian.com/git/tutorials/git-submodule?ref=tmsvr.com
https://www.atlassian.com/git/tutorials/install-git?section=build-git-from-source-on-os-x
https://www.atlassian.com/git/tutorials/install-git?section=homebrew
https://www.atlassian.com/git/tutorials/rewriting-history/git-rebase/?ref=lukemerrett.com
https://www.atlassian.com/git/tutorials/rewriting-history/git-rebase?ref=lukemerrett.com
https://www.atlassian.com/git/tutorials/undoing-changes/git-revert?ref=sturla.io
https://www.atlassian.com/git/tutorials/what-is-git?ref=faun
https://www.atlassian.com/git/tutorials/what-is-version-control?ref=nimblegeek.com
https://www.atlassian.com/git/workflows?ref=chriskirby.net
https://www.atlassian.com/git?ref=blog.ndcconferences.com
https://www.atlassian.com/git?ref=felixrieseberg.com
https://www.atlassian.com/hu/enterprise/contact?formType=pricing-quotes
https://www.atlassian.com/hu/software/crowd/download/%3C%25=%20latestEnterprise.releaseNotes%20%25%3E
https://www.atlassian.com/hu/software/crowd/download/%3C%25=%20product.releaseNotes%20%25%3E
https://www.atlassian.com/hu/software/crowd/download/%3C%25=%20version.releaseNotes%20%25%3E
https://www.atlassian.com/hu/software/jira/demo?partnerref=jswproducttour
https://www.atlassian.com/hu/software/jira/templates?category=design&
https://www.atlassian.com/hu/software/jira/templates?category=finance&
https://www.atlassian.com/hu/software/jira/templates?category=human-resources&
https://www.atlassian.com/hu/software/jira/templates?category=legal&
https://www.atlassian.com/hu/software/jira/templates?category=marketing&
https://www.atlassian.com/hu/software/jira/templates?category=operations&
https://www.atlassian.com/hu/software/jira/templates?category=sales&
https://www.atlassian.com/hu/try/cloud/signup?bundle=confluence&edition=free
https://www.atlassian.com/hu/try/cloud/signup?bundle=confluence&edition=free
https://www.atlassian.com/hu/try/cloud/signup?bundle=jira-service-desk&edition=premium
https://www.atlassian.com/incident-management/handbook?ref=blog.get-merit.com
https://www.atlassian.com/incident-management/kpis/cost-of-downtime?ref=blog.superhuman.com
https://www.atlassian.com/inside-atlassian/qa?ref=annemariecharrett.com
https://www.atlassian.com/it/enterprise/contact?formType=pricing-quotes
https://www.atlassian.com/it/enterprise/contact?formType=product-features
https://www.atlassian.com/it/migration/help?tab=advocates
https://www.atlassian.com/it/software/bitbucket/%3C%25=%20latestEnterprise.releaseNotes%20%25%3E
https://www.atlassian.com/it/software/bitbucket/%3C%25=%20product.releaseNotes%20%25%3E
https://www.atlassian.com/it/software/bitbucket/%3C%25=%20version.releaseNotes%20%25%3E
https://www.atlassian.com/it/software/crowd/download/%3C%25=%20latestEnterprise.releaseNotes%20%25%3E
https://www.atlassian.com/it/software/crowd/download/%3C%25=%20product.releaseNotes%20%25%3E
https://www.atlassian.com/it/software/crowd/download/%3C%25=%20version.releaseNotes%20%25%3E
https://www.atlassian.com/it/software/fisheye/%3C%25=%20product.releaseNotes%20%25%3E
https://www.atlassian.com/it/software/fisheye/%3C%25=%20version.releaseNotes%20%25%3E
https://www.atlassian.com/it/try/cloud/signup?bundle=devops
https://www.atlassian.com/it/try/cloud/signup?bundle=jira-core&edition=free
https://www.atlassian.com/it/try/cloud/signup?bundle=jira-core-confluence&edition=free
https://www.atlassian.com/it/try/cloud/signup?bundle=jira-service-desk&edition=free
https://www.atlassian.com/it/try/cloud/signup?bundle=opsgenie&edition=free
https://www.atlassian.com/it/try/cloud/signup?product=confluence.ondemand&edition=premium
https://www.atlassian.com/ja/roadmap/cloud?category=migrating&
https://www.atlassian.com/ja/software/bitbucket/pricing?tab=cloud-tab
https://www.atlassian.com/ja/software/confluence/features?tab=enterprise-plan
https://www.atlassian.com/ja/software/jira/pricing?tab=cloud
https://www.atlassian.com/ja/software/jira/templates?category=legal
https://www.atlassian.com/ja/try/cloud/signup?bundle=confluence&edition=free
https://www.atlassian.com/ja/try/cloud/signup?bundle=jira-core-confluence&edition=free
https://www.atlassian.com/ko/enterprise/contact?formType=migration-options
https://www.atlassian.com/ko/git/tutorials/install-git?section=build-git-from-source-on-linux
https://www.atlassian.com/ko/git/tutorials/install-git?section=build-git-from-source-on-os-x
https://www.atlassian.com/ko/git/tutorials/install-git?section=debian-ubuntu
https://www.atlassian.com/ko/git/tutorials/install-git?section=fedora
https://www.atlassian.com/ko/git/tutorials/install-git?section=git-for-mac-installer
https://www.atlassian.com/ko/git/tutorials/install-git?section=homebrew
https://www.atlassian.com/ko/git/tutorials/install-git?section=macports
https://www.atlassian.com/ko/git/tutorials/install-git?section=windows
https://www.atlassian.com/ko/roadmap/cloud?selectedProduct=confluence
https://www.atlassian.com/ko/software/crucible/%3C%25=%20product.releaseNotes%20%25%3E
https://www.atlassian.com/ko/software/crucible/%3C%25=%20version.releaseNotes%20%25%3E
https://www.atlassian.com/ko/software/jira/service-management/whats-new?category=generalUpdate
https://www.atlassian.com/ko/software/jira/service-management/whats-new?category=incidentManagement
https://www.atlassian.com/ko/software/jira/service-management?category=generalUpdate
https://www.atlassian.com/ko/software/jira/service-management?category=incidentManagement
https://www.atlassian.com/ko/try/cloud/signup?bundle=jira-service-desk&edition=premium
https://www.atlassian.com/ko/try/cloud/signup?bundle=jira-software&edition=free&templateId=com.pyxis.greenhopper.jira:gh-simplified-basic&continue=https%3A%2F%2Fwww.atlassian.com%2Fsoftware%2Fjira%2Ftemplates%2Fbug-tracking%3Fp%3Db818fc74-49
https://www.atlassian.com/ko/try/cloud/signup?bundle=jira-software&edition=free&templateId=com.pyxis.greenhopper.jira:gh-simplified-agility-kanban&continue=https%3A%2F%2Fwww.atlassian.com%2Fsoftware%2Fjira%2Ftemplates%2Fkanban%3Fp%3Df33049ff-19
https://www.atlassian.com/legal/data-processing-addendum?tid=312390987
https://www.atlassian.com/legal/data-processing-addendum?tid=322338167
https://www.atlassian.com/legal/privacy-policy?ref=adtechexplained.com
https://www.atlassian.com/legal/privacy-policy?tid=312390987
https://www.atlassian.com/licensing/data-center-approved-apps?__hstc=72543820.deec4cb6d1c005a752b04068d4e8d8c9.1628730135201.1629949562082.1629954557645.29&__hssc=72543820.6.1629954557645&__hsfp=3105977984
https://www.atlassian.com/licensing/purchase-licensing?__hstc=72543820.deec4cb6d1c005a752b04068d4e8d8c9.1628730135201.1629949562082.1629954557645.29&__hssc=72543820.6.1629954557645&__hsfp=3105977984
https://www.atlassian.com/microservices/microservices-architecture/microservices-vs-monolith?ref=blog.ippon.tech
https://www.atlassian.com/migration/assess/journey-to-cloud?tab=data-center-key-changes
https://www.atlassian.com/migration/assess/journey-to-cloud?tab=server-dates
https://www.atlassian.com/migration/journey-to-cloud?tab=data-center-key-changes
https://www.atlassian.com/migration/journey-to-cloud?tab=server-dates
https://www.atlassian.com/migration/key-offering-changes?tab=data-center-key-changes
https://www.atlassian.com/migration/key-offering-changes?tab=server-dates
https://www.atlassian.com/nl/software/fisheye/%3C%25=%20product.releaseNotes%20%25%3E
https://www.atlassian.com/nl/software/fisheye/%3C%25=%20version.releaseNotes%20%25%3E
https://www.atlassian.com/nl/software/jira/features/roadmaps?tab=basic
https://www.atlassian.com/nl/software/jira/service-management/download/%3C%25=%20latestEnterprise.releaseNotes%20%25%3E
https://www.atlassian.com/nl/software/jira/service-management/download/%3C%25=%20product.releaseNotes%20%25%3E
https://www.atlassian.com/nl/software/jira/service-management/download/%3C%25=%20version.releaseNotes%20%25%3E
https://www.atlassian.com/nl/software/jira/service-management/product-guide?bundle=compass
https://www.atlassian.com/nl/software/jira/templates?category=software-development&
https://www.atlassian.com/nl/try/cloud/signup?bundle=atlas
https://www.atlassian.com/nl/try/cloud/signup?bundle=confluence&edition=free
https://www.atlassian.com/nl/try/cloud/signup?bundle=jira-software&edition=premium
https://www.atlassian.com/nl/try/cloud/signup?bundle=jira-software-jira-service-desk&edition=free
https://www.atlassian.com/nl/try/cloud/signup?product=jira-software.ondemand&edition=premium
https://www.atlassian.com/ondemand/signup/form?product=jira-software.ondemand
https://www.atlassian.com/partners/search?page=1&locations=Vietnam
https://www.atlassian.com/partners/search?name=servodata&page=1
https://www.atlassian.com/partners/search?page=1
https://www.atlassian.com/partnerships/slack?ref=buffer.com
https://www.atlassian.com/partnerships/slack?ref=frustrat.com
https://www.atlassian.com/pl/enterprise/contact?formType=product-features
https://www.atlassian.com/pl/enterprise/resources?format=&topic=product-features&platform=
https://www.atlassian.com/pl/roadmap/cloud?selectedProduct=bitbucket
https://www.atlassian.com/pl/roadmap/cloud?tab=compliance
https://www.atlassian.com/pl/software/crowd/%3C%25=%20latestEnterprise.releaseNotes%20%25%3E
https://www.atlassian.com/pl/software/crowd/%3C%25=%20version.releaseNotes%20%25%3E
https://www.atlassian.com/pl/software/jira/%3C%25=%20latestEnterprise.releaseNotes%20%25%3E
https://www.atlassian.com/pl/software/jira/%3C%25=%20product.releaseNotes%20%25%3E
https://www.atlassian.com/pl/software/jira/%3C%25=%20version.releaseNotes%20%25%3E
https://www.atlassian.com/pl/software/jira/features/roadmaps?tab=basic
https://www.atlassian.com/pl/software/jira/service-management/product-guide?bundle=compass
https://www.atlassian.com/pl/software/jira/templates?category=software-development&
https://www.atlassian.com/pl/software/jira/templates?category=work-management
https://www.atlassian.com/pl/software/pricing-calculator?tab=monthly-pricing
https://www.atlassian.com/pl/try/cloud/signup?bundle=confluence&edition=free
https://www.atlassian.com/pl/try/cloud/signup?bundle=jira-service-management&edition=incentive
https://www.atlassian.com/pl/try/cloud/signup?bundle=jira-software&edition=free&templateId=com.pyxis.greenhopper.jira:gh-simplified-agility-kanban&continue=https%3A%2F%2Fwww.atlassian.com%2Fsoftware%2Fjira%2Ftemplates%2Fkanban%3Fp%3Df33049ff-19
https://www.atlassian.com/pl/try/cloud/signup?bundle=statuspage
https://www.atlassian.com/pl/try/cloud/signup?product=confluence.ondemand&edition=premium
https://www.atlassian.com/practices/open/research?ssrid=ssr
https://www.atlassian.com/practices/use-cases/inside-atlassian?ref=anne-marie-charrett
https://www.atlassian.com/practices/use-cases/inside-atlassian?ref=annemariecharrett.com
https://www.atlassian.com/roadmap/cloud?&search=proforma
https://www.atlassian.com/roadmap/cloud?status=future&
https://www.atlassian.com/roadmap/cloud?selectedProduct=&search=calendar
https://www.atlassian.com/roadmap/cloud?selectedProduct=bitbucket
https://www.atlassian.com/roadmap/cloud?selectedProduct=bitbucket
http://www.atlassian.com/roadmap/data-center?status=&
https://www.atlassian.com/roadmap/data-center?status=&
https://www.atlassian.com/roadmap/data-center?status=comingSoon;future&
https://www.atlassian.com/roadmap/data-center?enterprise=userManagement
https://www.atlassian.com/ru/enterprise/contact?formType=pricing-quotes
https://www.atlassian.com/ru/enterprise/resources?format=&topic=product-features&platform=
https://www.atlassian.com/ru/roadmap/cloud?selectedProduct=confluence
https://www.atlassian.com/ru/software/confluence/features?tab=enterprise-plan
https://www.atlassian.com/ru/software/confluence/pricing?tab=cloud
https://www.atlassian.com/ru/software/crucible/%3C%25=%20version.releaseNotes%20%25%3E
https://www.atlassian.com/ru/software/fisheye/%3C%25=%20product.releaseNotes%20%25%3E
https://www.atlassian.com/ru/software/fisheye/%3C%25=%20version.releaseNotes%20%25%3E
https://www.atlassian.com/ru/software/jira/templates?product=jira-service-management&
https://www.atlassian.com/ru/try/cloud/signup?bundle=confluence&edition=free
https://www.atlassian.com/ru/try/cloud/signup?bundle=devops
https://www.atlassian.com/ru/try/cloud/signup?bundle=jira-core&edition=premium
https://www.atlassian.com/ru/try/cloud/signup?bundle=jira-service-management&edition=incentive
https://www.atlassian.com/ru/try/cloud/signup?bundle=jira-software&edition=free&templateId=com.pyxis.greenhopper.jira:gh-simplified-agility-scrum&continue=https%3A%2F%2Fwww.atlassian.com%2Fsoftware%2Fjira%2Ftemplates%2Fscrum%3Fp%3D93912db6-9b
https://www.atlassian.com/ru/try/cloud/signup?bundle=jira-software&edition=free&express=true
https://www.atlassian.com/ru/try/cloud/signup?bundle=jira-software&edition=standard
https://www.atlassian.com/ru/try/cloud/signup?bundle=statuspage
https://www.atlassian.com/software/access/resources?format=documentation&
https://www.atlassian.com/software/bamboo/overview?_mid=4a6b6216d9c09e9f25b9e26e0a37ea3b&gclid=CLi1-dnEjLACFQwjfAodYXD3sA
https://www.atlassian.com/software/bamboo?_mid=4a6b6216d9c09e9f25b9e26e0a37ea3b&gclid=CLi1-dnEjLACFQwjfAodYXD3sA
https://www.atlassian.com/software/bamboo?ref=chriskirby.net
https://www.atlassian.com/software/bitbucket/download/data-center?ref=ww.epicm.org
https://www.atlassian.com/software/bitbucket/download?ref=ww.epicm.org
https://www.atlassian.com/software/bitbucket/pricing?tab=cloud
https://www.atlassian.com/software/bitbucket/pricing?tab=host-in-the-cloud
https://www.atlassian.com/software/bitbucket?ref=bauerspace.com
https://www.atlassian.com/software/bitbucket?ref=thedataplumber.net
https://www.atlassian.com/software/confluence/download/data-center?ref=ww.epicm.org
https://www.atlassian.com/software/confluence/download?ref=ww.epicm.org
https://www.atlassian.com/software/confluence/pricing.jsp?type=nonprofit
https://www.atlassian.com/software/confluence/pricing?=null&aceid=&adposition=&adgroup=104757981051&campaign=9616887781&creative=425988942434&device=c&keyword=atlassian%7Bc4c8e474a049b9e48971c42ef197d28ea54f2097f89926b43de6eef1d7752ce1%7D2Bconfluence%7Bc4c8e474a049b9e48971c42ef197d28ea54f2097f89926b43de6eef1d7752ce1%7D2Bpricing&matchtype=e&network=g&placement=&ds_kids=p52353099541&ds_e=GOOGLE&ds_eid=700000001542923&ds_e1=GOOGLE&gclid=CjwKCAiA-9uNBhBTEiwAN3IlNFpegZCC4Jx1ywBMJpMNM_mdnr1vkbhhHf08Yi7DeExNftNz1Sq2qBoCa10QAvD_BwE&gclsrc=aw.ds&tab=cloud
https://www.atlassian.com/software/confluence/pricing?type=nonprofit
https://www.atlassian.com/software/confluence/templates?&aceid=&adposition=&adgroup=138055856141&campaign=18312196240&creative=652101081821&device=c&keyword=management%20plan%20template&matchtype=b&network=g&placement=&ds_kids=p75060589127&ds_e=GOOGLE&ds_eid=700000001542923&ds_e1=GOOGLE&gclid=CjwKCAjw5pShBhB_EiwAvmnNVzV_ARQZrWwuQkKo7GDLSBdTfuf9D-q8YQ8tqtEZAfvuDZ8OYkaw1hoCBoMQAvD_BwE&gclsrc=aw.ds
https://www.atlassian.com/software/confluence?&aceid=&adposition=&adgroup=102800569569&campaign=9836568911&creative=530404538079&device=c&keyword=%2Bcontent%20%2Bediting&matchtype=b&network=g&placement=&ds_kids=p53020497593&ds_e=GOOGLE&ds_eid=700000001542923&ds_e1=GOOGLE&gclid=Cj0KCQjw3f6HBhDHARIsAD_i3D88g5DSfPm6ZyvZDQmfvA8GfQ6kAA5ywSyxFVKpDhXEtiseflB8plcaAnC3EALw_wcB&gclsrc=aw.ds
https://www.atlassian.com/software/confluence?&aceid=&adposition=&adgroup=104623522008&campaign=9616884649&creative=425988940223&device=c&keyword=confluence&matchtype=e&network=g&placement=&ds_kids=p52353080782&ds_e=GOOGLE&ds_eid=700000001542923&ds_e1=GOOGLE&gclid=Cj0KCQjw8uOWBhDXARIsAOxKJ2G0SR0TRkIeOIddSU08Xsk8YLBPoLnEuR0tfPp-ehGAlwV9uxLXtcUaAllPEALw_wcB&gclsrc=aw.ds
https://www.atlassian.com/software/confluence?&aceid=&adposition=&adgroup=116034411355&campaign=9845523720&creative=530527869251&device=c&keyword=%2Bcollaboration&matchtype=b&network=g&placement=&ds_kids=p59457062213&ds_e=GOOGLE&ds_eid=700000001542923&ds_e1=GOOGLE&gclid=Cj0KCQjw4PKTBhD8ARIsAHChzRKfHgqlo2vByYRJi7fIjFNY9jbAKGE-M4vJnpNCuMBwb92Sw9CKnq0aAl-WEALw_wcB&gclsrc=aw.ds
https://www.atlassian.com/software/confluence?&aceid=&adposition=1t1&adgroup=56762734058&campaign=1398156464&creative=301831881274&device=c&keyword=atlassian%20confluence&matchtype=e&network=g&placement=&ds_kids=p32967249689&ds_e=GOOGLE&ds_eid=700000001542923&ds_e1=GOOGLE&gclid=CjwKCAiA6vXwBRBKEiwAYE7iSzoVBZzELrwPHajLH0KN7FJ8LlHmI6GTZF1aVJpL06gUl2254KXo5RoCVNoQAvD_BwE&gclsrc=aw.ds
https://www.atlassian.com/software/confluence?&aceid=&adposition=1t1&adgroup=60884347875&campaign=1398156602&creative=301831930204&device=c&keyword=confluence&matchtype=e&network=g&placement=&ds_kids=p37600059047&ds_e=GOOGLE&ds_eid=700000001542923&ds_e1=GOOGLE&gclid=EAIaIQobChMI-o_O5sTQ4AIVBbTtCh32eQbMEAAYASAAEgLQfPD_BwE&gclsrc=aw.ds
https://www.atlassian.com/software/confluence?&aceid=&adposition=1t1&adgroup=63811193491&campaign=1508256956&creative=301790727294&device=c&keyword=software%20project%20management%20software&matchtype=b&network=g&placement=&ds_kids=p35771430764&ds_e=GOOGLE&ds_eid=700000001542923&ds_e1=GOOGLE&gclid=Cj0KCQiApbzhBRDKARIsAIvZue-IUppidd7EoPmgRtiQ0wjYnxt1bKu4tckZl5P3Aq32dKJkABJt794aAk8pEALw_wcB&gclsrc=aw.ds
https://www.atlassian.com/software/confluence?&aceid=&adposition=&adgroup=98645564346&campaign=9616887754&creative=425944358575&device=c&keyword=confluence&matchtype=e&network=g&placement=&ds_kids=p52349493654&ds_e=GOOGLE&ds_eid=700000001542923&ds_e1=GOOGLE&gclid=Cj0KCQjwm9D0BRCMARIsAIfvfIYZvN8tJGed-cpRoLr18J3ZPKcSfBpbxoYcY_fw0wFpxRq0Aiau5dcaAkMREALw_wcB&gclsrc=aw.ds
https://www.atlassian.com/software/confluence?&aceid=&adposition=&adgroup=99365804576&campaign=9616887973&creative=542665404413&device=c&keyword=%2Bconfleunce&matchtype=b&network=g&placement=&ds_kids=p52352120735&ds_e=GOOGLE&ds_eid=700000001542923&ds_e1=GOOGLE&gclid=CjwKCAjwtIaVBhBkEiwAsr7-c08vIH7FzKMmKehgdxtI3kmPWwg2JjOh0JW3ScrN7F6h-IZmwGtBJhoCW_kQAvD_BwE&gclsrc=aw.ds
https://www.atlassian.com/software/confluence?&aceid=&adposition=&adgroup=99365841496&campaign=9616888294&creative=425915415543&device=c&keyword=confluence&matchtype=e&network=g&placement=&ds_kids=p52353097996&ds_e=GOOGLE&ds_eid=700000001542923&ds_e1=GOOGLE&gclid=EAIaIQobChMIkvzx3caF8QIVe9xMAh2pBA_VEAAYASAAEgKWz_D_BwE&gclsrc=aw.ds
https://www.atlassian.com/software/confluence?&aceid=&adposition=&adgroup=99427413832&campaign=9616888075&creative=425988946760&device=c&keyword=atlassian%20confluence&matchtype=e&network=g&placement=&ds_kids=p52352124671&ds_e=GOOGLE&ds_eid=700000001542923&ds_e1=GOOGLE&gclid=CjwKCAjw_sn8BRBrEiwAnUGJDk-VWlahuIuSYtgYWQKpCOREYhUnejDl9LBvdL2lJ6HAOhmIs7n3cBoC7DgQAvD_BwE&gclsrc=aw.ds
https://www.atlassian.com/software/confluence?&aceid=&adposition=&adgroup=99427413992&campaign=9616888075&creative=542596263067&device=c&keyword=confluence&matchtype=e&network=g&placement=&ds_kids=p52352124674&ds_e=GOOGLE&ds_eid=700000001542923&ds_e1=GOOGLE&gclid=CjwKCAjw49qKBhAoEiwAHQVTo28gBoA_XjrtlgXG3BIt_-vGbpB6KiDNZrx2_OEcfRPILgr5RNQ4yBoCRsEQAvD_BwE&gclsrc=aw.ds
https://www.atlassian.com/software/confluence?&aceid=&adposition=&adgroup=99595999889&campaign=9518255230&creative=542596269337&device=c&keyword=confluence&matchtype=e&network=g&placement=&ds_kids=p51982324819&ds_e=GOOGLE&ds_eid=700000001542923&ds_e1=GOOGLE&gclid=Cj0KCQjw29CRBhCUARIsAOboZbIAnawlfIeJfKYYKt20qKSVgdS26iCgcLoljatYeO830yCq9PpvafAaAv5yEALw_wcB&gclsrc=aw.ds
https://www.atlassian.com/software/confluence?&adgroup=1305120534631385&campaign=380755084&creative=81570085574324&device=c&keyword=atlassian%20confluence&ds_k=atlassian+confluence&matchtype=e&network=s&ds_kids=p54415832683&ds_e=MICROSOFT&ds_eid=700000001721838&ds_e1=MICROSOFT&msclkid=babfae9e61a7159605bbcdc410649738&gclid=babfae9e61a7159605bbcdc410649738&gclsrc=3p.ds
https://www.atlassian.com/software/confluence?bundle=confluence&edition=free&ref=blog.sean-wright.com
https://www.atlassian.com/software/confluence?ref=andraskora.com
https://www.atlassian.com/software/confluence?ref=blog.codegiant.io
https://www.atlassian.com/software/confluence?ref=emmons.io
https://www.atlassian.com/software/confluence?ref=marketsplash.com
https://www.atlassian.com/software/confluence?ref=thedataplumber.net
https://www.atlassian.com/software/greenhopper/overview/kanban?ref=myndbend.com
https://www.atlassian.com/software/hipchat?ref=buffer.com
https://www.atlassian.com/software/hipchat?ref=frustrat.com
https://www.atlassian.com/software/jira/agile?ref=stackreaction
https://www.atlassian.com/software/jira/demo?&aceid=&adposition=&adgroup=114044490366&campaign=11849005895&creative=536314448807&device=c&keyword=build%20app&matchtype=e&network=s&placement=&ds_kids=p59464209289&ds_e=GOOGLE&ds_eid=700000001558501&ds_e1=GOOGLE&gclid=EAIaIQobChMIjP3Bhbv4-AIVWYfVCh0sbAvqEAAYASACEgJUsvD_BwE&gclsrc=aw.ds
https://www.atlassian.com/software/jira/demo?_mid=14053ab88a43fa20cd9a8e3237e51432&aceid=&adposition=1t1&adgroup=9124376422&campaign=189421462&creative=246573968521&device=c&keyword=jira%20software&matchtype=e&network=g&placement=&ds_kids=p19481712872&gclid=EAIaIQobChMIvsqH68Hu2AIVha_ICh0sYgPlEAAYASABEgI-K_D_BwE&gclsrc=aw.ds
https://www.atlassian.com/software/jira/docs/servers/jars/3.5.3/jira-jars-%3CSTRONG%3E%3CA%20href=
https://www.atlassian.com/software/jira/download/%3C%25=%20latestEnterprise.releaseNotes%20%25%3E
https://www.atlassian.com/software/jira/download/%3C%25=%20product.releaseNotes%20%25%3E
https://www.atlassian.com/software/jira/download/%3C%25=%20version.releaseNotes%20%25%3E
https://www.atlassian.com/software/jira/download/data-center?ref=epicmorg
https://www.atlassian.com/software/jira/download/data-center?ref=ww.epicm.org
https://www.atlassian.com/software/jira/download?ref=ww.epicm.org
https://www.atlassian.com/software/jira/features/roadmaps?tab=advanced
https://www.atlassian.com/software/jira/features/roadmaps?tab=basic
https://www.atlassian.com/software/jira/features?ref=zainrizvi.io
https://www.atlassian.com/software/jira/guides/getting-started/who-uses-jira?ref=hackernoon.com
https://www.atlassian.com/software/jira/guides/use-cases/what-is-jira-used-for?ref=hackernoon.com
https://www.atlassian.com/software/jira/mobile-app?ref=blog.codegiant.io
https://www.atlassian.com/software/jira/mobile-app?ref=hackernoon.com
https://www.atlassian.com/software/jira/pricing?ref=blog.codegiant.io
https://www.atlassian.com/software/jira/service-desk/pricing?tab=cloud
https://www.atlassian.com/software/jira/service-desk/pricing?tab=self-managed-new
https://www.atlassian.com/software/jira/service-management/features/service-desk?ref=stackreaction
https://www.atlassian.com/software/jira/service-management/pricing?tab=cloud
https://www.atlassian.com/software/jira/service-management/pricing?tab=self-managed-new
https://www.atlassian.com/software/jira/service-management?&aceid=&adposition=&adgroup=91059227746&campaign=9038641586&creative=486418249621&device=c&keyword=jira%20service%20desk&matchtype=e&network=g&placement=&ds_kids=p51198274322&ds_e=GOOGLE&ds_eid=700000001721198&ds_e1=GOOGLE&gclid=Cj0KCQjwktKFBhCkARIsAJeDT0jd7A179YeTY1IkbzZnct_zkv2sSqFexQwT93fESdzvbrcXi6kBtYYaAj2SEALw_wcB&gclsrc=aw.ds
https://www.atlassian.com/software/jira/service-management?ref=adservio.fr
https://www.atlassian.com/software/jira/templates?category=finance&
https://www.atlassian.com/software/jira/templates?category=sales&
https://www.atlassian.com/software/jira/templates?category=service-management&
https://www.atlassian.com/software/jira/templates?category=work-management&
https://www.atlassian.com/software/jira/templates?&search=
https://www.atlassian.com/software/jira/templates?template-bundles=customer-template-bundles&
https://www.atlassian.com/software/jira/templates?category=design
https://www.atlassian.com/software/jira/templates?category=operations
https://www.atlassian.com/software/jira?&&aceid=&&adposition=&&adgroup=93058444980&&campaign=9124878606&&creative=542638212437&&device=c&&keyword=jira&&matchtype=e&&network=g&&placement=&&ds_kids=p51242181056&&ds_e=GOOGLE&&ds_eid=700000001558501&&ds_e1=GOOGLE&&gclsrc=ds
https://www.atlassian.com/software/jira?&aceid=&adposition=&adgroup=120507720138&campaign=12529944222&creative=505791410387&device=c&keyword=scrum&matchtype=e&network=g&placement=&ds_kids=p62121693897&ds_e=GOOGLE&ds_eid=700000001558501&ds_e1=GOOGLE&gclid=CjwKCAjw7--KBhAMEiwAxfpkWEebsCcH9GgCVdSGci7NNM97coWukNpznoGCz1qflgmErand1OylsRoCnd0QAvD_BwE&gclsrc=aw.ds
https://www.atlassian.com/software/jira?&aceid=&adposition=&adgroup=140479881486&campaign=18442480203&creative=632731450258&device=c&keyword=jira&matchtype=e&network=g&placement=&ds_kids=p73335832032&ds_e=GOOGLE&ds_eid=700000001558501&ds_e1=GOOGLE&gclid=Cj0KCQiA3eGfBhCeARIsACpJNU_CYLl_cL3H4QwxoVycNS_ZPQZogvRQ6L-ij23gL9ev5LTuVQcu414aAh6jEALw_wcB&gclsrc=aw.ds
https://www.atlassian.com/software/jira?&aceid=&adposition=&adgroup=140479881486&campaign=18442480203&creative=632731450258&device=c&keyword=jira&matchtype=e&network=g&placement=&ds_kids=p73335832032&ds_e=GOOGLE&ds_eid=700000001558501&ds_e1=GOOGLE&gclid=Cj0KCQiA_bieBhDSARIsADU4zLcwZ4d-uqXr3vdPQHENYamEuxitdf3J7FbVL7FI34xo5UkJvIIoNe0aAo_EEALw_wcB&gclsrc=aw.ds
https://www.atlassian.com/software/jira?&aceid=&adposition=&adgroup=140479881486&campaign=18442480203&creative=632731450261&device=c&keyword=jira&matchtype=e&network=g&placement=&ds_kids=p73335832032&ds_e=GOOGLE&ds_eid=700000001558501&ds_e1=GOOGLE&gclid=CjwKCAiAxP2eBhBiEiwA5puhNXUgjmjC4-E3L2utodxc6o0qqvce3TU-DkL5cNSdztwhiTDS8vzpAhoCWyQQAvD_BwE&gclsrc=aw.ds
https://www.atlassian.com/software/jira?&aceid=&adposition=&adgroup=143485223644&campaign=18442427757&creative=632787643673&device=c&keyword=jira&matchtype=e&network=g&placement=&ds_kids=p73345677068&ds_e=GOOGLE&ds_eid=700000001558501&ds_e1=GOOGLE&gclid=CjwKCAiAoL6eBhA3EiwAXDom5nAH9CeAQ2BjsTZVMuO0atkZzo6JCyRGybXTM11Mzc8cybwtP4oPABoCCTQQAvD_BwE&gclsrc=aw.ds
https://www.atlassian.com/software/jira?&aceid=&adposition=&adgroup=143485223644&campaign=18442427757&creative=651996522852&device=c&keyword=jira&matchtype=e&network=g&placement=&ds_kids=p73345677068&ds_e=GOOGLE&ds_eid=700000001558501&ds_e1=GOOGLE&gclid=Cj0KCQjww4-hBhCtARIsAC9gR3ZPmjAluL9sY0ek4VBwKHWkOGuztsqFlqvsQnb7asztzbFADkv3DWkaAmejEALw_wcB&gclsrc=aw.ds
https://www.atlassian.com/software/jira?&aceid=&adposition=&adgroup=144591217916&campaign=19313277976&creative=642044761145&device=c&keyword=jira&matchtype=e&network=g&placement=&ds_kids=p74602868222&ds_e=GOOGLE&ds_eid=700000001558501&ds_e1=GOOGLE&gclid=Cj0KCQiA_P6dBhD1ARIsAAGI7HBxczxvKK3Mndc3TrLr8BckvPaXAuWpdVJe6LWXFpPpbojNCAgS7rgaAsSFEALw_wcB&gclsrc=aw.ds
https://www.atlassian.com/software/jira?&aceid=&adposition=1t1&adgroup=53291765021&campaign=1450692381&creative=377553929952&device=c&keyword=jira&matchtype=e&network=g&placement=&ds_kids=p34375792674&ds_e=GOOGLE&ds_eid=700000001558501&ds_e1=GOOGLE&gclid=CjwKCAjw_uDsBRAMEiwAaFiHa9lXv4mGcwZvR4jF4i_KsntJHQtt1o1xsFP4ytFiLCb4i2JrzuZ0NRoCodIQAvD_BwE&gclsrc=aw.ds
https://www.atlassian.com/software/jira?&aceid=&adposition=1t1&adgroup=56344301236&campaign=1440540619&creative=301800347495&device=c&keyword=jira&matchtype=b&network=g&placement=&ds_kids=p34163685147&ds_e=GOOGLE&ds_eid=700000001558501&ds_e1=GOOGLE&gclid=CjwKCAjwvuzkBRAhEiwA9E3FUtn_sWZmIfoJIvsXxJ9Ul8xpuVkmy1xIsn3MILVbVXA5vq1oJTGyZRoCZDIQAvD_BwE&gclsrc=aw.ds
https://www.atlassian.com/software/jira?&aceid=&adposition=&adgroup=56999361780&campaign=1439934479&creative=429724101024&device=c&keyword=jira&matchtype=e&network=g&placement=&ds_kids=p34164036185&ds_e=GOOGLE&ds_eid=700000001558501&ds_e1=GOOGLE&gclid=CjwKCAjw9-KTBhBcEiwAr19igyPaW2fvPfvraq1CejGBnZefhtIbRrFLWl7YSRVhbjTaWeaMe-xZExoCvHQQAvD_BwE&gclsrc=aw.ds
https://www.atlassian.com/software/jira?&aceid=&adposition=&adgroup=56999361780&campaign=1439934479&creative=542638230149&device=c&keyword=jira&matchtype=e&network=g&placement=&ds_kids=p34164036185&ds_e=GOOGLE&ds_eid=700000001558501&ds_e1=GOOGLE&gclid=Cj0KCQjw29CRBhCUARIsAOboZbJqeI285S3edSgJQ2N1J3cm3sW4IY1fb8UXw9tBSzBWl29NW0biVvQaAsVuEALw_wcB&gclsrc=aw.ds
https://www.atlassian.com/software/jira?&aceid=&adposition=1t1&adgroup=56999362060&campaign=1439934479&creative=301800205439&device=c&keyword=jira%20software&matchtype=e&network=g&placement=&ds_kids=p34164036197&ds_e=GOOGLE&ds_eid=700000001558501&ds_e1=GOOGLE&gclid=EAIaIQobChMI_cHrwpPB4QIVDeDICh0-NAmREAAYASAAEgJnAvD_BwE&gclsrc=aw.ds
https://www.atlassian.com/software/jira?&aceid=&adposition=1t1&adgroup=67758036440&campaign=1677190518&creative=325101521209&device=c&keyword=jira&matchtype=e&network=g&placement=&ds_kids=p40315611282&ds_e=GOOGLE&ds_eid=700000001558501&ds_e1=GOOGLE&gclid=EAIaIQobChMI4oG10OeS4AIVS46PCh2B6A_2EAAYASAAEgKQH_D_BwE&gclsrc=aw.ds
https://www.atlassian.com/software/jira?&aceid=&adposition=&adgroup=89541903742&campaign=9124878174&creative=415542516439&device=c&keyword=jira%20software&matchtype=e&network=g&placement=&ds_kids=p51242139362&ds_e=GOOGLE&ds_eid=700000001558501&ds_e1=GOOGLE&gclid=CjwKCAjwieuGBhAsEiwA1Ly_nZw8UZRXNRpb5kPVr1kwAsfYXob5MwHp6UtjEf65BcJE70u-I9jusBoCmQMQAvD_BwE&gclsrc=aw.ds
https://www.atlassian.com/software/jira?&aceid=&adposition=&adgroup=93058442140&campaign=9124878474&creative=524412164366&device=c&keyword=%2Bjira&matchtype=b&network=g&placement=&ds_kids=p51394849945&ds_e=GOOGLE&ds_eid=700000001558501&ds_e1=GOOGLE&gclid=CjwKCAjwtIaVBhBkEiwAsr7-c1ujrS4aTw2dTwA4L5ZbcAjhFpcQJ46esd2cGYM7fNnd47AkOtCLEBoCE18QAvD_BwE&gclsrc=aw.ds
https://www.atlassian.com/software/jira?&aceid=&adposition=&adgroup=93058444300&campaign=9124878603&creative=475726741130&device=c&keyword=jira%20software%20tool&matchtype=e&network=g&placement=&ds_kids=p51242180996&ds_e=GOOGLE&ds_eid=700000001558501&ds_e1=GOOGLE&gclid=Cj0KCQjwktKFBhCkARIsAJeDT0irN95x7Hk8WaA1bw_lVh_2ex793-bpjt5pnVooPAtVT_vru-YY34oaAnrQEALw_wcB&gclsrc=aw.ds
https://www.atlassian.com/software/jira?&aceid=&adposition=&adgroup=95003645449&campaign=9124878702&creative=475726743524&device=c&keyword=jira&matchtype=e&network=g&placement=&ds_kids=p51242189318&ds_e=GOOGLE&ds_eid=700000001558501&ds_e1=GOOGLE&gclid=Cj0KCQjwweyFBhDvARIsAA67M73FgfOAvZRfqdg8fVOT35srNa4kUdM2WE1ZUK5HnzTNVlww78nCpJIaAiR5EALw_wcB&gclsrc=aw.ds
https://www.atlassian.com/software/jira?&aceid=&adposition=&adgroup=95003645449&campaign=9124878702&creative=542638212647&device=c&keyword=jira&matchtype=e&network=g&placement=&ds_kids=p51242189318&ds_e=GOOGLE&ds_eid=700000001558501&ds_e1=GOOGLE&gclid=CjwKCAjw49qKBhAoEiwAHQVTo19-T-U9FIr9-4CO_L67VEdOJGaKlRmhdE8eiKZp1Vpi7VGRseS4gxoCQi4QAvD_BwE&gclsrc=aw.ds
https://www.atlassian.com/software/jira?&aceid=&adposition=&adgroup=95003649529&campaign=9124878840&creative=475726743785&device=c&keyword=jira%20project%20management%20tool&matchtype=e&network=g&placement=&ds_kids=p51241553166&ds_e=GOOGLE&ds_eid=700000001558501&ds_e1=GOOGLE&gclid=Cj0KCQjw5JSLBhCxARIsAHgO2ScFcHSyzuAQoVm9WejIn-UvFJECz74gI9UQwNcTkw3vapZIeUrVyXwaAgRMEALw_wcB&gclsrc=aw.ds
https://www.atlassian.com/software/jira?=undefined&aceid=&adposition=1t1&adgroup=56999361780&campaign=1439934479&creative=340052397299&device=c&keyword=jira&matchtype=e&network=g&placement=&ds_kids=p34164036185&ds_e=GOOGLE&ds_eid=700000001558501&ds_e1=GOOGLE&gclid=Cj0KCQjw0brtBRDOARIsANMDykbiqnerQzZRlvegJzYTZjtYZ02LKgvdOXz0GmkD9cKaKDXrcFUaZqsaAhaBEALw_wcB&gclsrc=aw.ds
https://www.atlassian.com/software/jira?_mid=1c81a0ff080495f086f42fd1392878ec&aceid=&adposition=1t1&adgroup=9124219462&campaign=189405382&creative=220414591135&device=c&keyword=jira&matchtype=e&network=g&placement=&ds_kids=p19481641877&gclid=EAIaIQobChMIucDz6qKt2wIVyhwrCh07FwW9EAAYASAAEgIj7fD_BwE&gclsrc=aw.ds
https://www.atlassian.com/software/jira?_mid=1c81a0ff080495f086f42fd1392878ec&aceid=&adposition=1t1&adgroup=9124219462&campaign=189405382&creative=220414591138&device=c&keyword=jira&matchtype=e&network=g&placement=&ds_kids=p19481641877&gclid=Cj0KCQjw9uHOBR
https://www.atlassian.com/software/jira?_mid=6c1563836fd5bcabd11644b5dc9be955&gclid=CJ-z_Z_aiboCFYyWtAodHxoAug
https://www.atlassian.com/software/jira?aceid=&adposition=&adgroup=141367400149&campaign=18458298143&creative=632731468525&device=c&keyword=jira&matchtype=e&network=g&placement=&ds_kids=p73363694894&ds_e=GOOGLE&ds_eid=700000001558501&ds_e1=GOOGLE&gclid=Cj0KCQiAm5ycBhCXARIsAPldzoXMnhJYj-gQOtUcDYMsv3mlgal8yvCwHozmVLEZkkKRfP0MOQ-CIqcaAl5kEALw_wcB&gclsrc=aw.ds&ref=ltpf.ramiismail.com
https://www.atlassian.com/software/jira?ref=bigeng.io
https://www.atlassian.com/software/jira?ref=blog.codegiant.io
https://www.atlassian.com/software/jira?ref=blog.ragnarson.com
https://www.atlassian.com/software/jira?ref=chriskirby.net
https://www.atlassian.com/software/jira?ref=hulry.com
https://www.atlassian.com/software/jira?ref=itschrishuerta.com
https://www.atlassian.com/software/jira?ref=kevinwilliams.dev
https://www.atlassian.com/software/jira?ref=marketsplash.com
https://www.atlassian.com/software/jira?ref=paul.wellnerbou.de
https://www.atlassian.com/software/jira?ref=pickthebrain.instinct.vet
https://www.atlassian.com/software/jira?ref=polyinnovator.space
https://www.atlassian.com/software/jira?ref=preflight.com/blog
https://www.atlassian.com/software/jira?ref=thedataplumber.net
https://www.atlassian.com/software/opsgenie/what-is-opsgenie?&aceid=&adposition=&adgroup=91087204453&campaign=9044957661&creative=413968556382&device=c&keyword=atlassian%20opsgenie&matchtype=e&network=g&placement=&ds_kids=p51207057301&ds_e=GOOGLE&ds_eid=700000001786355&ds_e1=GOOGLE&gclid=CjwKCAjw-5v7BRAmEiwAJ3DpuPsXpQ2v79PUYfj_h4YA7nhusasWiGqEQ-i2qIxhMX0V8SANdyXGLxoCkFgQAvD_BwE&gclsrc=aw.ds
https://www.atlassian.com/software/opsgenie?ref=adservio.fr
https://www.atlassian.com/software/opsgenie?ref=blakehartshorn.com
https://www.atlassian.com/software/opsgenie?ref=timescale.com
https://www.atlassian.com/software/sourcetree/overview?ref=chevtek.io
https://www.atlassian.com/software/sourcetree?ref=chevtek.io
https://www.atlassian.com/software/startups?s_kwcid=HM_Starter
https://www.atlassian.com/software/stash?ref=chriskirby.net
https://www.atlassian.com/software/statuspage?ref=companies.tools
https://www.atlassian.com/software/views/bitbucket-academic-license.jsp?ref=blog.codegiant.io
https://www.atlassian.com/software/views/bitbucket-academic-license?ref=blog.codegiant.io
https://www.atlassian.com/software?ref=frustrat.com
https://www.atlassian.com/starter/?s_kwcid=HM_Starter
https://www.atlassian.com/starter?s_kwcid=HM_Starter
https://www.atlassian.com/survey/classroom-license-request?ref=blog.codegiant.io
https://www.atlassian.com/team-playbook/plays/my-user-manual?ref=yasuhisa.com
https://www.atlassian.com/team-playbook/plays?attribute=remote&
https://www.atlassian.com/team-playbook/plays?painPoints=conflicting-priorities
https://www.atlassian.com/trust/marketplace?__hstc=72543820.b12c5995f448489398289c7522611f0e.1642089461181.1643126158263.1643211069181.15&__hssc=72543820.59.1643211069181&__hsfp=3470984470
https://www.atlassian.com/trust/marketplace?__hstc=72543820.b12c5995f448489398289c7522611f0e.1642089461181.1643126158263.1643211069181.15&__hssc=72543820.64.1643211069181&__hsfp=3470984470
https://www.atlassian.com/trust/marketplace?__hstc=72543820.b12c5995f448489398289c7522611f0e.1642089461181.1643126158263.1643211069181.15&__hssc=72543820.71.1643211069181&__hsfp=3470984470
https://www.atlassian.com/trust/marketplace?source=app-listing-badge
https://www.atlassian.com/try/cloud/signup?bundle=confluence&edition=free
https://www.atlassian.com/try/cloud/signup?bundle=confluence&edition=free
https://www.atlassian.com/try/cloud/signup?bundle=devops
https://www.atlassian.com/try/cloud/signup?bundle=jira&edition=free
https://www.atlassian.com/try/cloud/signup?bundle=jira-core-confluence&edition=free
https://www.atlassian.com/try/cloud/signup?bundle=jira-service-desk&edition=standard
https://www.atlassian.com/try/cloud/signup?bundle=jira-software&edition=free&templateId=com.pyxis.greenhopper.jira:gh-simplified-basic&continue=https%3A%2F%2Fwww.atlassian.com%2Fsoftware%2Fjira%2Ftemplates%2Fbug-tracking%3Fp%3Db818fc74-49
https://www.atlassian.com/try/cloud/signup?bundle=jira-work-management
https://www.atlassian.com/try/cloud/signup?bundle=statuspage
https://www.atlassian.com/try/cloud/signup?bundle=statuspage
https://www.atlassian.com/try/cloud/signup?product=confluence.ondemand&templateId=com.atlassian.confluence.plugins.confluence-business-blueprints:4-ls-retrospective-blueprint&edition=free&continue=https%3A%2F%2Fwww.atlassian.com%2Fteam-playbook%2Fplays%2Fchoose-your-site%3FtemplateId%3Dcom.atlassian.confluence.plugins.confluence-business-blueprints%3A4-ls-retrospective-blueprint%2526templateName%253D4%252520Ls%252520Retrospectives
https://www.atlassian.com/try/cloud/signup?product=jira-software.ondemand
https://www.atlassian.com/wac/roadmap/data-center?status=&
https://www.atlassian.com/webinars/all?tab=all
https://www.atlassian.com/work-management/knowledge-sharing/documentation/importance-of-documentation%23:~:text=Documentation%2520is%2520essential%2520to%2520quality%2520and%2520process%2520control&text=There%2520needs%2520to%2520be%2520some,finished%2520projects%2520typically%2520look%2520like.
https://www.atlassian.com/work-management/project-collaboration/brainstorming?ref=neverproductive.com
https://www.atlassian.com/work-management/strategic-planning/okrs?ref=fredperrotta.com
https://www.atlassian.com/work-management/strategic-planning/setting-goals/okrs?ref=fredperrotta.com
https://www.atlassian.com/zh/roadmap/cloud?selectedProduct=confluence
https://www.atlassian.com/zh/roadmap/cloud?tab=compliance
https://www.atlassian.com/zh/software/bamboo/%3C%25=%20product.releaseNotes%20%25%3E
https://www.atlassian.com/zh/software/bamboo/%3C%25=%20version.releaseNotes%20%25%3E
https://www.atlassian.com/zh/software/bitbucket/download/%3C%25=%20latestEnterprise.releaseNotes%20%25%3E
https://www.atlassian.com/zh/software/bitbucket/download/%3C%25=%20product.releaseNotes%20%25%3E
https://www.atlassian.com/zh/software/bitbucket/download/%3C%25=%20version.releaseNotes%20%25%3E
https://www.atlassian.com/zh/software/confluence/templates/search?term=article
https://www.atlassian.com/zh/software/jira/templates?product=jira-service-management&
https://www.atlassian.com/zh/software/pricing-calculator?tab=monthly-pricing
https://www.atlassian.com/zh/try/cloud/signup?bundle=confluence&edition=free
https://www.atlassian.com/zh/try/cloud/signup?bundle=jira-software&edition=free&templateId=com.pyxis.greenhopper.jira:gh-simplified-agility-kanban&continue=https%3A%2F%2Fwww.atlassian.com%2Fsoftware%2Fjira%2Ftemplates%2Fkanban%3Fp%3Df33049ff-19
<a href="http://net.domain.name?subid=archive.org&amp;terms=cloud%20server%20platform,google%20server%20cloud,gmail%20account">Moved Permanently</a>.
